Sender: LSF System <lsfadmin@gpu07>
Subject: Job 42173: <SC> in cluster <cluster_lsf> Done

Job <SC> was submitted from host <mgtgpu02> by user <TJXY02> in cluster <cluster_lsf> at Tue Apr  6 09:41:55 2021
Job was executed on host(s) <gpu07>, in queue <gpu>, as user <TJXY02> in cluster <cluster_lsf> at Tue Apr  6 09:41:55 2021
</nfsshare/home/TJXY02> was used as the home directory.
</nfsshare/home/TJXY02> was used as the working directory.
Started at Tue Apr  6 09:41:55 2021
Terminated at Tue Apr  6 11:39:51 2021
Results reported at Tue Apr  6 11:39:51 2021

Your job looked like:

------------------------------------------------------------
# LSBATCH: User input
#!/bin/bash

#BSUB -J SC
#BSUB -q gpu
#BSUB -gpu "num=1"
#BSUB -n 1
#BSUB -o prob1.out
#BSUB -e prob1.err

source activate pytorch
python SC.py
------------------------------------------------------------

Successfully completed.

Resource usage summary:

    CPU time :                                   7094.95 sec.
    Max Memory :                                 2368 MB
    Average Memory :                             2364.23 MB
    Total Requested Memory :                     -
    Delta Memory :                               -
    Max Swap :                                   -
    Max Processes :                              4
    Max Threads :                                8
    Run time :                                   7075 sec.
    Turnaround time :                            7076 sec.

The output (if any) follows:

Starting epoch 1 / 200
Got 1192 / 5000 correct (23.84)
Starting epoch 2 / 200
Got 1763 / 5000 correct (35.26)
Starting epoch 3 / 200
Got 2352 / 5000 correct (47.04)
Starting epoch 4 / 200
Got 2519 / 5000 correct (50.38)
Starting epoch 5 / 200
Got 2968 / 5000 correct (59.36)
Starting epoch 6 / 200
Got 3091 / 5000 correct (61.82)
Starting epoch 7 / 200
Got 3122 / 5000 correct (62.44)
Starting epoch 8 / 200
Got 3424 / 5000 correct (68.48)
Starting epoch 9 / 200
Got 3565 / 5000 correct (71.30)
Starting epoch 10 / 200
Got 3552 / 5000 correct (71.04)
Starting epoch 11 / 200
Got 3736 / 5000 correct (74.72)
Starting epoch 12 / 200
Got 3869 / 5000 correct (77.38)
Starting epoch 13 / 200
Got 3913 / 5000 correct (78.26)
Starting epoch 14 / 200
Got 3890 / 5000 correct (77.80)
Starting epoch 15 / 200
Got 4021 / 5000 correct (80.42)
Starting epoch 16 / 200
Got 4020 / 5000 correct (80.40)
Starting epoch 17 / 200
Got 4019 / 5000 correct (80.38)
Starting epoch 18 / 200
Got 4107 / 5000 correct (82.14)
Starting epoch 19 / 200
Got 4147 / 5000 correct (82.94)
Starting epoch 20 / 200
Got 4159 / 5000 correct (83.18)
Starting epoch 21 / 200
Got 4147 / 5000 correct (82.94)
Starting epoch 22 / 200
Got 4197 / 5000 correct (83.94)
Starting epoch 23 / 200
Got 4164 / 5000 correct (83.28)
Starting epoch 24 / 200
Got 4213 / 5000 correct (84.26)
Starting epoch 25 / 200
Got 4281 / 5000 correct (85.62)
Starting epoch 26 / 200
Got 4268 / 5000 correct (85.36)
Starting epoch 27 / 200
Got 4289 / 5000 correct (85.78)
Starting epoch 28 / 200
Got 4286 / 5000 correct (85.72)
Starting epoch 29 / 200
Got 4274 / 5000 correct (85.48)
Starting epoch 30 / 200
Got 4295 / 5000 correct (85.90)
Starting epoch 31 / 200
Got 4306 / 5000 correct (86.12)
Starting epoch 32 / 200
Got 4307 / 5000 correct (86.14)
Starting epoch 33 / 200
Got 4288 / 5000 correct (85.76)
Starting epoch 34 / 200
Got 4276 / 5000 correct (85.52)
Starting epoch 35 / 200
Got 4318 / 5000 correct (86.36)
Starting epoch 36 / 200
Got 4301 / 5000 correct (86.02)
Starting epoch 37 / 200
Got 4350 / 5000 correct (87.00)
Starting epoch 38 / 200
Got 4373 / 5000 correct (87.46)
Starting epoch 39 / 200
Got 4320 / 5000 correct (86.40)
Starting epoch 40 / 200
Got 4378 / 5000 correct (87.56)
Starting epoch 41 / 200
Got 4365 / 5000 correct (87.30)
Starting epoch 42 / 200
Got 4344 / 5000 correct (86.88)
Starting epoch 43 / 200
Got 4325 / 5000 correct (86.50)
Starting epoch 44 / 200
Got 4378 / 5000 correct (87.56)
Starting epoch 45 / 200
Got 4347 / 5000 correct (86.94)
Starting epoch 46 / 200
Got 4422 / 5000 correct (88.44)
Starting epoch 47 / 200
Got 4376 / 5000 correct (87.52)
Starting epoch 48 / 200
Got 4390 / 5000 correct (87.80)
Starting epoch 49 / 200
Got 4343 / 5000 correct (86.86)
Starting epoch 50 / 200
Got 4405 / 5000 correct (88.10)
Starting epoch 51 / 200
Got 4426 / 5000 correct (88.52)
Starting epoch 52 / 200
Got 4387 / 5000 correct (87.74)
Starting epoch 53 / 200
Got 4359 / 5000 correct (87.18)
Starting epoch 54 / 200
Got 4346 / 5000 correct (86.92)
Starting epoch 55 / 200
Got 4351 / 5000 correct (87.02)
Starting epoch 56 / 200
Got 4399 / 5000 correct (87.98)
Starting epoch 57 / 200
Got 4412 / 5000 correct (88.24)
Starting epoch 58 / 200
Got 4405 / 5000 correct (88.10)
Starting epoch 59 / 200
Got 4413 / 5000 correct (88.26)
Starting epoch 60 / 200
Got 4390 / 5000 correct (87.80)
Starting epoch 61 / 200
Got 4401 / 5000 correct (88.02)
Starting epoch 62 / 200
Got 4460 / 5000 correct (89.20)
Starting epoch 63 / 200
Got 4451 / 5000 correct (89.02)
Starting epoch 64 / 200
Got 4390 / 5000 correct (87.80)
Starting epoch 65 / 200
Got 4447 / 5000 correct (88.94)
Starting epoch 66 / 200
Got 4419 / 5000 correct (88.38)
Starting epoch 67 / 200
Got 4419 / 5000 correct (88.38)
Starting epoch 68 / 200
Got 4368 / 5000 correct (87.36)
Starting epoch 69 / 200
Got 4415 / 5000 correct (88.30)
Starting epoch 70 / 200
Got 4386 / 5000 correct (87.72)
Starting epoch 71 / 200
Got 4417 / 5000 correct (88.34)
Starting epoch 72 / 200
Got 4478 / 5000 correct (89.56)
Starting epoch 73 / 200
Got 4416 / 5000 correct (88.32)
Starting epoch 74 / 200
Got 4462 / 5000 correct (89.24)
Starting epoch 75 / 200
Got 4409 / 5000 correct (88.18)
Starting epoch 76 / 200
Got 4464 / 5000 correct (89.28)
Starting epoch 77 / 200
Got 4455 / 5000 correct (89.10)
Starting epoch 78 / 200
Got 4419 / 5000 correct (88.38)
Starting epoch 79 / 200
Got 4398 / 5000 correct (87.96)
Starting epoch 80 / 200
Got 4444 / 5000 correct (88.88)
Starting epoch 81 / 200
Got 4448 / 5000 correct (88.96)
Starting epoch 82 / 200
Got 4459 / 5000 correct (89.18)
Starting epoch 83 / 200
Got 4468 / 5000 correct (89.36)
Starting epoch 84 / 200
Got 4425 / 5000 correct (88.50)
Starting epoch 85 / 200
Got 4449 / 5000 correct (88.98)
Starting epoch 86 / 200
Got 4407 / 5000 correct (88.14)
Starting epoch 87 / 200
Got 4404 / 5000 correct (88.08)
Starting epoch 88 / 200
Got 4451 / 5000 correct (89.02)
Starting epoch 89 / 200
Got 4428 / 5000 correct (88.56)
Starting epoch 90 / 200
Got 4406 / 5000 correct (88.12)
Starting epoch 91 / 200
Got 4455 / 5000 correct (89.10)
Starting epoch 92 / 200
Got 4422 / 5000 correct (88.44)
Starting epoch 93 / 200
Got 4390 / 5000 correct (87.80)
Starting epoch 94 / 200
Got 4458 / 5000 correct (89.16)
Starting epoch 95 / 200
Got 4458 / 5000 correct (89.16)
Starting epoch 96 / 200
Got 4451 / 5000 correct (89.02)
Starting epoch 97 / 200
Got 4420 / 5000 correct (88.40)
Starting epoch 98 / 200
Got 4452 / 5000 correct (89.04)
Starting epoch 99 / 200
Got 4431 / 5000 correct (88.62)
Starting epoch 100 / 200
Got 4462 / 5000 correct (89.24)
Starting epoch 101 / 200
Got 4573 / 5000 correct (91.46)
Starting epoch 102 / 200
Got 4590 / 5000 correct (91.80)
Starting epoch 103 / 200
Got 4599 / 5000 correct (91.98)
Starting epoch 104 / 200
Got 4610 / 5000 correct (92.20)
Starting epoch 105 / 200
Got 4606 / 5000 correct (92.12)
Starting epoch 106 / 200
Got 4601 / 5000 correct (92.02)
Starting epoch 107 / 200
Got 4606 / 5000 correct (92.12)
Starting epoch 108 / 200
Got 4601 / 5000 correct (92.02)
Starting epoch 109 / 200
Got 4594 / 5000 correct (91.88)
Starting epoch 110 / 200
Got 4607 / 5000 correct (92.14)
Starting epoch 111 / 200
Got 4610 / 5000 correct (92.20)
Starting epoch 112 / 200
Got 4608 / 5000 correct (92.16)
Starting epoch 113 / 200
Got 4626 / 5000 correct (92.52)
Starting epoch 114 / 200
Got 4600 / 5000 correct (92.00)
Starting epoch 115 / 200
Got 4610 / 5000 correct (92.20)
Starting epoch 116 / 200
Got 4615 / 5000 correct (92.30)
Starting epoch 117 / 200
Got 4603 / 5000 correct (92.06)
Starting epoch 118 / 200
Got 4605 / 5000 correct (92.10)
Starting epoch 119 / 200
Got 4616 / 5000 correct (92.32)
Starting epoch 120 / 200
Got 4613 / 5000 correct (92.26)
Starting epoch 121 / 200
Got 4613 / 5000 correct (92.26)
Starting epoch 122 / 200
Got 4607 / 5000 correct (92.14)
Starting epoch 123 / 200
Got 4605 / 5000 correct (92.10)
Starting epoch 124 / 200
Got 4613 / 5000 correct (92.26)
Starting epoch 125 / 200
Got 4614 / 5000 correct (92.28)
Starting epoch 126 / 200
Got 4615 / 5000 correct (92.30)
Starting epoch 127 / 200
Got 4618 / 5000 correct (92.36)
Starting epoch 128 / 200
Got 4623 / 5000 correct (92.46)
Starting epoch 129 / 200
Got 4624 / 5000 correct (92.48)
Starting epoch 130 / 200
Got 4594 / 5000 correct (91.88)
Starting epoch 131 / 200
Got 4604 / 5000 correct (92.08)
Starting epoch 132 / 200
Got 4615 / 5000 correct (92.30)
Starting epoch 133 / 200
Got 4605 / 5000 correct (92.10)
Starting epoch 134 / 200
Got 4617 / 5000 correct (92.34)
Starting epoch 135 / 200
Got 4617 / 5000 correct (92.34)
Starting epoch 136 / 200
Got 4615 / 5000 correct (92.30)
Starting epoch 137 / 200
Got 4600 / 5000 correct (92.00)
Starting epoch 138 / 200
Got 4601 / 5000 correct (92.02)
Starting epoch 139 / 200
Got 4625 / 5000 correct (92.50)
Starting epoch 140 / 200
Got 4638 / 5000 correct (92.76)
Starting epoch 141 / 200
Got 4624 / 5000 correct (92.48)
Starting epoch 142 / 200
Got 4624 / 5000 correct (92.48)
Starting epoch 143 / 200
Got 4627 / 5000 correct (92.54)
Starting epoch 144 / 200
Got 4627 / 5000 correct (92.54)
Starting epoch 145 / 200
Got 4629 / 5000 correct (92.58)
Starting epoch 146 / 200
Got 4621 / 5000 correct (92.42)
Starting epoch 147 / 200
Got 4620 / 5000 correct (92.40)
Starting epoch 148 / 200
Got 4616 / 5000 correct (92.32)
Starting epoch 149 / 200
Got 4631 / 5000 correct (92.62)
Starting epoch 150 / 200
Got 4620 / 5000 correct (92.40)
Starting epoch 151 / 200
Got 4623 / 5000 correct (92.46)
Starting epoch 152 / 200
Got 4624 / 5000 correct (92.48)
Starting epoch 153 / 200
Got 4623 / 5000 correct (92.46)
Starting epoch 154 / 200
Got 4630 / 5000 correct (92.60)
Starting epoch 155 / 200
Got 4626 / 5000 correct (92.52)
Starting epoch 156 / 200
Got 4627 / 5000 correct (92.54)
Starting epoch 157 / 200
Got 4633 / 5000 correct (92.66)
Starting epoch 158 / 200
Got 4628 / 5000 correct (92.56)
Starting epoch 159 / 200
Got 4627 / 5000 correct (92.54)
Starting epoch 160 / 200
Got 4631 / 5000 correct (92.62)
Starting epoch 161 / 200
Got 4626 / 5000 correct (92.52)
Starting epoch 162 / 200
Got 4626 / 5000 correct (92.52)
Starting epoch 163 / 200
Got 4626 / 5000 correct (92.52)
Starting epoch 164 / 200
Got 4627 / 5000 correct (92.54)
Starting epoch 165 / 200
Got 4618 / 5000 correct (92.36)
Starting epoch 166 / 200
Got 4622 / 5000 correct (92.44)
Starting epoch 167 / 200
Got 4632 / 5000 correct (92.64)
Starting epoch 168 / 200
Got 4631 / 5000 correct (92.62)
Starting epoch 169 / 200
Got 4637 / 5000 correct (92.74)
Starting epoch 170 / 200
Got 4637 / 5000 correct (92.74)
Starting epoch 171 / 200
Got 4636 / 5000 correct (92.72)
Starting epoch 172 / 200
Got 4637 / 5000 correct (92.74)
Starting epoch 173 / 200
Got 4632 / 5000 correct (92.64)
Starting epoch 174 / 200
Got 4632 / 5000 correct (92.64)
Starting epoch 175 / 200
Got 4629 / 5000 correct (92.58)
Starting epoch 176 / 200
Got 4630 / 5000 correct (92.60)
Starting epoch 177 / 200
Got 4629 / 5000 correct (92.58)
Starting epoch 178 / 200
Got 4632 / 5000 correct (92.64)
Starting epoch 179 / 200
Got 4626 / 5000 correct (92.52)
Starting epoch 180 / 200
Got 4629 / 5000 correct (92.58)
Starting epoch 181 / 200
Got 4624 / 5000 correct (92.48)
Starting epoch 182 / 200
Got 4627 / 5000 correct (92.54)
Starting epoch 183 / 200
Got 4626 / 5000 correct (92.52)
Starting epoch 184 / 200
Got 4629 / 5000 correct (92.58)
Starting epoch 185 / 200
Got 4630 / 5000 correct (92.60)
Starting epoch 186 / 200
Got 4628 / 5000 correct (92.56)
Starting epoch 187 / 200
Got 4628 / 5000 correct (92.56)
Starting epoch 188 / 200
Got 4630 / 5000 correct (92.60)
Starting epoch 189 / 200
Got 4633 / 5000 correct (92.66)
Starting epoch 190 / 200
Got 4631 / 5000 correct (92.62)
Starting epoch 191 / 200
Got 4634 / 5000 correct (92.68)
Starting epoch 192 / 200
Got 4629 / 5000 correct (92.58)
Starting epoch 193 / 200
Got 4628 / 5000 correct (92.56)
Starting epoch 194 / 200
Got 4625 / 5000 correct (92.50)
Starting epoch 195 / 200
Got 4629 / 5000 correct (92.58)
Starting epoch 196 / 200
Got 4632 / 5000 correct (92.64)
Starting epoch 197 / 200
Got 4631 / 5000 correct (92.62)
Starting epoch 198 / 200
Got 4630 / 5000 correct (92.60)
Starting epoch 199 / 200
Got 4631 / 5000 correct (92.62)
Starting epoch 200 / 200
Got 4633 / 5000 correct (92.66)
SC20_8*16d_0.2 Final test accuracy:
Got 9256 / 10000 correct (92.56)


PS:

Read file <prob1.err> for stderr output of this job.

