Sender: LSF System <lsfadmin@gpu02>
Subject: Job 41309: <ResNeXt> in cluster <cluster_lsf> Exited

Job <ResNeXt> was submitted from host <mgtgpu02> by user <TJXY02> in cluster <cluster_lsf> at Mon Mar 22 17:50:02 2021
Job was executed on host(s) <gpu02>, in queue <gpu>, as user <TJXY02> in cluster <cluster_lsf> at Mon Mar 22 17:50:02 2021
</nfsshare/home/TJXY02> was used as the home directory.
</nfsshare/home/TJXY02> was used as the working directory.
Started at Mon Mar 22 17:50:02 2021
Terminated at Tue Mar 23 02:21:14 2021
Results reported at Tue Mar 23 02:21:14 2021

Your job looked like:

------------------------------------------------------------
# LSBATCH: User input
#!/bin/bash

#BSUB -J ResNeXt
#BSUB -q gpu
#BSUB -gpu "num=1"
#BSUB -n 1
#BSUB -o ResNeXt.out
#BSUB -e ResNeXt.err

source activate pytorch
python resnext.py
------------------------------------------------------------

Exited with exit code 1.

Resource usage summary:

    CPU time :                                   30763.78 sec.
    Max Memory :                                 2564 MB
    Average Memory :                             2412.62 MB
    Total Requested Memory :                     -
    Delta Memory :                               -
    Max Swap :                                   -
    Max Processes :                              4
    Max Threads :                                8
    Run time :                                   30671 sec.
    Turnaround time :                            30672 sec.

The output (if any) follows:

Starting epoch 1 / 300
Got 2266 / 5000 correct (45.32)
Starting epoch 2 / 300
Got 3005 / 5000 correct (60.10)
Starting epoch 3 / 300
Got 3336 / 5000 correct (66.72)
Starting epoch 4 / 300
Got 3597 / 5000 correct (71.94)
Starting epoch 5 / 300
Got 3727 / 5000 correct (74.54)
Starting epoch 6 / 300
Got 3762 / 5000 correct (75.24)
Starting epoch 7 / 300
Got 3819 / 5000 correct (76.38)
Starting epoch 8 / 300
Got 3930 / 5000 correct (78.60)
Starting epoch 9 / 300
Got 3975 / 5000 correct (79.50)
Starting epoch 10 / 300
Got 4034 / 5000 correct (80.68)
Starting epoch 11 / 300
Got 4024 / 5000 correct (80.48)
Starting epoch 12 / 300
Got 4030 / 5000 correct (80.60)
Starting epoch 13 / 300
Got 4047 / 5000 correct (80.94)
Starting epoch 14 / 300
Got 4096 / 5000 correct (81.92)
Starting epoch 15 / 300
Got 4087 / 5000 correct (81.74)
Starting epoch 16 / 300
Got 4126 / 5000 correct (82.52)
Starting epoch 17 / 300
Got 4124 / 5000 correct (82.48)
Starting epoch 18 / 300
Got 4146 / 5000 correct (82.92)
Starting epoch 19 / 300
Got 4104 / 5000 correct (82.08)
Starting epoch 20 / 300
Got 4142 / 5000 correct (82.84)
Starting epoch 21 / 300
Got 4161 / 5000 correct (83.22)
Starting epoch 22 / 300
Got 4170 / 5000 correct (83.40)
Starting epoch 23 / 300
Got 4194 / 5000 correct (83.88)
Starting epoch 24 / 300
Got 4187 / 5000 correct (83.74)
Starting epoch 25 / 300
Got 4154 / 5000 correct (83.08)
Starting epoch 26 / 300
Got 4111 / 5000 correct (82.22)
Starting epoch 27 / 300
Got 4128 / 5000 correct (82.56)
Starting epoch 28 / 300
Got 4191 / 5000 correct (83.82)
Starting epoch 29 / 300
Got 4163 / 5000 correct (83.26)
Starting epoch 30 / 300
Got 4257 / 5000 correct (85.14)
Starting epoch 31 / 300
Got 4228 / 5000 correct (84.56)
Starting epoch 32 / 300
Got 4205 / 5000 correct (84.10)
Starting epoch 33 / 300
Got 4157 / 5000 correct (83.14)
Starting epoch 34 / 300
Got 4259 / 5000 correct (85.18)
Starting epoch 35 / 300
Got 4197 / 5000 correct (83.94)
Starting epoch 36 / 300
Got 4221 / 5000 correct (84.42)
Starting epoch 37 / 300
Got 4183 / 5000 correct (83.66)
Starting epoch 38 / 300
Got 4143 / 5000 correct (82.86)
Starting epoch 39 / 300
Got 4182 / 5000 correct (83.64)
Starting epoch 40 / 300
Got 4218 / 5000 correct (84.36)
Starting epoch 41 / 300
Got 4266 / 5000 correct (85.32)
Starting epoch 42 / 300
Got 4215 / 5000 correct (84.30)
Starting epoch 43 / 300
Got 4194 / 5000 correct (83.88)
Starting epoch 44 / 300
Got 4202 / 5000 correct (84.04)
Starting epoch 45 / 300
Got 4216 / 5000 correct (84.32)
Starting epoch 46 / 300
Got 4182 / 5000 correct (83.64)
Starting epoch 47 / 300
Got 4215 / 5000 correct (84.30)
Starting epoch 48 / 300
Got 4295 / 5000 correct (85.90)
Starting epoch 49 / 300
Got 4271 / 5000 correct (85.42)
Starting epoch 50 / 300
Got 4266 / 5000 correct (85.32)
Starting epoch 51 / 300
Got 4208 / 5000 correct (84.16)
Starting epoch 52 / 300
Got 4266 / 5000 correct (85.32)
Starting epoch 53 / 300
Got 4249 / 5000 correct (84.98)
Starting epoch 54 / 300
Got 4214 / 5000 correct (84.28)
Starting epoch 55 / 300
Got 4206 / 5000 correct (84.12)
Starting epoch 56 / 300
Got 4158 / 5000 correct (83.16)
Starting epoch 57 / 300
Got 4216 / 5000 correct (84.32)
Starting epoch 58 / 300
Got 4203 / 5000 correct (84.06)
Starting epoch 59 / 300
Got 4255 / 5000 correct (85.10)
Starting epoch 60 / 300
Got 4203 / 5000 correct (84.06)
Starting epoch 61 / 300
Got 4227 / 5000 correct (84.54)
Starting epoch 62 / 300
Got 4274 / 5000 correct (85.48)
Starting epoch 63 / 300
Got 4240 / 5000 correct (84.80)
Starting epoch 64 / 300
Got 4255 / 5000 correct (85.10)
Starting epoch 65 / 300
Got 4217 / 5000 correct (84.34)
Starting epoch 66 / 300
Got 4244 / 5000 correct (84.88)
Starting epoch 67 / 300
Got 4283 / 5000 correct (85.66)
Starting epoch 68 / 300
Got 4264 / 5000 correct (85.28)
Starting epoch 69 / 300
Got 4279 / 5000 correct (85.58)
Starting epoch 70 / 300
Got 4235 / 5000 correct (84.70)
Starting epoch 71 / 300
Got 4261 / 5000 correct (85.22)
Starting epoch 72 / 300
Got 4259 / 5000 correct (85.18)
Starting epoch 73 / 300
Got 4247 / 5000 correct (84.94)
Starting epoch 74 / 300
Got 4208 / 5000 correct (84.16)
Starting epoch 75 / 300
Got 4246 / 5000 correct (84.92)
Starting epoch 76 / 300
Got 4246 / 5000 correct (84.92)
Starting epoch 77 / 300
Got 4227 / 5000 correct (84.54)
Starting epoch 78 / 300
Got 4214 / 5000 correct (84.28)
Starting epoch 79 / 300
Got 4260 / 5000 correct (85.20)
Starting epoch 80 / 300
Got 4262 / 5000 correct (85.24)
Starting epoch 81 / 300
Got 4272 / 5000 correct (85.44)
Starting epoch 82 / 300
Got 4220 / 5000 correct (84.40)
Starting epoch 83 / 300
Got 4193 / 5000 correct (83.86)
Starting epoch 84 / 300
Got 4243 / 5000 correct (84.86)
Starting epoch 85 / 300
Got 4233 / 5000 correct (84.66)
Starting epoch 86 / 300
Got 4253 / 5000 correct (85.06)
Starting epoch 87 / 300
Got 4230 / 5000 correct (84.60)
Starting epoch 88 / 300
Got 4264 / 5000 correct (85.28)
Starting epoch 89 / 300
Got 4249 / 5000 correct (84.98)
Starting epoch 90 / 300
Got 4304 / 5000 correct (86.08)
Starting epoch 91 / 300
Got 4228 / 5000 correct (84.56)
Starting epoch 92 / 300
Got 4247 / 5000 correct (84.94)
Starting epoch 93 / 300
Got 4274 / 5000 correct (85.48)
Starting epoch 94 / 300
Got 4263 / 5000 correct (85.26)
Starting epoch 95 / 300
Got 4253 / 5000 correct (85.06)
Starting epoch 96 / 300
Got 4217 / 5000 correct (84.34)
Starting epoch 97 / 300
Got 4251 / 5000 correct (85.02)
Starting epoch 98 / 300
Got 4291 / 5000 correct (85.82)
Starting epoch 99 / 300
Got 4215 / 5000 correct (84.30)
Starting epoch 100 / 300
Got 4186 / 5000 correct (83.72)
Starting epoch 101 / 300
Got 4253 / 5000 correct (85.06)
Starting epoch 102 / 300
Got 4277 / 5000 correct (85.54)
Starting epoch 103 / 300
Got 4253 / 5000 correct (85.06)
Starting epoch 104 / 300
Got 4251 / 5000 correct (85.02)
Starting epoch 105 / 300
Got 4216 / 5000 correct (84.32)
Starting epoch 106 / 300
Got 4266 / 5000 correct (85.32)
Starting epoch 107 / 300
Got 4236 / 5000 correct (84.72)
Starting epoch 108 / 300
Got 4301 / 5000 correct (86.02)
Starting epoch 109 / 300
Got 4274 / 5000 correct (85.48)
Starting epoch 110 / 300
Got 4188 / 5000 correct (83.76)
Starting epoch 111 / 300
Got 4206 / 5000 correct (84.12)
Starting epoch 112 / 300
Got 4266 / 5000 correct (85.32)
Starting epoch 113 / 300
Got 4250 / 5000 correct (85.00)
Starting epoch 114 / 300
Got 4269 / 5000 correct (85.38)
Starting epoch 115 / 300
Got 4226 / 5000 correct (84.52)
Starting epoch 116 / 300
Got 4253 / 5000 correct (85.06)
Starting epoch 117 / 300
Got 4281 / 5000 correct (85.62)
Starting epoch 118 / 300
Got 4210 / 5000 correct (84.20)
Starting epoch 119 / 300
Got 4209 / 5000 correct (84.18)
Starting epoch 120 / 300
Got 4278 / 5000 correct (85.56)
Starting epoch 121 / 300
Got 4232 / 5000 correct (84.64)
Starting epoch 122 / 300
Got 4245 / 5000 correct (84.90)
Starting epoch 123 / 300
Got 4220 / 5000 correct (84.40)
Starting epoch 124 / 300
Got 4214 / 5000 correct (84.28)
Starting epoch 125 / 300
Got 4234 / 5000 correct (84.68)
Starting epoch 126 / 300
Got 4221 / 5000 correct (84.42)
Starting epoch 127 / 300
Got 4180 / 5000 correct (83.60)
Starting epoch 128 / 300
Got 4185 / 5000 correct (83.70)
Starting epoch 129 / 300
Got 4272 / 5000 correct (85.44)
Starting epoch 130 / 300
Got 4221 / 5000 correct (84.42)
Starting epoch 131 / 300
Got 4242 / 5000 correct (84.84)
Starting epoch 132 / 300
Got 4232 / 5000 correct (84.64)
Starting epoch 133 / 300
Got 4270 / 5000 correct (85.40)
Starting epoch 134 / 300
Got 4176 / 5000 correct (83.52)
Starting epoch 135 / 300
Got 4235 / 5000 correct (84.70)
Starting epoch 136 / 300
Got 4254 / 5000 correct (85.08)
Starting epoch 137 / 300
Got 4232 / 5000 correct (84.64)
Starting epoch 138 / 300
Got 4256 / 5000 correct (85.12)
Starting epoch 139 / 300
Got 4231 / 5000 correct (84.62)
Starting epoch 140 / 300
Got 4254 / 5000 correct (85.08)
Starting epoch 141 / 300
Got 4196 / 5000 correct (83.92)
Starting epoch 142 / 300
Got 4224 / 5000 correct (84.48)
Starting epoch 143 / 300
Got 4168 / 5000 correct (83.36)
Starting epoch 144 / 300
Got 4194 / 5000 correct (83.88)
Starting epoch 145 / 300
Got 4246 / 5000 correct (84.92)
Starting epoch 146 / 300
Got 4229 / 5000 correct (84.58)
Starting epoch 147 / 300
Got 4185 / 5000 correct (83.70)
Starting epoch 148 / 300
Got 4239 / 5000 correct (84.78)
Starting epoch 149 / 300
Got 4240 / 5000 correct (84.80)
Starting epoch 150 / 300
Got 4198 / 5000 correct (83.96)
Starting epoch 151 / 300
Got 4370 / 5000 correct (87.40)
Starting epoch 152 / 300
Got 4389 / 5000 correct (87.78)
Starting epoch 153 / 300
Got 4382 / 5000 correct (87.64)
Starting epoch 154 / 300
Got 4389 / 5000 correct (87.78)
Starting epoch 155 / 300
Got 4379 / 5000 correct (87.58)
Starting epoch 156 / 300
Got 4378 / 5000 correct (87.56)
Starting epoch 157 / 300
Got 4379 / 5000 correct (87.58)
Starting epoch 158 / 300
Got 4364 / 5000 correct (87.28)
Starting epoch 159 / 300
Got 4364 / 5000 correct (87.28)
Starting epoch 160 / 300
Got 4365 / 5000 correct (87.30)
Starting epoch 161 / 300
Got 4358 / 5000 correct (87.16)
Starting epoch 162 / 300
Got 4378 / 5000 correct (87.56)
Starting epoch 163 / 300
Got 4365 / 5000 correct (87.30)
Starting epoch 164 / 300
Got 4365 / 5000 correct (87.30)
Starting epoch 165 / 300
Got 4356 / 5000 correct (87.12)
Starting epoch 166 / 300
Got 4369 / 5000 correct (87.38)
Starting epoch 167 / 300
Got 4377 / 5000 correct (87.54)
Starting epoch 168 / 300
Got 4383 / 5000 correct (87.66)
Starting epoch 169 / 300
Got 4374 / 5000 correct (87.48)
Starting epoch 170 / 300
Got 4372 / 5000 correct (87.44)
Starting epoch 171 / 300
Got 4382 / 5000 correct (87.64)
Starting epoch 172 / 300
Got 4371 / 5000 correct (87.42)
Starting epoch 173 / 300
Got 4383 / 5000 correct (87.66)
Starting epoch 174 / 300
Got 4371 / 5000 correct (87.42)
Starting epoch 175 / 300
Got 4378 / 5000 correct (87.56)
Starting epoch 176 / 300
Got 4376 / 5000 correct (87.52)
Starting epoch 177 / 300
Got 4358 / 5000 correct (87.16)
Starting epoch 178 / 300
Got 4354 / 5000 correct (87.08)
Starting epoch 179 / 300
Got 4367 / 5000 correct (87.34)
Starting epoch 180 / 300
Got 4347 / 5000 correct (86.94)
Starting epoch 181 / 300
Got 4359 / 5000 correct (87.18)
Starting epoch 182 / 300
Got 4360 / 5000 correct (87.20)
Starting epoch 183 / 300
Got 4349 / 5000 correct (86.98)
Starting epoch 184 / 300
Got 4352 / 5000 correct (87.04)
Starting epoch 185 / 300
Got 4342 / 5000 correct (86.84)
Starting epoch 186 / 300
Got 4355 / 5000 correct (87.10)
Starting epoch 187 / 300
Got 4355 / 5000 correct (87.10)
Starting epoch 188 / 300
Got 4364 / 5000 correct (87.28)
Starting epoch 189 / 300
Got 4374 / 5000 correct (87.48)
Starting epoch 190 / 300
Got 4373 / 5000 correct (87.46)
Starting epoch 191 / 300
Got 4377 / 5000 correct (87.54)
Starting epoch 192 / 300
Got 4359 / 5000 correct (87.18)
Starting epoch 193 / 300
Got 4358 / 5000 correct (87.16)
Starting epoch 194 / 300
Got 4360 / 5000 correct (87.20)
Starting epoch 195 / 300
Got 4380 / 5000 correct (87.60)
Starting epoch 196 / 300
Got 4366 / 5000 correct (87.32)
Starting epoch 197 / 300
Got 4342 / 5000 correct (86.84)
Starting epoch 198 / 300
Got 4350 / 5000 correct (87.00)
Starting epoch 199 / 300
Got 4340 / 5000 correct (86.80)
Starting epoch 200 / 300
Got 4345 / 5000 correct (86.90)
Starting epoch 201 / 300
Got 4354 / 5000 correct (87.08)
Starting epoch 202 / 300
Got 4347 / 5000 correct (86.94)
Starting epoch 203 / 300
Got 4356 / 5000 correct (87.12)
Starting epoch 204 / 300
Got 4358 / 5000 correct (87.16)
Starting epoch 205 / 300
Got 4350 / 5000 correct (87.00)
Starting epoch 206 / 300
Got 4343 / 5000 correct (86.86)
Starting epoch 207 / 300
Got 4321 / 5000 correct (86.42)
Starting epoch 208 / 300
Got 4344 / 5000 correct (86.88)
Starting epoch 209 / 300
Got 4349 / 5000 correct (86.98)
Starting epoch 210 / 300
Got 4340 / 5000 correct (86.80)
Starting epoch 211 / 300
Got 4341 / 5000 correct (86.82)
Starting epoch 212 / 300
Got 4342 / 5000 correct (86.84)
Starting epoch 213 / 300
Got 4345 / 5000 correct (86.90)
Starting epoch 214 / 300
Got 4340 / 5000 correct (86.80)
Starting epoch 215 / 300
Got 4361 / 5000 correct (87.22)
Starting epoch 216 / 300
Got 4339 / 5000 correct (86.78)
Starting epoch 217 / 300
Got 4331 / 5000 correct (86.62)
Starting epoch 218 / 300
Got 4331 / 5000 correct (86.62)
Starting epoch 219 / 300
Got 4350 / 5000 correct (87.00)
Starting epoch 220 / 300
Got 4365 / 5000 correct (87.30)
Starting epoch 221 / 300
Got 4326 / 5000 correct (86.52)
Starting epoch 222 / 300
Got 4330 / 5000 correct (86.60)
Starting epoch 223 / 300
Got 4325 / 5000 correct (86.50)
Starting epoch 224 / 300
Got 4350 / 5000 correct (87.00)
Starting epoch 225 / 300
Got 4336 / 5000 correct (86.72)
Starting epoch 226 / 300
Got 4332 / 5000 correct (86.64)
Starting epoch 227 / 300
Got 4341 / 5000 correct (86.82)
Starting epoch 228 / 300
Got 4348 / 5000 correct (86.96)
Starting epoch 229 / 300
Got 4348 / 5000 correct (86.96)
Starting epoch 230 / 300
Got 4346 / 5000 correct (86.92)
Starting epoch 231 / 300
Got 4353 / 5000 correct (87.06)
Starting epoch 232 / 300
Got 4359 / 5000 correct (87.18)
Starting epoch 233 / 300
Got 4352 / 5000 correct (87.04)
Starting epoch 234 / 300
Got 4350 / 5000 correct (87.00)
Starting epoch 235 / 300
Got 4350 / 5000 correct (87.00)
Starting epoch 236 / 300
Got 4346 / 5000 correct (86.92)
Starting epoch 237 / 300
Got 4351 / 5000 correct (87.02)
Starting epoch 238 / 300
Got 4348 / 5000 correct (86.96)
Starting epoch 239 / 300
Got 4358 / 5000 correct (87.16)
Starting epoch 240 / 300
Got 4354 / 5000 correct (87.08)
Starting epoch 241 / 300
Got 4356 / 5000 correct (87.12)
Starting epoch 242 / 300
Got 4348 / 5000 correct (86.96)
Starting epoch 243 / 300
Got 4355 / 5000 correct (87.10)
Starting epoch 244 / 300
Got 4348 / 5000 correct (86.96)
Starting epoch 245 / 300
Got 4350 / 5000 correct (87.00)
Starting epoch 246 / 300
Got 4348 / 5000 correct (86.96)
Starting epoch 247 / 300
Got 4351 / 5000 correct (87.02)
Starting epoch 248 / 300
Got 4351 / 5000 correct (87.02)
Starting epoch 249 / 300
Got 4353 / 5000 correct (87.06)
Starting epoch 250 / 300
Got 4353 / 5000 correct (87.06)
Starting epoch 251 / 300
Got 4355 / 5000 correct (87.10)
Starting epoch 252 / 300
Got 4351 / 5000 correct (87.02)
Starting epoch 253 / 300
Got 4352 / 5000 correct (87.04)
Starting epoch 254 / 300
Got 4358 / 5000 correct (87.16)
Starting epoch 255 / 300
Got 4355 / 5000 correct (87.10)
Starting epoch 256 / 300
Got 4353 / 5000 correct (87.06)
Starting epoch 257 / 300
Got 4355 / 5000 correct (87.10)
Starting epoch 258 / 300
Got 4353 / 5000 correct (87.06)
Starting epoch 259 / 300
Got 4350 / 5000 correct (87.00)
Starting epoch 260 / 300
Got 4355 / 5000 correct (87.10)
Starting epoch 261 / 300
Got 4352 / 5000 correct (87.04)
Starting epoch 262 / 300
Got 4357 / 5000 correct (87.14)
Starting epoch 263 / 300
Got 4359 / 5000 correct (87.18)
Starting epoch 264 / 300
Got 4357 / 5000 correct (87.14)
Starting epoch 265 / 300
Got 4353 / 5000 correct (87.06)
Starting epoch 266 / 300
Got 4352 / 5000 correct (87.04)
Starting epoch 267 / 300
Got 4352 / 5000 correct (87.04)
Starting epoch 268 / 300
Got 4352 / 5000 correct (87.04)
Starting epoch 269 / 300
Got 4346 / 5000 correct (86.92)
Starting epoch 270 / 300
Got 4349 / 5000 correct (86.98)
Starting epoch 271 / 300
Got 4353 / 5000 correct (87.06)
Starting epoch 272 / 300
Got 4351 / 5000 correct (87.02)
Starting epoch 273 / 300
Got 4350 / 5000 correct (87.00)
Starting epoch 274 / 300
Got 4350 / 5000 correct (87.00)
Starting epoch 275 / 300
Got 4353 / 5000 correct (87.06)
Starting epoch 276 / 300
Got 4352 / 5000 correct (87.04)
Starting epoch 277 / 300
Got 4352 / 5000 correct (87.04)
Starting epoch 278 / 300
Got 4349 / 5000 correct (86.98)
Starting epoch 279 / 300
Got 4348 / 5000 correct (86.96)
Starting epoch 280 / 300
Got 4347 / 5000 correct (86.94)
Starting epoch 281 / 300
Got 4351 / 5000 correct (87.02)
Starting epoch 282 / 300
Got 4352 / 5000 correct (87.04)
Starting epoch 283 / 300
Got 4350 / 5000 correct (87.00)
Starting epoch 284 / 300
Got 4345 / 5000 correct (86.90)
Starting epoch 285 / 300
Got 4349 / 5000 correct (86.98)
Starting epoch 286 / 300
Got 4348 / 5000 correct (86.96)
Starting epoch 287 / 300
Got 4347 / 5000 correct (86.94)
Starting epoch 288 / 300
Got 4348 / 5000 correct (86.96)
Starting epoch 289 / 300
Got 4347 / 5000 correct (86.94)
Starting epoch 290 / 300
Got 4349 / 5000 correct (86.98)
Starting epoch 291 / 300
Got 4348 / 5000 correct (86.96)
Starting epoch 292 / 300
Got 4344 / 5000 correct (86.88)
Starting epoch 293 / 300
Got 4349 / 5000 correct (86.98)
Starting epoch 294 / 300
Got 4349 / 5000 correct (86.98)
Starting epoch 295 / 300
Got 4349 / 5000 correct (86.98)
Starting epoch 296 / 300
Got 4345 / 5000 correct (86.90)
Starting epoch 297 / 300
Got 4347 / 5000 correct (86.94)
Starting epoch 298 / 300
Got 4352 / 5000 correct (87.04)
Starting epoch 299 / 300
Got 4357 / 5000 correct (87.14)
Starting epoch 300 / 300
Got 4361 / 5000 correct (87.22)
ResNeXt20_1x16d Final test accuracy:
Got 8723 / 10000 correct (87.23)
***************
Starting epoch 1 / 300
Got 2457 / 5000 correct (49.14)
Starting epoch 2 / 300
Got 3041 / 5000 correct (60.82)
Starting epoch 3 / 300
Got 3468 / 5000 correct (69.36)
Starting epoch 4 / 300
Got 3645 / 5000 correct (72.90)
Starting epoch 5 / 300
Got 3788 / 5000 correct (75.76)
Starting epoch 6 / 300
Got 3848 / 5000 correct (76.96)
Starting epoch 7 / 300
Got 3849 / 5000 correct (76.98)
Starting epoch 8 / 300
Got 3923 / 5000 correct (78.46)
Starting epoch 9 / 300
Got 3986 / 5000 correct (79.72)
Starting epoch 10 / 300
Got 4038 / 5000 correct (80.76)
Starting epoch 11 / 300
Got 3997 / 5000 correct (79.94)
Starting epoch 12 / 300
Got 4060 / 5000 correct (81.20)
Starting epoch 13 / 300
Got 4058 / 5000 correct (81.16)
Starting epoch 14 / 300
Got 4149 / 5000 correct (82.98)
Starting epoch 15 / 300
Got 4116 / 5000 correct (82.32)
Starting epoch 16 / 300
Got 4167 / 5000 correct (83.34)
Starting epoch 17 / 300
Got 4208 / 5000 correct (84.16)
Starting epoch 18 / 300
Got 4157 / 5000 correct (83.14)
Starting epoch 19 / 300
Got 4162 / 5000 correct (83.24)
Starting epoch 20 / 300
Got 4108 / 5000 correct (82.16)
Starting epoch 21 / 300
Got 4180 / 5000 correct (83.60)
Starting epoch 22 / 300
Got 4186 / 5000 correct (83.72)
Starting epoch 23 / 300
Got 4142 / 5000 correct (82.84)
Starting epoch 24 / 300
Got 4157 / 5000 correct (83.14)
Starting epoch 25 / 300
Got 4219 / 5000 correct (84.38)
Starting epoch 26 / 300
Got 4179 / 5000 correct (83.58)
Starting epoch 27 / 300
Got 4173 / 5000 correct (83.46)
Starting epoch 28 / 300
Got 4169 / 5000 correct (83.38)
Starting epoch 29 / 300
Got 4167 / 5000 correct (83.34)
Starting epoch 30 / 300
Got 4178 / 5000 correct (83.56)
Starting epoch 31 / 300
Got 4170 / 5000 correct (83.40)
Starting epoch 32 / 300
Got 4200 / 5000 correct (84.00)
Starting epoch 33 / 300
Got 4218 / 5000 correct (84.36)
Starting epoch 34 / 300
Got 4193 / 5000 correct (83.86)
Starting epoch 35 / 300
Got 4223 / 5000 correct (84.46)
Starting epoch 36 / 300
Got 4260 / 5000 correct (85.20)
Starting epoch 37 / 300
Got 4203 / 5000 correct (84.06)
Starting epoch 38 / 300
Got 4196 / 5000 correct (83.92)
Starting epoch 39 / 300
Got 4226 / 5000 correct (84.52)
Starting epoch 40 / 300
Got 4207 / 5000 correct (84.14)
Starting epoch 41 / 300
Got 4194 / 5000 correct (83.88)
Starting epoch 42 / 300
Got 4197 / 5000 correct (83.94)
Starting epoch 43 / 300
Got 4250 / 5000 correct (85.00)
Starting epoch 44 / 300
Got 4270 / 5000 correct (85.40)
Starting epoch 45 / 300
Got 4138 / 5000 correct (82.76)
Starting epoch 46 / 300
Got 4223 / 5000 correct (84.46)
Starting epoch 47 / 300
Got 4266 / 5000 correct (85.32)
Starting epoch 48 / 300
Got 4237 / 5000 correct (84.74)
Starting epoch 49 / 300
Got 4177 / 5000 correct (83.54)
Starting epoch 50 / 300
Got 4238 / 5000 correct (84.76)
Starting epoch 51 / 300
Got 4169 / 5000 correct (83.38)
Starting epoch 52 / 300
Got 4245 / 5000 correct (84.90)
Starting epoch 53 / 300
Got 4183 / 5000 correct (83.66)
Starting epoch 54 / 300
Got 4186 / 5000 correct (83.72)
Starting epoch 55 / 300
Got 4239 / 5000 correct (84.78)
Starting epoch 56 / 300
Got 4236 / 5000 correct (84.72)
Starting epoch 57 / 300
Got 4262 / 5000 correct (85.24)
Starting epoch 58 / 300
Got 4231 / 5000 correct (84.62)
Starting epoch 59 / 300
Got 4271 / 5000 correct (85.42)
Starting epoch 60 / 300
Got 4210 / 5000 correct (84.20)
Starting epoch 61 / 300
Got 4205 / 5000 correct (84.10)
Starting epoch 62 / 300
Got 4123 / 5000 correct (82.46)
Starting epoch 63 / 300
Got 4182 / 5000 correct (83.64)
Starting epoch 64 / 300
Got 4224 / 5000 correct (84.48)
Starting epoch 65 / 300
Got 4246 / 5000 correct (84.92)
Starting epoch 66 / 300
Got 4211 / 5000 correct (84.22)
Starting epoch 67 / 300
Got 4207 / 5000 correct (84.14)
Starting epoch 68 / 300
Got 4216 / 5000 correct (84.32)
Starting epoch 69 / 300
Got 4242 / 5000 correct (84.84)
Starting epoch 70 / 300
Got 4273 / 5000 correct (85.46)
Starting epoch 71 / 300
Got 4229 / 5000 correct (84.58)
Starting epoch 72 / 300
Got 4247 / 5000 correct (84.94)
Starting epoch 73 / 300
Got 4297 / 5000 correct (85.94)
Starting epoch 74 / 300
Got 4239 / 5000 correct (84.78)
Starting epoch 75 / 300
Got 4307 / 5000 correct (86.14)
Starting epoch 76 / 300
Got 4228 / 5000 correct (84.56)
Starting epoch 77 / 300
Got 4254 / 5000 correct (85.08)
Starting epoch 78 / 300
Got 4241 / 5000 correct (84.82)
Starting epoch 79 / 300
Got 4228 / 5000 correct (84.56)
Starting epoch 80 / 300
Got 4251 / 5000 correct (85.02)
Starting epoch 81 / 300
Got 4230 / 5000 correct (84.60)
Starting epoch 82 / 300
Got 4137 / 5000 correct (82.74)
Starting epoch 83 / 300
Got 4237 / 5000 correct (84.74)
Starting epoch 84 / 300
Got 4209 / 5000 correct (84.18)
Starting epoch 85 / 300
Got 4220 / 5000 correct (84.40)
Starting epoch 86 / 300
Got 4268 / 5000 correct (85.36)
Starting epoch 87 / 300
Got 4285 / 5000 correct (85.70)
Starting epoch 88 / 300
Got 4271 / 5000 correct (85.42)
Starting epoch 89 / 300
Got 4263 / 5000 correct (85.26)
Starting epoch 90 / 300
Got 4266 / 5000 correct (85.32)
Starting epoch 91 / 300
Got 4281 / 5000 correct (85.62)
Starting epoch 92 / 300
Got 4236 / 5000 correct (84.72)
Starting epoch 93 / 300
Got 4278 / 5000 correct (85.56)
Starting epoch 94 / 300
Got 4217 / 5000 correct (84.34)
Starting epoch 95 / 300
Got 4257 / 5000 correct (85.14)
Starting epoch 96 / 300
Got 4292 / 5000 correct (85.84)
Starting epoch 97 / 300
Got 4231 / 5000 correct (84.62)
Starting epoch 98 / 300
Got 4223 / 5000 correct (84.46)
Starting epoch 99 / 300
Got 4202 / 5000 correct (84.04)
Starting epoch 100 / 300
Got 4219 / 5000 correct (84.38)
Starting epoch 101 / 300
Got 4272 / 5000 correct (85.44)
Starting epoch 102 / 300
Got 4208 / 5000 correct (84.16)
Starting epoch 103 / 300
Got 4208 / 5000 correct (84.16)
Starting epoch 104 / 300
Got 4305 / 5000 correct (86.10)
Starting epoch 105 / 300
Got 4295 / 5000 correct (85.90)
Starting epoch 106 / 300
Got 4235 / 5000 correct (84.70)
Starting epoch 107 / 300
Got 4219 / 5000 correct (84.38)
Starting epoch 108 / 300
Got 4303 / 5000 correct (86.06)
Starting epoch 109 / 300
Got 4292 / 5000 correct (85.84)
Starting epoch 110 / 300
Got 4250 / 5000 correct (85.00)
Starting epoch 111 / 300
Got 4222 / 5000 correct (84.44)
Starting epoch 112 / 300
Got 4258 / 5000 correct (85.16)
Starting epoch 113 / 300
Got 4240 / 5000 correct (84.80)
Starting epoch 114 / 300
Got 4206 / 5000 correct (84.12)
Starting epoch 115 / 300
Got 4276 / 5000 correct (85.52)
Starting epoch 116 / 300
Got 4243 / 5000 correct (84.86)
Starting epoch 117 / 300
Got 4284 / 5000 correct (85.68)
Starting epoch 118 / 300
Got 4226 / 5000 correct (84.52)
Starting epoch 119 / 300
Got 4249 / 5000 correct (84.98)
Starting epoch 120 / 300
Got 4218 / 5000 correct (84.36)
Starting epoch 121 / 300
Got 4297 / 5000 correct (85.94)
Starting epoch 122 / 300
Got 4282 / 5000 correct (85.64)
Starting epoch 123 / 300
Got 4263 / 5000 correct (85.26)
Starting epoch 124 / 300
Got 4206 / 5000 correct (84.12)
Starting epoch 125 / 300
Got 4290 / 5000 correct (85.80)
Starting epoch 126 / 300
Got 4263 / 5000 correct (85.26)
Starting epoch 127 / 300
Got 4311 / 5000 correct (86.22)
Starting epoch 128 / 300
Got 4301 / 5000 correct (86.02)
Starting epoch 129 / 300
Got 4311 / 5000 correct (86.22)
Starting epoch 130 / 300
Got 4261 / 5000 correct (85.22)
Starting epoch 131 / 300
Got 4303 / 5000 correct (86.06)
Starting epoch 132 / 300
Got 4272 / 5000 correct (85.44)
Starting epoch 133 / 300
Got 4224 / 5000 correct (84.48)
Starting epoch 134 / 300
Got 4272 / 5000 correct (85.44)
Starting epoch 135 / 300
Got 4216 / 5000 correct (84.32)
Starting epoch 136 / 300
Got 4254 / 5000 correct (85.08)
Starting epoch 137 / 300
Got 4276 / 5000 correct (85.52)
Starting epoch 138 / 300
Got 4234 / 5000 correct (84.68)
Starting epoch 139 / 300
Got 4261 / 5000 correct (85.22)
Starting epoch 140 / 300
Got 4290 / 5000 correct (85.80)
Starting epoch 141 / 300
Got 4305 / 5000 correct (86.10)
Starting epoch 142 / 300
Got 4260 / 5000 correct (85.20)
Starting epoch 143 / 300
Got 4276 / 5000 correct (85.52)
Starting epoch 144 / 300
Got 4280 / 5000 correct (85.60)
Starting epoch 145 / 300
Got 4298 / 5000 correct (85.96)
Starting epoch 146 / 300
Got 4278 / 5000 correct (85.56)
Starting epoch 147 / 300
Got 4272 / 5000 correct (85.44)
Starting epoch 148 / 300
Got 4276 / 5000 correct (85.52)
Starting epoch 149 / 300
Got 4247 / 5000 correct (84.94)
Starting epoch 150 / 300
Got 4278 / 5000 correct (85.56)
Starting epoch 151 / 300
Got 4425 / 5000 correct (88.50)
Starting epoch 152 / 300
Got 4418 / 5000 correct (88.36)
Starting epoch 153 / 300
Got 4460 / 5000 correct (89.20)
Starting epoch 154 / 300
Got 4460 / 5000 correct (89.20)
Starting epoch 155 / 300
Got 4446 / 5000 correct (88.92)
Starting epoch 156 / 300
Got 4458 / 5000 correct (89.16)
Starting epoch 157 / 300
Got 4449 / 5000 correct (88.98)
Starting epoch 158 / 300
Got 4453 / 5000 correct (89.06)
Starting epoch 159 / 300
Got 4443 / 5000 correct (88.86)
Starting epoch 160 / 300
Got 4454 / 5000 correct (89.08)
Starting epoch 161 / 300
Got 4461 / 5000 correct (89.22)
Starting epoch 162 / 300
Got 4458 / 5000 correct (89.16)
Starting epoch 163 / 300
Got 4461 / 5000 correct (89.22)
Starting epoch 164 / 300
Got 4458 / 5000 correct (89.16)
Starting epoch 165 / 300
Got 4444 / 5000 correct (88.88)
Starting epoch 166 / 300
Got 4439 / 5000 correct (88.78)
Starting epoch 167 / 300
Got 4449 / 5000 correct (88.98)
Starting epoch 168 / 300
Got 4439 / 5000 correct (88.78)
Starting epoch 169 / 300
Got 4445 / 5000 correct (88.90)
Starting epoch 170 / 300
Got 4447 / 5000 correct (88.94)
Starting epoch 171 / 300
Got 4429 / 5000 correct (88.58)
Starting epoch 172 / 300
Got 4451 / 5000 correct (89.02)
Starting epoch 173 / 300
Got 4427 / 5000 correct (88.54)
Starting epoch 174 / 300
Got 4434 / 5000 correct (88.68)
Starting epoch 175 / 300
Got 4439 / 5000 correct (88.78)
Starting epoch 176 / 300
Got 4433 / 5000 correct (88.66)
Starting epoch 177 / 300
Got 4428 / 5000 correct (88.56)
Starting epoch 178 / 300
Got 4453 / 5000 correct (89.06)
Starting epoch 179 / 300
Got 4449 / 5000 correct (88.98)
Starting epoch 180 / 300
Got 4445 / 5000 correct (88.90)
Starting epoch 181 / 300
Got 4436 / 5000 correct (88.72)
Starting epoch 182 / 300
Got 4433 / 5000 correct (88.66)
Starting epoch 183 / 300
Got 4452 / 5000 correct (89.04)
Starting epoch 184 / 300
Got 4430 / 5000 correct (88.60)
Starting epoch 185 / 300
Got 4440 / 5000 correct (88.80)
Starting epoch 186 / 300
Got 4426 / 5000 correct (88.52)
Starting epoch 187 / 300
Got 4426 / 5000 correct (88.52)
Starting epoch 188 / 300
Got 4431 / 5000 correct (88.62)
Starting epoch 189 / 300
Got 4426 / 5000 correct (88.52)
Starting epoch 190 / 300
Got 4425 / 5000 correct (88.50)
Starting epoch 191 / 300
Got 4426 / 5000 correct (88.52)
Starting epoch 192 / 300
Got 4435 / 5000 correct (88.70)
Starting epoch 193 / 300
Got 4416 / 5000 correct (88.32)
Starting epoch 194 / 300
Got 4419 / 5000 correct (88.38)
Starting epoch 195 / 300
Got 4421 / 5000 correct (88.42)
Starting epoch 196 / 300
Got 4433 / 5000 correct (88.66)
Starting epoch 197 / 300
Got 4430 / 5000 correct (88.60)
Starting epoch 198 / 300
Got 4418 / 5000 correct (88.36)
Starting epoch 199 / 300
Got 4422 / 5000 correct (88.44)
Starting epoch 200 / 300
Got 4408 / 5000 correct (88.16)
Starting epoch 201 / 300
Got 4405 / 5000 correct (88.10)
Starting epoch 202 / 300
Got 4418 / 5000 correct (88.36)
Starting epoch 203 / 300
Got 4421 / 5000 correct (88.42)
Starting epoch 204 / 300
Got 4431 / 5000 correct (88.62)
Starting epoch 205 / 300
Got 4420 / 5000 correct (88.40)
Starting epoch 206 / 300
Got 4434 / 5000 correct (88.68)
Starting epoch 207 / 300
Got 4422 / 5000 correct (88.44)
Starting epoch 208 / 300
Got 4418 / 5000 correct (88.36)
Starting epoch 209 / 300
Got 4424 / 5000 correct (88.48)
Starting epoch 210 / 300
Got 4413 / 5000 correct (88.26)
Starting epoch 211 / 300
Got 4422 / 5000 correct (88.44)
Starting epoch 212 / 300
Got 4427 / 5000 correct (88.54)
Starting epoch 213 / 300
Got 4418 / 5000 correct (88.36)
Starting epoch 214 / 300
Got 4428 / 5000 correct (88.56)
Starting epoch 215 / 300
Got 4443 / 5000 correct (88.86)
Starting epoch 216 / 300
Got 4439 / 5000 correct (88.78)
Starting epoch 217 / 300
Got 4425 / 5000 correct (88.50)
Starting epoch 218 / 300
Got 4437 / 5000 correct (88.74)
Starting epoch 219 / 300
Got 4418 / 5000 correct (88.36)
Starting epoch 220 / 300
Got 4429 / 5000 correct (88.58)
Starting epoch 221 / 300
Got 4421 / 5000 correct (88.42)
Starting epoch 222 / 300
Got 4423 / 5000 correct (88.46)
Starting epoch 223 / 300
Got 4418 / 5000 correct (88.36)
Starting epoch 224 / 300
Got 4429 / 5000 correct (88.58)
Starting epoch 225 / 300
Got 4426 / 5000 correct (88.52)
Starting epoch 226 / 300
Got 4430 / 5000 correct (88.60)
Starting epoch 227 / 300
Got 4431 / 5000 correct (88.62)
Starting epoch 228 / 300
Got 4434 / 5000 correct (88.68)
Starting epoch 229 / 300
Got 4437 / 5000 correct (88.74)
Starting epoch 230 / 300
Got 4437 / 5000 correct (88.74)
Starting epoch 231 / 300
Got 4436 / 5000 correct (88.72)
Starting epoch 232 / 300
Got 4436 / 5000 correct (88.72)
Starting epoch 233 / 300
Got 4441 / 5000 correct (88.82)
Starting epoch 234 / 300
Got 4443 / 5000 correct (88.86)
Starting epoch 235 / 300
Got 4440 / 5000 correct (88.80)
Starting epoch 236 / 300
Got 4439 / 5000 correct (88.78)
Starting epoch 237 / 300
Got 4439 / 5000 correct (88.78)
Starting epoch 238 / 300
Got 4440 / 5000 correct (88.80)
Starting epoch 239 / 300
Got 4437 / 5000 correct (88.74)
Starting epoch 240 / 300
Got 4441 / 5000 correct (88.82)
Starting epoch 241 / 300
Got 4435 / 5000 correct (88.70)
Starting epoch 242 / 300
Got 4437 / 5000 correct (88.74)
Starting epoch 243 / 300
Got 4438 / 5000 correct (88.76)
Starting epoch 244 / 300
Got 4435 / 5000 correct (88.70)
Starting epoch 245 / 300
Got 4435 / 5000 correct (88.70)
Starting epoch 246 / 300
Got 4436 / 5000 correct (88.72)
Starting epoch 247 / 300
Got 4438 / 5000 correct (88.76)
Starting epoch 248 / 300
Got 4441 / 5000 correct (88.82)
Starting epoch 249 / 300
Got 4439 / 5000 correct (88.78)
Starting epoch 250 / 300
Got 4443 / 5000 correct (88.86)
Starting epoch 251 / 300
Got 4439 / 5000 correct (88.78)
Starting epoch 252 / 300
Got 4440 / 5000 correct (88.80)
Starting epoch 253 / 300
Got 4442 / 5000 correct (88.84)
Starting epoch 254 / 300
Got 4441 / 5000 correct (88.82)
Starting epoch 255 / 300
Got 4441 / 5000 correct (88.82)
Starting epoch 256 / 300
Got 4436 / 5000 correct (88.72)
Starting epoch 257 / 300
Got 4437 / 5000 correct (88.74)
Starting epoch 258 / 300
Got 4437 / 5000 correct (88.74)
Starting epoch 259 / 300
Got 4439 / 5000 correct (88.78)
Starting epoch 260 / 300
Got 4438 / 5000 correct (88.76)
Starting epoch 261 / 300
Got 4439 / 5000 correct (88.78)
Starting epoch 262 / 300
Got 4437 / 5000 correct (88.74)
Starting epoch 263 / 300
Got 4434 / 5000 correct (88.68)
Starting epoch 264 / 300
Got 4434 / 5000 correct (88.68)
Starting epoch 265 / 300
Got 4433 / 5000 correct (88.66)
Starting epoch 266 / 300
Got 4435 / 5000 correct (88.70)
Starting epoch 267 / 300
Got 4434 / 5000 correct (88.68)
Starting epoch 268 / 300
Got 4440 / 5000 correct (88.80)
Starting epoch 269 / 300
Got 4436 / 5000 correct (88.72)
Starting epoch 270 / 300
Got 4436 / 5000 correct (88.72)
Starting epoch 271 / 300
Got 4434 / 5000 correct (88.68)
Starting epoch 272 / 300
Got 4434 / 5000 correct (88.68)
Starting epoch 273 / 300
Got 4434 / 5000 correct (88.68)
Starting epoch 274 / 300
Got 4431 / 5000 correct (88.62)
Starting epoch 275 / 300
Got 4432 / 5000 correct (88.64)
Starting epoch 276 / 300
Got 4431 / 5000 correct (88.62)
Starting epoch 277 / 300
Got 4434 / 5000 correct (88.68)
Starting epoch 278 / 300
Got 4431 / 5000 correct (88.62)
Starting epoch 279 / 300
Got 4428 / 5000 correct (88.56)
Starting epoch 280 / 300
Got 4432 / 5000 correct (88.64)
Starting epoch 281 / 300
Got 4429 / 5000 correct (88.58)
Starting epoch 282 / 300
Got 4430 / 5000 correct (88.60)
Starting epoch 283 / 300
Got 4434 / 5000 correct (88.68)
Starting epoch 284 / 300
Got 4436 / 5000 correct (88.72)
Starting epoch 285 / 300
Got 4437 / 5000 correct (88.74)
Starting epoch 286 / 300
Got 4435 / 5000 correct (88.70)
Starting epoch 287 / 300
Got 4436 / 5000 correct (88.72)
Starting epoch 288 / 300
Got 4434 / 5000 correct (88.68)
Starting epoch 289 / 300
Got 4434 / 5000 correct (88.68)
Starting epoch 290 / 300
Got 4433 / 5000 correct (88.66)
Starting epoch 291 / 300
Got 4438 / 5000 correct (88.76)
Starting epoch 292 / 300
Got 4440 / 5000 correct (88.80)
Starting epoch 293 / 300
Got 4440 / 5000 correct (88.80)
Starting epoch 294 / 300
Got 4440 / 5000 correct (88.80)
Starting epoch 295 / 300
Got 4438 / 5000 correct (88.76)
Starting epoch 296 / 300
Got 4442 / 5000 correct (88.84)
Starting epoch 297 / 300
Got 4440 / 5000 correct (88.80)
Starting epoch 298 / 300
Got 4437 / 5000 correct (88.74)
Starting epoch 299 / 300
Got 4438 / 5000 correct (88.76)
Starting epoch 300 / 300
Got 4436 / 5000 correct (88.72)
ResNeXt20_2x16d Final test accuracy:
Got 8850 / 10000 correct (88.50)
***************
Starting epoch 1 / 300
Got 2234 / 5000 correct (44.68)
Starting epoch 2 / 300
Got 2891 / 5000 correct (57.82)
Starting epoch 3 / 300
Got 3333 / 5000 correct (66.66)
Starting epoch 4 / 300
Got 3675 / 5000 correct (73.50)
Starting epoch 5 / 300
Got 3770 / 5000 correct (75.40)
Starting epoch 6 / 300
Got 3766 / 5000 correct (75.32)
Starting epoch 7 / 300
Got 3943 / 5000 correct (78.86)
Starting epoch 8 / 300
Got 3986 / 5000 correct (79.72)
Starting epoch 9 / 300
Got 4005 / 5000 correct (80.10)
Starting epoch 10 / 300
Got 4075 / 5000 correct (81.50)
Starting epoch 11 / 300
Got 4127 / 5000 correct (82.54)
Starting epoch 12 / 300
Got 4193 / 5000 correct (83.86)
Starting epoch 13 / 300
Got 4191 / 5000 correct (83.82)
Starting epoch 14 / 300
Got 4241 / 5000 correct (84.82)
Starting epoch 15 / 300
Got 4199 / 5000 correct (83.98)
Starting epoch 16 / 300
Got 4211 / 5000 correct (84.22)
Starting epoch 17 / 300
Got 4214 / 5000 correct (84.28)
Starting epoch 18 / 300
Got 4192 / 5000 correct (83.84)
Starting epoch 19 / 300
Got 4241 / 5000 correct (84.82)
Starting epoch 20 / 300
Got 4301 / 5000 correct (86.02)
Starting epoch 21 / 300
Got 4267 / 5000 correct (85.34)
Starting epoch 22 / 300
Got 4222 / 5000 correct (84.44)
Starting epoch 23 / 300
Got 4286 / 5000 correct (85.72)
Starting epoch 24 / 300
Got 4306 / 5000 correct (86.12)
Starting epoch 25 / 300
Got 4298 / 5000 correct (85.96)
Starting epoch 26 / 300
Got 4260 / 5000 correct (85.20)
Starting epoch 27 / 300
Got 4329 / 5000 correct (86.58)
Starting epoch 28 / 300
Got 4339 / 5000 correct (86.78)
Starting epoch 29 / 300
Got 4296 / 5000 correct (85.92)
Starting epoch 30 / 300
Got 4350 / 5000 correct (87.00)
Starting epoch 31 / 300
Got 4288 / 5000 correct (85.76)
Starting epoch 32 / 300
Got 4298 / 5000 correct (85.96)
Starting epoch 33 / 300
Got 4380 / 5000 correct (87.60)
Starting epoch 34 / 300
Got 4309 / 5000 correct (86.18)
Starting epoch 35 / 300
Got 4301 / 5000 correct (86.02)
Starting epoch 36 / 300
Got 4298 / 5000 correct (85.96)
Starting epoch 37 / 300
Got 4311 / 5000 correct (86.22)
Starting epoch 38 / 300
Got 4294 / 5000 correct (85.88)
Starting epoch 39 / 300
Got 4318 / 5000 correct (86.36)
Starting epoch 40 / 300
Got 4317 / 5000 correct (86.34)
Starting epoch 41 / 300
Got 4298 / 5000 correct (85.96)
Starting epoch 42 / 300
Got 4316 / 5000 correct (86.32)
Starting epoch 43 / 300
Got 4314 / 5000 correct (86.28)
Starting epoch 44 / 300
Got 4343 / 5000 correct (86.86)
Starting epoch 45 / 300
Got 4318 / 5000 correct (86.36)
Starting epoch 46 / 300
Got 4327 / 5000 correct (86.54)
Starting epoch 47 / 300
Got 4286 / 5000 correct (85.72)
Starting epoch 48 / 300
Got 4353 / 5000 correct (87.06)
Starting epoch 49 / 300
Got 4297 / 5000 correct (85.94)
Starting epoch 50 / 300
Got 4313 / 5000 correct (86.26)
Starting epoch 51 / 300
Got 4361 / 5000 correct (87.22)
Starting epoch 52 / 300
Got 4360 / 5000 correct (87.20)
Starting epoch 53 / 300
Got 4336 / 5000 correct (86.72)
Starting epoch 54 / 300
Got 4339 / 5000 correct (86.78)
Starting epoch 55 / 300
Got 4366 / 5000 correct (87.32)
Starting epoch 56 / 300
Got 4296 / 5000 correct (85.92)
Starting epoch 57 / 300
Got 4317 / 5000 correct (86.34)
Starting epoch 58 / 300
Got 4296 / 5000 correct (85.92)
Starting epoch 59 / 300
Got 4322 / 5000 correct (86.44)
Starting epoch 60 / 300
Got 4325 / 5000 correct (86.50)
Starting epoch 61 / 300
Got 4288 / 5000 correct (85.76)
Starting epoch 62 / 300
Got 4301 / 5000 correct (86.02)
Starting epoch 63 / 300
Got 4366 / 5000 correct (87.32)
Starting epoch 64 / 300
Got 4315 / 5000 correct (86.30)
Starting epoch 65 / 300
Got 4309 / 5000 correct (86.18)
Starting epoch 66 / 300
Got 4317 / 5000 correct (86.34)
Starting epoch 67 / 300
Got 4307 / 5000 correct (86.14)
Starting epoch 68 / 300
Got 4338 / 5000 correct (86.76)
Starting epoch 69 / 300
Got 4276 / 5000 correct (85.52)
Starting epoch 70 / 300
Got 4339 / 5000 correct (86.78)
Starting epoch 71 / 300
Got 4365 / 5000 correct (87.30)
Starting epoch 72 / 300
Got 4283 / 5000 correct (85.66)
Starting epoch 73 / 300
Got 4316 / 5000 correct (86.32)
Starting epoch 74 / 300
Got 4299 / 5000 correct (85.98)
Starting epoch 75 / 300
Got 4322 / 5000 correct (86.44)
Starting epoch 76 / 300
Got 4366 / 5000 correct (87.32)
Starting epoch 77 / 300
Got 4307 / 5000 correct (86.14)
Starting epoch 78 / 300
Got 4379 / 5000 correct (87.58)
Starting epoch 79 / 300
Got 4351 / 5000 correct (87.02)
Starting epoch 80 / 300
Got 4360 / 5000 correct (87.20)
Starting epoch 81 / 300
Got 4357 / 5000 correct (87.14)
Starting epoch 82 / 300
Got 4375 / 5000 correct (87.50)
Starting epoch 83 / 300
Got 4332 / 5000 correct (86.64)
Starting epoch 84 / 300
Got 4241 / 5000 correct (84.82)
Starting epoch 85 / 300
Got 4279 / 5000 correct (85.58)
Starting epoch 86 / 300
Got 4326 / 5000 correct (86.52)
Starting epoch 87 / 300
Got 4283 / 5000 correct (85.66)
Starting epoch 88 / 300
Got 4325 / 5000 correct (86.50)
Starting epoch 89 / 300
Got 4321 / 5000 correct (86.42)
Starting epoch 90 / 300
Got 4314 / 5000 correct (86.28)
Starting epoch 91 / 300
Got 4320 / 5000 correct (86.40)
Starting epoch 92 / 300
Got 4317 / 5000 correct (86.34)
Starting epoch 93 / 300
Got 4330 / 5000 correct (86.60)
Starting epoch 94 / 300
Got 4268 / 5000 correct (85.36)
Starting epoch 95 / 300
Got 4339 / 5000 correct (86.78)
Starting epoch 96 / 300
Got 4318 / 5000 correct (86.36)
Starting epoch 97 / 300
Got 4325 / 5000 correct (86.50)
Starting epoch 98 / 300
Got 4376 / 5000 correct (87.52)
Starting epoch 99 / 300
Got 4252 / 5000 correct (85.04)
Starting epoch 100 / 300
Got 4332 / 5000 correct (86.64)
Starting epoch 101 / 300
Got 4297 / 5000 correct (85.94)
Starting epoch 102 / 300
Got 4305 / 5000 correct (86.10)
Starting epoch 103 / 300
Got 4318 / 5000 correct (86.36)
Starting epoch 104 / 300
Got 4347 / 5000 correct (86.94)
Starting epoch 105 / 300
Got 4281 / 5000 correct (85.62)
Starting epoch 106 / 300
Got 4326 / 5000 correct (86.52)
Starting epoch 107 / 300
Got 4359 / 5000 correct (87.18)
Starting epoch 108 / 300
Got 4353 / 5000 correct (87.06)
Starting epoch 109 / 300
Got 4359 / 5000 correct (87.18)
Starting epoch 110 / 300
Got 4374 / 5000 correct (87.48)
Starting epoch 111 / 300
Got 4320 / 5000 correct (86.40)
Starting epoch 112 / 300
Got 4315 / 5000 correct (86.30)
Starting epoch 113 / 300
Got 4322 / 5000 correct (86.44)
Starting epoch 114 / 300
Got 4306 / 5000 correct (86.12)
Starting epoch 115 / 300
Got 4328 / 5000 correct (86.56)
Starting epoch 116 / 300
Got 4299 / 5000 correct (85.98)
Starting epoch 117 / 300
Got 4368 / 5000 correct (87.36)
Starting epoch 118 / 300
Got 4325 / 5000 correct (86.50)
Starting epoch 119 / 300
Got 4372 / 5000 correct (87.44)
Starting epoch 120 / 300
Got 4328 / 5000 correct (86.56)
Starting epoch 121 / 300
Got 4398 / 5000 correct (87.96)
Starting epoch 122 / 300
Got 4334 / 5000 correct (86.68)
Starting epoch 123 / 300
Got 4325 / 5000 correct (86.50)
Starting epoch 124 / 300
Got 4374 / 5000 correct (87.48)
Starting epoch 125 / 300
Got 4301 / 5000 correct (86.02)
Starting epoch 126 / 300
Got 4300 / 5000 correct (86.00)
Starting epoch 127 / 300
Got 4314 / 5000 correct (86.28)
Starting epoch 128 / 300
Got 4329 / 5000 correct (86.58)
Starting epoch 129 / 300
Got 4371 / 5000 correct (87.42)
Starting epoch 130 / 300
Got 4344 / 5000 correct (86.88)
Starting epoch 131 / 300
Got 4331 / 5000 correct (86.62)
Starting epoch 132 / 300
Got 4330 / 5000 correct (86.60)
Starting epoch 133 / 300
Got 4375 / 5000 correct (87.50)
Starting epoch 134 / 300
Got 4307 / 5000 correct (86.14)
Starting epoch 135 / 300
Got 4321 / 5000 correct (86.42)
Starting epoch 136 / 300
Got 4304 / 5000 correct (86.08)
Starting epoch 137 / 300
Got 4309 / 5000 correct (86.18)
Starting epoch 138 / 300
Got 4320 / 5000 correct (86.40)
Starting epoch 139 / 300
Got 4318 / 5000 correct (86.36)
Starting epoch 140 / 300
Got 4339 / 5000 correct (86.78)
Starting epoch 141 / 300
Got 4379 / 5000 correct (87.58)
Starting epoch 142 / 300
Got 4292 / 5000 correct (85.84)
Starting epoch 143 / 300
Got 4350 / 5000 correct (87.00)
Starting epoch 144 / 300
Got 4370 / 5000 correct (87.40)
Starting epoch 145 / 300
Got 4344 / 5000 correct (86.88)
Starting epoch 146 / 300
Got 4352 / 5000 correct (87.04)
Starting epoch 147 / 300
Got 4326 / 5000 correct (86.52)
Starting epoch 148 / 300
Got 4338 / 5000 correct (86.76)
Starting epoch 149 / 300
Got 4384 / 5000 correct (87.68)
Starting epoch 150 / 300
Got 4358 / 5000 correct (87.16)
Starting epoch 151 / 300
Got 4508 / 5000 correct (90.16)
Starting epoch 152 / 300
Got 4519 / 5000 correct (90.38)
Starting epoch 153 / 300
Got 4515 / 5000 correct (90.30)
Starting epoch 154 / 300
Got 4516 / 5000 correct (90.32)
Starting epoch 155 / 300
Got 4513 / 5000 correct (90.26)
Starting epoch 156 / 300
Got 4518 / 5000 correct (90.36)
Starting epoch 157 / 300
Got 4526 / 5000 correct (90.52)
Starting epoch 158 / 300
Got 4535 / 5000 correct (90.70)
Starting epoch 159 / 300
Got 4535 / 5000 correct (90.70)
Starting epoch 160 / 300
Got 4535 / 5000 correct (90.70)
Starting epoch 161 / 300
Got 4525 / 5000 correct (90.50)
Starting epoch 162 / 300
Got 4531 / 5000 correct (90.62)
Starting epoch 163 / 300
Got 4535 / 5000 correct (90.70)
Starting epoch 164 / 300
Got 4533 / 5000 correct (90.66)
Starting epoch 165 / 300
Got 4536 / 5000 correct (90.72)
Starting epoch 166 / 300
Got 4529 / 5000 correct (90.58)
Starting epoch 167 / 300
Got 4518 / 5000 correct (90.36)
Starting epoch 168 / 300
Got 4518 / 5000 correct (90.36)
Starting epoch 169 / 300
Got 4523 / 5000 correct (90.46)
Starting epoch 170 / 300
Got 4532 / 5000 correct (90.64)
Starting epoch 171 / 300
Got 4526 / 5000 correct (90.52)
Starting epoch 172 / 300
Got 4532 / 5000 correct (90.64)
Starting epoch 173 / 300
Got 4522 / 5000 correct (90.44)
Starting epoch 174 / 300
Got 4530 / 5000 correct (90.60)
Starting epoch 175 / 300
Got 4527 / 5000 correct (90.54)
Starting epoch 176 / 300
Got 4534 / 5000 correct (90.68)
Starting epoch 177 / 300
Got 4530 / 5000 correct (90.60)
Starting epoch 178 / 300
Got 4531 / 5000 correct (90.62)
Starting epoch 179 / 300
Got 4527 / 5000 correct (90.54)
Starting epoch 180 / 300
Got 4525 / 5000 correct (90.50)
Starting epoch 181 / 300
Got 4519 / 5000 correct (90.38)
Starting epoch 182 / 300
Got 4534 / 5000 correct (90.68)
Starting epoch 183 / 300
Got 4525 / 5000 correct (90.50)
Starting epoch 184 / 300
Got 4526 / 5000 correct (90.52)
Starting epoch 185 / 300
Got 4541 / 5000 correct (90.82)
Starting epoch 186 / 300
Got 4533 / 5000 correct (90.66)
Starting epoch 187 / 300
Got 4534 / 5000 correct (90.68)
Starting epoch 188 / 300
Got 4534 / 5000 correct (90.68)
Starting epoch 189 / 300
Got 4528 / 5000 correct (90.56)
Starting epoch 190 / 300
Got 4533 / 5000 correct (90.66)
Starting epoch 191 / 300
Got 4523 / 5000 correct (90.46)
Starting epoch 192 / 300
Got 4535 / 5000 correct (90.70)
Starting epoch 193 / 300
Got 4539 / 5000 correct (90.78)
Starting epoch 194 / 300
Got 4529 / 5000 correct (90.58)
Starting epoch 195 / 300
Got 4533 / 5000 correct (90.66)
Starting epoch 196 / 300
Got 4539 / 5000 correct (90.78)
Starting epoch 197 / 300
Got 4541 / 5000 correct (90.82)
Starting epoch 198 / 300
Got 4531 / 5000 correct (90.62)
Starting epoch 199 / 300
Got 4537 / 5000 correct (90.74)
Starting epoch 200 / 300
Got 4535 / 5000 correct (90.70)
Starting epoch 201 / 300
Got 4543 / 5000 correct (90.86)
Starting epoch 202 / 300
Got 4532 / 5000 correct (90.64)
Starting epoch 203 / 300
Got 4542 / 5000 correct (90.84)
Starting epoch 204 / 300
Got 4541 / 5000 correct (90.82)
Starting epoch 205 / 300
Got 4531 / 5000 correct (90.62)
Starting epoch 206 / 300
Got 4534 / 5000 correct (90.68)
Starting epoch 207 / 300
Got 4539 / 5000 correct (90.78)
Starting epoch 208 / 300
Got 4545 / 5000 correct (90.90)
Starting epoch 209 / 300
Got 4533 / 5000 correct (90.66)
Starting epoch 210 / 300
Got 4534 / 5000 correct (90.68)
Starting epoch 211 / 300
Got 4531 / 5000 correct (90.62)
Starting epoch 212 / 300
Got 4531 / 5000 correct (90.62)
Starting epoch 213 / 300
Got 4538 / 5000 correct (90.76)
Starting epoch 214 / 300
Got 4530 / 5000 correct (90.60)
Starting epoch 215 / 300
Got 4526 / 5000 correct (90.52)
Starting epoch 216 / 300
Got 4537 / 5000 correct (90.74)
Starting epoch 217 / 300
Got 4531 / 5000 correct (90.62)
Starting epoch 218 / 300
Got 4519 / 5000 correct (90.38)
Starting epoch 219 / 300
Got 4523 / 5000 correct (90.46)
Starting epoch 220 / 300
Got 4527 / 5000 correct (90.54)
Starting epoch 221 / 300
Got 4535 / 5000 correct (90.70)
Starting epoch 222 / 300
Got 4528 / 5000 correct (90.56)
Starting epoch 223 / 300
Got 4529 / 5000 correct (90.58)
Starting epoch 224 / 300
Got 4523 / 5000 correct (90.46)
Starting epoch 225 / 300
Got 4530 / 5000 correct (90.60)
Starting epoch 226 / 300
Got 4536 / 5000 correct (90.72)
Starting epoch 227 / 300
Got 4534 / 5000 correct (90.68)
Starting epoch 228 / 300
Got 4536 / 5000 correct (90.72)
Starting epoch 229 / 300
Got 4538 / 5000 correct (90.76)
Starting epoch 230 / 300
Got 4542 / 5000 correct (90.84)
Starting epoch 231 / 300
Got 4540 / 5000 correct (90.80)
Starting epoch 232 / 300
Got 4538 / 5000 correct (90.76)
Starting epoch 233 / 300
Got 4538 / 5000 correct (90.76)
Starting epoch 234 / 300
Got 4537 / 5000 correct (90.74)
Starting epoch 235 / 300
Got 4537 / 5000 correct (90.74)
Starting epoch 236 / 300
Got 4537 / 5000 correct (90.74)
Starting epoch 237 / 300
Got 4534 / 5000 correct (90.68)
Starting epoch 238 / 300
Got 4534 / 5000 correct (90.68)
Starting epoch 239 / 300
Got 4534 / 5000 correct (90.68)
Starting epoch 240 / 300
Got 4530 / 5000 correct (90.60)
Starting epoch 241 / 300
Got 4532 / 5000 correct (90.64)
Starting epoch 242 / 300
Got 4533 / 5000 correct (90.66)
Starting epoch 243 / 300
Got 4536 / 5000 correct (90.72)
Starting epoch 244 / 300
Got 4537 / 5000 correct (90.74)
Starting epoch 245 / 300
Got 4533 / 5000 correct (90.66)
Starting epoch 246 / 300
Got 4532 / 5000 correct (90.64)
Starting epoch 247 / 300
Got 4532 / 5000 correct (90.64)
Starting epoch 248 / 300
Got 4530 / 5000 correct (90.60)
Starting epoch 249 / 300
Got 4529 / 5000 correct (90.58)
Starting epoch 250 / 300
Got 4528 / 5000 correct (90.56)
Starting epoch 251 / 300
Got 4529 / 5000 correct (90.58)
Starting epoch 252 / 300
Got 4530 / 5000 correct (90.60)
Starting epoch 253 / 300
Got 4528 / 5000 correct (90.56)
Starting epoch 254 / 300
Got 4528 / 5000 correct (90.56)
Starting epoch 255 / 300
Got 4527 / 5000 correct (90.54)
Starting epoch 256 / 300
Got 4531 / 5000 correct (90.62)
Starting epoch 257 / 300
Got 4527 / 5000 correct (90.54)
Starting epoch 258 / 300
Got 4528 / 5000 correct (90.56)
Starting epoch 259 / 300
Got 4526 / 5000 correct (90.52)
Starting epoch 260 / 300
Got 4527 / 5000 correct (90.54)
Starting epoch 261 / 300
Got 4525 / 5000 correct (90.50)
Starting epoch 262 / 300
Got 4530 / 5000 correct (90.60)
Starting epoch 263 / 300
Got 4526 / 5000 correct (90.52)
Starting epoch 264 / 300
Got 4529 / 5000 correct (90.58)
Starting epoch 265 / 300
Got 4530 / 5000 correct (90.60)
Starting epoch 266 / 300
Got 4531 / 5000 correct (90.62)
Starting epoch 267 / 300
Got 4530 / 5000 correct (90.60)
Starting epoch 268 / 300
Got 4528 / 5000 correct (90.56)
Starting epoch 269 / 300
Got 4527 / 5000 correct (90.54)
Starting epoch 270 / 300
Got 4527 / 5000 correct (90.54)
Starting epoch 271 / 300
Got 4529 / 5000 correct (90.58)
Starting epoch 272 / 300
Got 4531 / 5000 correct (90.62)
Starting epoch 273 / 300
Got 4527 / 5000 correct (90.54)
Starting epoch 274 / 300
Got 4527 / 5000 correct (90.54)
Starting epoch 275 / 300
Got 4527 / 5000 correct (90.54)
Starting epoch 276 / 300
Got 4531 / 5000 correct (90.62)
Starting epoch 277 / 300
Got 4530 / 5000 correct (90.60)
Starting epoch 278 / 300
Got 4531 / 5000 correct (90.62)
Starting epoch 279 / 300
Got 4529 / 5000 correct (90.58)
Starting epoch 280 / 300
Got 4528 / 5000 correct (90.56)
Starting epoch 281 / 300
Got 4530 / 5000 correct (90.60)
Starting epoch 282 / 300
Got 4528 / 5000 correct (90.56)
Starting epoch 283 / 300
Got 4529 / 5000 correct (90.58)
Starting epoch 284 / 300
Got 4528 / 5000 correct (90.56)
Starting epoch 285 / 300
Got 4527 / 5000 correct (90.54)
Starting epoch 286 / 300
Got 4528 / 5000 correct (90.56)
Starting epoch 287 / 300
Got 4529 / 5000 correct (90.58)
Starting epoch 288 / 300
Got 4529 / 5000 correct (90.58)
Starting epoch 289 / 300
Got 4530 / 5000 correct (90.60)
Starting epoch 290 / 300
Got 4531 / 5000 correct (90.62)
Starting epoch 291 / 300
Got 4532 / 5000 correct (90.64)
Starting epoch 292 / 300
Got 4530 / 5000 correct (90.60)
Starting epoch 293 / 300
Got 4529 / 5000 correct (90.58)
Starting epoch 294 / 300
Got 4528 / 5000 correct (90.56)
Starting epoch 295 / 300
Got 4526 / 5000 correct (90.52)
Starting epoch 296 / 300
Got 4525 / 5000 correct (90.50)
Starting epoch 297 / 300
Got 4527 / 5000 correct (90.54)
Starting epoch 298 / 300
Got 4529 / 5000 correct (90.58)
Starting epoch 299 / 300
Got 4528 / 5000 correct (90.56)
Starting epoch 300 / 300
Got 4529 / 5000 correct (90.58)
ResNeXt20_4x16d Final test accuracy:
Got 9049 / 10000 correct (90.49)
***************
Starting epoch 1 / 300
Got 2514 / 5000 correct (50.28)
Starting epoch 2 / 300
Got 3291 / 5000 correct (65.82)
Starting epoch 3 / 300
Got 3606 / 5000 correct (72.12)
Starting epoch 4 / 300
Got 3800 / 5000 correct (76.00)
Starting epoch 5 / 300
Got 3888 / 5000 correct (77.76)
Starting epoch 6 / 300
Got 4016 / 5000 correct (80.32)
Starting epoch 7 / 300
Got 4095 / 5000 correct (81.90)
Starting epoch 8 / 300
Got 4145 / 5000 correct (82.90)
Starting epoch 9 / 300
Got 4167 / 5000 correct (83.34)
Starting epoch 10 / 300
Got 4167 / 5000 correct (83.34)
Starting epoch 11 / 300
Got 4195 / 5000 correct (83.90)
Starting epoch 12 / 300
Got 4206 / 5000 correct (84.12)
Starting epoch 13 / 300
Got 4244 / 5000 correct (84.88)
Starting epoch 14 / 300
Got 4266 / 5000 correct (85.32)
Starting epoch 15 / 300
Got 4228 / 5000 correct (84.56)
Starting epoch 16 / 300
Got 4258 / 5000 correct (85.16)
Starting epoch 17 / 300
Got 4245 / 5000 correct (84.90)
Starting epoch 18 / 300
Got 4301 / 5000 correct (86.02)
Starting epoch 19 / 300
Got 4266 / 5000 correct (85.32)
Starting epoch 20 / 300
Got 4311 / 5000 correct (86.22)
Starting epoch 21 / 300
Got 4328 / 5000 correct (86.56)
Starting epoch 22 / 300
Got 4342 / 5000 correct (86.84)
Starting epoch 23 / 300
Got 4368 / 5000 correct (87.36)
Starting epoch 24 / 300
Got 4309 / 5000 correct (86.18)
Starting epoch 25 / 300
Got 4336 / 5000 correct (86.72)
Starting epoch 26 / 300
Got 4326 / 5000 correct (86.52)
Starting epoch 27 / 300
Got 4366 / 5000 correct (87.32)
Starting epoch 28 / 300
Got 4341 / 5000 correct (86.82)
Starting epoch 29 / 300
Got 4359 / 5000 correct (87.18)
Starting epoch 30 / 300
Got 4376 / 5000 correct (87.52)
Starting epoch 31 / 300
Got 4347 / 5000 correct (86.94)
Starting epoch 32 / 300
Got 4336 / 5000 correct (86.72)
Starting epoch 33 / 300
Got 4380 / 5000 correct (87.60)
Starting epoch 34 / 300
Got 4362 / 5000 correct (87.24)
Starting epoch 35 / 300
Got 4350 / 5000 correct (87.00)
Starting epoch 36 / 300
Got 4358 / 5000 correct (87.16)
Starting epoch 37 / 300
Got 4394 / 5000 correct (87.88)
Starting epoch 38 / 300
Got 4384 / 5000 correct (87.68)
Starting epoch 39 / 300
Got 4384 / 5000 correct (87.68)
Starting epoch 40 / 300
Got 4406 / 5000 correct (88.12)
Starting epoch 41 / 300
Got 4371 / 5000 correct (87.42)
Starting epoch 42 / 300
Got 4409 / 5000 correct (88.18)
Starting epoch 43 / 300
Got 4359 / 5000 correct (87.18)
Starting epoch 44 / 300
Got 4395 / 5000 correct (87.90)
Starting epoch 45 / 300
Got 4380 / 5000 correct (87.60)
Starting epoch 46 / 300
Got 4370 / 5000 correct (87.40)
Starting epoch 47 / 300
Got 4369 / 5000 correct (87.38)
Starting epoch 48 / 300
Got 4440 / 5000 correct (88.80)
Starting epoch 49 / 300
Got 4351 / 5000 correct (87.02)
Starting epoch 50 / 300
Got 4393 / 5000 correct (87.86)
Starting epoch 51 / 300
Got 4391 / 5000 correct (87.82)
Starting epoch 52 / 300
Got 4388 / 5000 correct (87.76)
Starting epoch 53 / 300
Got 4402 / 5000 correct (88.04)
Starting epoch 54 / 300
Got 4428 / 5000 correct (88.56)
Starting epoch 55 / 300
Got 4410 / 5000 correct (88.20)
Starting epoch 56 / 300
Got 4389 / 5000 correct (87.78)
Starting epoch 57 / 300
Got 4437 / 5000 correct (88.74)
Starting epoch 58 / 300
Got 4368 / 5000 correct (87.36)
Starting epoch 59 / 300
Got 4418 / 5000 correct (88.36)
Starting epoch 60 / 300
Got 4406 / 5000 correct (88.12)
Starting epoch 61 / 300
Got 4434 / 5000 correct (88.68)
Starting epoch 62 / 300
Got 4405 / 5000 correct (88.10)
Starting epoch 63 / 300
Got 4420 / 5000 correct (88.40)
Starting epoch 64 / 300
Got 4419 / 5000 correct (88.38)
Starting epoch 65 / 300
Got 4386 / 5000 correct (87.72)
Starting epoch 66 / 300
Got 4426 / 5000 correct (88.52)
Starting epoch 67 / 300
Got 4439 / 5000 correct (88.78)
Starting epoch 68 / 300
Got 4435 / 5000 correct (88.70)
Starting epoch 69 / 300
Got 4441 / 5000 correct (88.82)
Starting epoch 70 / 300
Got 4423 / 5000 correct (88.46)
Starting epoch 71 / 300
Got 4404 / 5000 correct (88.08)
Starting epoch 72 / 300
Got 4406 / 5000 correct (88.12)
Starting epoch 73 / 300
Got 4401 / 5000 correct (88.02)
Starting epoch 74 / 300
Got 4377 / 5000 correct (87.54)
Starting epoch 75 / 300
Got 4348 / 5000 correct (86.96)
Starting epoch 76 / 300
Got 4444 / 5000 correct (88.88)
Starting epoch 77 / 300
Got 4434 / 5000 correct (88.68)
Starting epoch 78 / 300
Got 4417 / 5000 correct (88.34)
Starting epoch 79 / 300
Got 4430 / 5000 correct (88.60)
Starting epoch 80 / 300
Got 4393 / 5000 correct (87.86)
Starting epoch 81 / 300
Got 4409 / 5000 correct (88.18)
Starting epoch 82 / 300
Got 4398 / 5000 correct (87.96)
Starting epoch 83 / 300
Got 4425 / 5000 correct (88.50)
Starting epoch 84 / 300
Got 4401 / 5000 correct (88.02)
Starting epoch 85 / 300
Got 4389 / 5000 correct (87.78)
Starting epoch 86 / 300
Got 4407 / 5000 correct (88.14)
Starting epoch 87 / 300
Got 4456 / 5000 correct (89.12)
Starting epoch 88 / 300
Got 4424 / 5000 correct (88.48)
Starting epoch 89 / 300
Got 4381 / 5000 correct (87.62)
Starting epoch 90 / 300
Got 4450 / 5000 correct (89.00)
Starting epoch 91 / 300
Got 4439 / 5000 correct (88.78)
Starting epoch 92 / 300
Got 4380 / 5000 correct (87.60)
Starting epoch 93 / 300
Got 4393 / 5000 correct (87.86)
Starting epoch 94 / 300
Got 4435 / 5000 correct (88.70)
Starting epoch 95 / 300
Got 4446 / 5000 correct (88.92)
Starting epoch 96 / 300
Got 4395 / 5000 correct (87.90)
Starting epoch 97 / 300
Got 4398 / 5000 correct (87.96)
Starting epoch 98 / 300
Got 4411 / 5000 correct (88.22)
Starting epoch 99 / 300
Got 4418 / 5000 correct (88.36)
Starting epoch 100 / 300
Got 4448 / 5000 correct (88.96)
Starting epoch 101 / 300
Got 4418 / 5000 correct (88.36)
Starting epoch 102 / 300
Got 4360 / 5000 correct (87.20)
Starting epoch 103 / 300
Got 4440 / 5000 correct (88.80)
Starting epoch 104 / 300
Got 4437 / 5000 correct (88.74)
Starting epoch 105 / 300
Got 4427 / 5000 correct (88.54)
Starting epoch 106 / 300
Got 4443 / 5000 correct (88.86)
Starting epoch 107 / 300
Got 4445 / 5000 correct (88.90)
Starting epoch 108 / 300
Got 4432 / 5000 correct (88.64)
Starting epoch 109 / 300
Got 4428 / 5000 correct (88.56)
Starting epoch 110 / 300
Got 4448 / 5000 correct (88.96)
Starting epoch 111 / 300
Got 4397 / 5000 correct (87.94)
Starting epoch 112 / 300
Got 4434 / 5000 correct (88.68)
Starting epoch 113 / 300
Got 4421 / 5000 correct (88.42)
Starting epoch 114 / 300
Got 4423 / 5000 correct (88.46)
Starting epoch 115 / 300
Got 4416 / 5000 correct (88.32)
Starting epoch 116 / 300
Got 4464 / 5000 correct (89.28)
Starting epoch 117 / 300
Got 4427 / 5000 correct (88.54)
Starting epoch 118 / 300
Got 4451 / 5000 correct (89.02)
Starting epoch 119 / 300
Got 4422 / 5000 correct (88.44)
Starting epoch 120 / 300
Got 4413 / 5000 correct (88.26)
Starting epoch 121 / 300
Got 4433 / 5000 correct (88.66)
Starting epoch 122 / 300
Got 4438 / 5000 correct (88.76)
Starting epoch 123 / 300
Got 4419 / 5000 correct (88.38)
Starting epoch 124 / 300
Got 4397 / 5000 correct (87.94)
Starting epoch 125 / 300
Got 4394 / 5000 correct (87.88)
Starting epoch 126 / 300
Got 4461 / 5000 correct (89.22)
Starting epoch 127 / 300
Got 4442 / 5000 correct (88.84)
Starting epoch 128 / 300
Got 4470 / 5000 correct (89.40)
Starting epoch 129 / 300
Got 4453 / 5000 correct (89.06)
Starting epoch 130 / 300
Got 4414 / 5000 correct (88.28)
Starting epoch 131 / 300
Got 4435 / 5000 correct (88.70)
Starting epoch 132 / 300
Got 4367 / 5000 correct (87.34)
Starting epoch 133 / 300
Got 4454 / 5000 correct (89.08)
Starting epoch 134 / 300
Got 4457 / 5000 correct (89.14)
Starting epoch 135 / 300
Got 4362 / 5000 correct (87.24)
Starting epoch 136 / 300
Got 4428 / 5000 correct (88.56)
Starting epoch 137 / 300
Got 4442 / 5000 correct (88.84)
Starting epoch 138 / 300
Got 4455 / 5000 correct (89.10)
Starting epoch 139 / 300
Got 4376 / 5000 correct (87.52)
Starting epoch 140 / 300
Got 4408 / 5000 correct (88.16)
Starting epoch 141 / 300
Got 4439 / 5000 correct (88.78)
Starting epoch 142 / 300
Got 4460 / 5000 correct (89.20)
Starting epoch 143 / 300
Got 4411 / 5000 correct (88.22)
Starting epoch 144 / 300
Got 4461 / 5000 correct (89.22)
Starting epoch 145 / 300
Got 4462 / 5000 correct (89.24)
Starting epoch 146 / 300
Got 4436 / 5000 correct (88.72)
Starting epoch 147 / 300
Got 4453 / 5000 correct (89.06)
Starting epoch 148 / 300
Got 4447 / 5000 correct (88.94)
Starting epoch 149 / 300
Got 4440 / 5000 correct (88.80)
Starting epoch 150 / 300
Got 4438 / 5000 correct (88.76)
Starting epoch 151 / 300
Got 4594 / 5000 correct (91.88)
Starting epoch 152 / 300
Got 4596 / 5000 correct (91.92)
Starting epoch 153 / 300
Got 4613 / 5000 correct (92.26)
Starting epoch 154 / 300
Got 4616 / 5000 correct (92.32)
Starting epoch 155 / 300
Got 4618 / 5000 correct (92.36)
Starting epoch 156 / 300
Got 4622 / 5000 correct (92.44)
Starting epoch 157 / 300
Got 4617 / 5000 correct (92.34)
Starting epoch 158 / 300
Got 4632 / 5000 correct (92.64)
Starting epoch 159 / 300
Got 4632 / 5000 correct (92.64)
Starting epoch 160 / 300
Got 4621 / 5000 correct (92.42)
Starting epoch 161 / 300
Got 4621 / 5000 correct (92.42)
Starting epoch 162 / 300
Got 4620 / 5000 correct (92.40)
Starting epoch 163 / 300
Got 4613 / 5000 correct (92.26)
Starting epoch 164 / 300
Got 4611 / 5000 correct (92.22)
Starting epoch 165 / 300
Got 4613 / 5000 correct (92.26)
Starting epoch 166 / 300
Got 4619 / 5000 correct (92.38)
Starting epoch 167 / 300
Got 4622 / 5000 correct (92.44)
Starting epoch 168 / 300
Got 4618 / 5000 correct (92.36)
Starting epoch 169 / 300
Got 4616 / 5000 correct (92.32)
Starting epoch 170 / 300
Got 4620 / 5000 correct (92.40)
Starting epoch 171 / 300
Got 4622 / 5000 correct (92.44)
Starting epoch 172 / 300
Got 4620 / 5000 correct (92.40)
Starting epoch 173 / 300
Got 4622 / 5000 correct (92.44)
Starting epoch 174 / 300
Got 4618 / 5000 correct (92.36)
Starting epoch 175 / 300
Got 4623 / 5000 correct (92.46)
Starting epoch 176 / 300
Got 4634 / 5000 correct (92.68)
Starting epoch 177 / 300
Got 4635 / 5000 correct (92.70)
Starting epoch 178 / 300
Got 4630 / 5000 correct (92.60)
Starting epoch 179 / 300
Got 4627 / 5000 correct (92.54)
Starting epoch 180 / 300
Got 4628 / 5000 correct (92.56)
Starting epoch 181 / 300
Got 4628 / 5000 correct (92.56)
Starting epoch 182 / 300
Got 4625 / 5000 correct (92.50)
Starting epoch 183 / 300
Got 4630 / 5000 correct (92.60)
Starting epoch 184 / 300
Got 4625 / 5000 correct (92.50)
Starting epoch 185 / 300
Got 4631 / 5000 correct (92.62)
Starting epoch 186 / 300
Got 4626 / 5000 correct (92.52)
Starting epoch 187 / 300
Got 4624 / 5000 correct (92.48)
Starting epoch 188 / 300
Got 4618 / 5000 correct (92.36)
Starting epoch 189 / 300
Got 4623 / 5000 correct (92.46)
Starting epoch 190 / 300
Got 4628 / 5000 correct (92.56)
Starting epoch 191 / 300
Got 4622 / 5000 correct (92.44)
Starting epoch 192 / 300
Got 4623 / 5000 correct (92.46)
Starting epoch 193 / 300
Got 4622 / 5000 correct (92.44)
Starting epoch 194 / 300
Got 4626 / 5000 correct (92.52)
Starting epoch 195 / 300
Got 4632 / 5000 correct (92.64)
Starting epoch 196 / 300
Got 4627 / 5000 correct (92.54)
Starting epoch 197 / 300
Got 4629 / 5000 correct (92.58)
Starting epoch 198 / 300
Got 4628 / 5000 correct (92.56)
Starting epoch 199 / 300
Got 4629 / 5000 correct (92.58)
Starting epoch 200 / 300
Got 4630 / 5000 correct (92.60)
Starting epoch 201 / 300
Got 4633 / 5000 correct (92.66)
Starting epoch 202 / 300
Got 4629 / 5000 correct (92.58)
Starting epoch 203 / 300
Got 4622 / 5000 correct (92.44)
Starting epoch 204 / 300
Got 4629 / 5000 correct (92.58)
Starting epoch 205 / 300
Got 4632 / 5000 correct (92.64)
Starting epoch 206 / 300
Got 4628 / 5000 correct (92.56)
Starting epoch 207 / 300
Got 4636 / 5000 correct (92.72)
Starting epoch 208 / 300
Got 4630 / 5000 correct (92.60)
Starting epoch 209 / 300
Got 4634 / 5000 correct (92.68)
Starting epoch 210 / 300
Got 4631 / 5000 correct (92.62)
Starting epoch 211 / 300
Got 4632 / 5000 correct (92.64)
Starting epoch 212 / 300
Got 4629 / 5000 correct (92.58)
Starting epoch 213 / 300
Got 4636 / 5000 correct (92.72)
Starting epoch 214 / 300
Got 4633 / 5000 correct (92.66)
Starting epoch 215 / 300
Got 4634 / 5000 correct (92.68)
Starting epoch 216 / 300
Got 4633 / 5000 correct (92.66)
Starting epoch 217 / 300
Got 4643 / 5000 correct (92.86)
Starting epoch 218 / 300
Got 4639 / 5000 correct (92.78)
Starting epoch 219 / 300
Got 4639 / 5000 correct (92.78)
Starting epoch 220 / 300
Got 4636 / 5000 correct (92.72)
Starting epoch 221 / 300
Got 4634 / 5000 correct (92.68)
Starting epoch 222 / 300
Got 4631 / 5000 correct (92.62)
Starting epoch 223 / 300
Got 4632 / 5000 correct (92.64)
Starting epoch 224 / 300
Got 4631 / 5000 correct (92.62)
Starting epoch 225 / 300
Got 4625 / 5000 correct (92.50)
Starting epoch 226 / 300
Got 4625 / 5000 correct (92.50)
Starting epoch 227 / 300
Got 4624 / 5000 correct (92.48)
Starting epoch 228 / 300
Got 4624 / 5000 correct (92.48)
Starting epoch 229 / 300
Got 4626 / 5000 correct (92.52)
Starting epoch 230 / 300
Got 4628 / 5000 correct (92.56)
Starting epoch 231 / 300
Got 4627 / 5000 correct (92.54)
Starting epoch 232 / 300
Got 4628 / 5000 correct (92.56)
Starting epoch 233 / 300
Got 4625 / 5000 correct (92.50)
Starting epoch 234 / 300
Got 4627 / 5000 correct (92.54)
Starting epoch 235 / 300
Got 4629 / 5000 correct (92.58)
Starting epoch 236 / 300
Got 4629 / 5000 correct (92.58)
Starting epoch 237 / 300
Got 4631 / 5000 correct (92.62)
Starting epoch 238 / 300
Got 4630 / 5000 correct (92.60)
Starting epoch 239 / 300
Got 4632 / 5000 correct (92.64)
Starting epoch 240 / 300
Got 4631 / 5000 correct (92.62)
Starting epoch 241 / 300
Got 4630 / 5000 correct (92.60)
Starting epoch 242 / 300
Got 4627 / 5000 correct (92.54)
Starting epoch 243 / 300
Got 4626 / 5000 correct (92.52)
Starting epoch 244 / 300
Got 4629 / 5000 correct (92.58)
Starting epoch 245 / 300
Got 4630 / 5000 correct (92.60)
Starting epoch 246 / 300
Got 4629 / 5000 correct (92.58)
Starting epoch 247 / 300
Got 4631 / 5000 correct (92.62)
Starting epoch 248 / 300
Got 4632 / 5000 correct (92.64)
Starting epoch 249 / 300
Got 4631 / 5000 correct (92.62)
Starting epoch 250 / 300
Got 4631 / 5000 correct (92.62)
Starting epoch 251 / 300
Got 4631 / 5000 correct (92.62)
Starting epoch 252 / 300
Got 4632 / 5000 correct (92.64)
Starting epoch 253 / 300
Got 4634 / 5000 correct (92.68)
Starting epoch 254 / 300
Got 4633 / 5000 correct (92.66)
Starting epoch 255 / 300
Got 4634 / 5000 correct (92.68)
Starting epoch 256 / 300
Got 4633 / 5000 correct (92.66)
Starting epoch 257 / 300
Got 4636 / 5000 correct (92.72)
Starting epoch 258 / 300
Got 4635 / 5000 correct (92.70)
Starting epoch 259 / 300
Got 4637 / 5000 correct (92.74)
Starting epoch 260 / 300
Got 4633 / 5000 correct (92.66)
Starting epoch 261 / 300
Got 4637 / 5000 correct (92.74)
Starting epoch 262 / 300
Got 4637 / 5000 correct (92.74)
Starting epoch 263 / 300
Got 4635 / 5000 correct (92.70)
Starting epoch 264 / 300
Got 4631 / 5000 correct (92.62)
Starting epoch 265 / 300
Got 4632 / 5000 correct (92.64)
Starting epoch 266 / 300
Got 4630 / 5000 correct (92.60)
Starting epoch 267 / 300
Got 4634 / 5000 correct (92.68)
Starting epoch 268 / 300
Got 4635 / 5000 correct (92.70)
Starting epoch 269 / 300
Got 4631 / 5000 correct (92.62)
Starting epoch 270 / 300
Got 4634 / 5000 correct (92.68)
Starting epoch 271 / 300
Got 4632 / 5000 correct (92.64)
Starting epoch 272 / 300
Got 4635 / 5000 correct (92.70)
Starting epoch 273 / 300
Got 4636 / 5000 correct (92.72)
Starting epoch 274 / 300
Got 4634 / 5000 correct (92.68)
Starting epoch 275 / 300
Got 4635 / 5000 correct (92.70)
Starting epoch 276 / 300
Got 4638 / 5000 correct (92.76)
Starting epoch 277 / 300
Got 4637 / 5000 correct (92.74)
Starting epoch 278 / 300
Got 4638 / 5000 correct (92.76)
Starting epoch 279 / 300
Got 4637 / 5000 correct (92.74)
Starting epoch 280 / 300
Got 4637 / 5000 correct (92.74)
Starting epoch 281 / 300
Got 4636 / 5000 correct (92.72)
Starting epoch 282 / 300
Got 4639 / 5000 correct (92.78)
Starting epoch 283 / 300
Got 4636 / 5000 correct (92.72)
Starting epoch 284 / 300
Got 4636 / 5000 correct (92.72)
Starting epoch 285 / 300
Got 4635 / 5000 correct (92.70)
Starting epoch 286 / 300
Got 4634 / 5000 correct (92.68)
Starting epoch 287 / 300
Got 4634 / 5000 correct (92.68)
Starting epoch 288 / 300
Got 4636 / 5000 correct (92.72)
Starting epoch 289 / 300
Got 4637 / 5000 correct (92.74)
Starting epoch 290 / 300
Got 4636 / 5000 correct (92.72)
Starting epoch 291 / 300
Got 4634 / 5000 correct (92.68)
Starting epoch 292 / 300
Got 4637 / 5000 correct (92.74)
Starting epoch 293 / 300
Got 4637 / 5000 correct (92.74)
Starting epoch 294 / 300
Got 4636 / 5000 correct (92.72)
Starting epoch 295 / 300
Got 4633 / 5000 correct (92.66)
Starting epoch 296 / 300
Got 4633 / 5000 correct (92.66)
Starting epoch 297 / 300
Got 4631 / 5000 correct (92.62)
Starting epoch 298 / 300
Got 4631 / 5000 correct (92.62)
Starting epoch 299 / 300
Got 4633 / 5000 correct (92.66)
Starting epoch 300 / 300
Got 4634 / 5000 correct (92.68)
ResNeXt20_8x16d Final test accuracy:
Got 9201 / 10000 correct (92.01)
***************
Starting epoch 1 / 300
Got 2468 / 5000 correct (49.36)
Starting epoch 2 / 300
Got 3290 / 5000 correct (65.80)
Starting epoch 3 / 300
Got 3435 / 5000 correct (68.70)
Starting epoch 4 / 300
Got 3701 / 5000 correct (74.02)
Starting epoch 5 / 300
Got 3824 / 5000 correct (76.48)
Starting epoch 6 / 300
Got 3975 / 5000 correct (79.50)
Starting epoch 7 / 300
Got 4076 / 5000 correct (81.52)
Starting epoch 8 / 300
Got 4152 / 5000 correct (83.04)
Starting epoch 9 / 300
Got 4150 / 5000 correct (83.00)
Starting epoch 10 / 300
Got 4182 / 5000 correct (83.64)
Starting epoch 11 / 300
Got 4195 / 5000 correct (83.90)
Starting epoch 12 / 300
Got 4211 / 5000 correct (84.22)
Starting epoch 13 / 300
Got 4248 / 5000 correct (84.96)
Starting epoch 14 / 300
Got 4267 / 5000 correct (85.34)
Starting epoch 15 / 300
Got 4265 / 5000 correct (85.30)
Starting epoch 16 / 300
Got 4281 / 5000 correct (85.62)
Starting epoch 17 / 300
Got 4328 / 5000 correct (86.56)
Starting epoch 18 / 300
Got 4305 / 5000 correct (86.10)
Starting epoch 19 / 300
Got 4339 / 5000 correct (86.78)
Starting epoch 20 / 300
Got 4328 / 5000 correct (86.56)
Starting epoch 21 / 300
Got 4307 / 5000 correct (86.14)
Starting epoch 22 / 300
Got 4351 / 5000 correct (87.02)
Starting epoch 23 / 300
Got 4350 / 5000 correct (87.00)
Starting epoch 24 / 300
Got 4344 / 5000 correct (86.88)
Starting epoch 25 / 300
Got 4297 / 5000 correct (85.94)
Starting epoch 26 / 300
Got 4364 / 5000 correct (87.28)
Starting epoch 27 / 300
Got 4346 / 5000 correct (86.92)
Starting epoch 28 / 300
Got 4333 / 5000 correct (86.66)
Starting epoch 29 / 300
Got 4361 / 5000 correct (87.22)
Starting epoch 30 / 300
Got 4357 / 5000 correct (87.14)
Starting epoch 31 / 300
Got 4365 / 5000 correct (87.30)
Starting epoch 32 / 300
Got 4334 / 5000 correct (86.68)
Starting epoch 33 / 300
Got 4348 / 5000 correct (86.96)
Starting epoch 34 / 300
Got 4380 / 5000 correct (87.60)
Starting epoch 35 / 300
Got 4399 / 5000 correct (87.98)
Starting epoch 36 / 300
Got 4366 / 5000 correct (87.32)
Starting epoch 37 / 300
Got 4396 / 5000 correct (87.92)
Starting epoch 38 / 300
Got 4377 / 5000 correct (87.54)
Starting epoch 39 / 300
Got 4385 / 5000 correct (87.70)
Starting epoch 40 / 300
Got 4384 / 5000 correct (87.68)
Starting epoch 41 / 300
Got 4370 / 5000 correct (87.40)
Starting epoch 42 / 300
Got 4380 / 5000 correct (87.60)
Starting epoch 43 / 300
Got 4380 / 5000 correct (87.60)
Starting epoch 44 / 300
Got 4376 / 5000 correct (87.52)
Starting epoch 45 / 300
Got 4444 / 5000 correct (88.88)
Starting epoch 46 / 300
Got 4392 / 5000 correct (87.84)
Starting epoch 47 / 300
Got 4407 / 5000 correct (88.14)
Starting epoch 48 / 300
Got 4405 / 5000 correct (88.10)
Starting epoch 49 / 300
Got 4400 / 5000 correct (88.00)
Starting epoch 50 / 300
Got 4409 / 5000 correct (88.18)
Starting epoch 51 / 300
Got 4382 / 5000 correct (87.64)
Starting epoch 52 / 300
Got 4403 / 5000 correct (88.06)
Starting epoch 53 / 300
Got 4426 / 5000 correct (88.52)
Starting epoch 54 / 300
Got 4395 / 5000 correct (87.90)
Starting epoch 55 / 300
Got 4368 / 5000 correct (87.36)
Starting epoch 56 / 300
Got 4403 / 5000 correct (88.06)
Starting epoch 57 / 300
Got 4398 / 5000 correct (87.96)
Starting epoch 58 / 300
Got 4384 / 5000 correct (87.68)
Starting epoch 59 / 300
Got 4421 / 5000 correct (88.42)
Starting epoch 60 / 300
Got 4400 / 5000 correct (88.00)
Starting epoch 61 / 300
Got 4429 / 5000 correct (88.58)
Starting epoch 62 / 300
Got 4447 / 5000 correct (88.94)
Starting epoch 63 / 300
Got 4368 / 5000 correct (87.36)
Starting epoch 64 / 300
Got 4394 / 5000 correct (87.88)
Starting epoch 65 / 300
Got 4417 / 5000 correct (88.34)
Starting epoch 66 / 300
Got 4384 / 5000 correct (87.68)
Starting epoch 67 / 300
Got 4414 / 5000 correct (88.28)
Starting epoch 68 / 300
Got 4435 / 5000 correct (88.70)
Starting epoch 69 / 300
Got 4415 / 5000 correct (88.30)
Starting epoch 70 / 300
Got 4415 / 5000 correct (88.30)
Starting epoch 71 / 300
Got 4432 / 5000 correct (88.64)
Starting epoch 72 / 300
Got 4389 / 5000 correct (87.78)
Starting epoch 73 / 300
Got 4450 / 5000 correct (89.00)
Starting epoch 74 / 300
Got 4371 / 5000 correct (87.42)
Starting epoch 75 / 300
Got 4438 / 5000 correct (88.76)
Starting epoch 76 / 300
Got 4439 / 5000 correct (88.78)
Starting epoch 77 / 300
Got 4414 / 5000 correct (88.28)
Starting epoch 78 / 300
Got 4426 / 5000 correct (88.52)
Starting epoch 79 / 300
Got 4433 / 5000 correct (88.66)
Starting epoch 80 / 300
Got 4433 / 5000 correct (88.66)
Starting epoch 81 / 300
Got 4411 / 5000 correct (88.22)
Starting epoch 82 / 300
Got 4419 / 5000 correct (88.38)
Starting epoch 83 / 300
Got 4395 / 5000 correct (87.90)
Starting epoch 84 / 300
Got 4431 / 5000 correct (88.62)
Starting epoch 85 / 300
Got 4416 / 5000 correct (88.32)
Starting epoch 86 / 300
Got 4396 / 5000 correct (87.92)
Starting epoch 87 / 300
Got 4421 / 5000 correct (88.42)
Starting epoch 88 / 300
Got 4400 / 5000 correct (88.00)
Starting epoch 89 / 300
Got 4416 / 5000 correct (88.32)
Starting epoch 90 / 300
Got 4430 / 5000 correct (88.60)
Starting epoch 91 / 300
Got 4488 / 5000 correct (89.76)
Starting epoch 92 / 300
Got 4415 / 5000 correct (88.30)
Starting epoch 93 / 300
Got 4450 / 5000 correct (89.00)
Starting epoch 94 / 300
Got 4426 / 5000 correct (88.52)
Starting epoch 95 / 300
Got 4404 / 5000 correct (88.08)
Starting epoch 96 / 300
Got 4442 / 5000 correct (88.84)
Starting epoch 97 / 300
Got 4449 / 5000 correct (88.98)
Starting epoch 98 / 300
Got 4432 / 5000 correct (88.64)
Starting epoch 99 / 300
Got 4448 / 5000 correct (88.96)
Starting epoch 100 / 300
Got 4432 / 5000 correct (88.64)
Starting epoch 101 / 300
Got 4450 / 5000 correct (89.00)
Starting epoch 102 / 300
Got 4407 / 5000 correct (88.14)
Starting epoch 103 / 300
Got 4349 / 5000 correct (86.98)
Starting epoch 104 / 300
Got 4400 / 5000 correct (88.00)
Starting epoch 105 / 300
Got 4412 / 5000 correct (88.24)
Starting epoch 106 / 300
Got 4416 / 5000 correct (88.32)
Starting epoch 107 / 300
Got 4486 / 5000 correct (89.72)
Starting epoch 108 / 300
Got 4435 / 5000 correct (88.70)
Starting epoch 109 / 300
Got 4439 / 5000 correct (88.78)
Starting epoch 110 / 300
Got 4424 / 5000 correct (88.48)
Starting epoch 111 / 300
Got 4440 / 5000 correct (88.80)
Starting epoch 112 / 300
Got 4409 / 5000 correct (88.18)
Starting epoch 113 / 300
Got 4355 / 5000 correct (87.10)
Starting epoch 114 / 300
Got 4430 / 5000 correct (88.60)
Starting epoch 115 / 300
Got 4460 / 5000 correct (89.20)
Starting epoch 116 / 300
Got 4412 / 5000 correct (88.24)
Starting epoch 117 / 300
Got 4444 / 5000 correct (88.88)
Starting epoch 118 / 300
Got 4454 / 5000 correct (89.08)
Starting epoch 119 / 300
Got 4427 / 5000 correct (88.54)
Starting epoch 120 / 300
Got 4480 / 5000 correct (89.60)
Starting epoch 121 / 300
Got 4401 / 5000 correct (88.02)
Starting epoch 122 / 300
Got 4463 / 5000 correct (89.26)
Starting epoch 123 / 300
Got 4442 / 5000 correct (88.84)
Starting epoch 124 / 300
Got 4472 / 5000 correct (89.44)
Starting epoch 125 / 300
Got 4469 / 5000 correct (89.38)
Starting epoch 126 / 300
Got 4465 / 5000 correct (89.30)
Starting epoch 127 / 300
Got 4457 / 5000 correct (89.14)
Starting epoch 128 / 300
Got 4479 / 5000 correct (89.58)
Starting epoch 129 / 300
Got 4431 / 5000 correct (88.62)
Starting epoch 130 / 300
Got 4453 / 5000 correct (89.06)
Starting epoch 131 / 300
Got 4403 / 5000 correct (88.06)
Starting epoch 132 / 300
Got 4432 / 5000 correct (88.64)
Starting epoch 133 / 300
Got 4437 / 5000 correct (88.74)
Starting epoch 134 / 300
Got 4416 / 5000 correct (88.32)
Starting epoch 135 / 300
Got 4421 / 5000 correct (88.42)
Starting epoch 136 / 300
Got 4376 / 5000 correct (87.52)
Starting epoch 137 / 300
Got 4478 / 5000 correct (89.56)
Starting epoch 138 / 300
Got 4457 / 5000 correct (89.14)
Starting epoch 139 / 300
Got 4403 / 5000 correct (88.06)
Starting epoch 140 / 300
Got 4410 / 5000 correct (88.20)
Starting epoch 141 / 300
Got 4422 / 5000 correct (88.44)
Starting epoch 142 / 300
Got 4497 / 5000 correct (89.94)
Starting epoch 143 / 300
Got 4455 / 5000 correct (89.10)
Starting epoch 144 / 300
Got 4413 / 5000 correct (88.26)
Starting epoch 145 / 300
Got 4498 / 5000 correct (89.96)
Starting epoch 146 / 300
Got 4479 / 5000 correct (89.58)
Starting epoch 147 / 300
Got 4391 / 5000 correct (87.82)
Starting epoch 148 / 300
Got 4462 / 5000 correct (89.24)
Starting epoch 149 / 300
Got 4465 / 5000 correct (89.30)
Starting epoch 150 / 300
Got 4382 / 5000 correct (87.64)
Starting epoch 151 / 300
Got 4560 / 5000 correct (91.20)
Starting epoch 152 / 300
Got 4581 / 5000 correct (91.62)
Starting epoch 153 / 300
Got 4592 / 5000 correct (91.84)
Starting epoch 154 / 300
Got 4602 / 5000 correct (92.04)
Starting epoch 155 / 300
Got 4604 / 5000 correct (92.08)
Starting epoch 156 / 300
Got 4604 / 5000 correct (92.08)
Starting epoch 157 / 300
Got 4598 / 5000 correct (91.96)
Starting epoch 158 / 300
Got 4605 / 5000 correct (92.10)
Starting epoch 159 / 300
Got 4605 / 5000 correct (92.10)
Starting epoch 160 / 300
Got 4603 / 5000 correct (92.06)
Starting epoch 161 / 300
Got 4606 / 5000 correct (92.12)
Starting epoch 162 / 300
Got 4609 / 5000 correct (92.18)
Starting epoch 163 / 300
Got 4609 / 5000 correct (92.18)
Starting epoch 164 / 300
Got 4608 / 5000 correct (92.16)
Starting epoch 165 / 300
Got 4616 / 5000 correct (92.32)
Starting epoch 166 / 300
Got 4613 / 5000 correct (92.26)
Starting epoch 167 / 300
Got 4612 / 5000 correct (92.24)
Starting epoch 168 / 300
Got 4612 / 5000 correct (92.24)
Starting epoch 169 / 300
Got 4622 / 5000 correct (92.44)
Starting epoch 170 / 300
Got 4617 / 5000 correct (92.34)
Starting epoch 171 / 300
Got 4610 / 5000 correct (92.20)
Starting epoch 172 / 300
Got 4610 / 5000 correct (92.20)
Starting epoch 173 / 300
Got 4619 / 5000 correct (92.38)
Starting epoch 174 / 300
Got 4613 / 5000 correct (92.26)
Starting epoch 175 / 300
Got 4620 / 5000 correct (92.40)
Starting epoch 176 / 300
Got 4623 / 5000 correct (92.46)
Starting epoch 177 / 300
Got 4622 / 5000 correct (92.44)
Starting epoch 178 / 300
Got 4616 / 5000 correct (92.32)
Starting epoch 179 / 300
Got 4623 / 5000 correct (92.46)
Starting epoch 180 / 300
Got 4622 / 5000 correct (92.44)
Starting epoch 181 / 300
Got 4620 / 5000 correct (92.40)
Starting epoch 182 / 300
Got 4616 / 5000 correct (92.32)
Starting epoch 183 / 300
Got 4617 / 5000 correct (92.34)
Starting epoch 184 / 300
Got 4628 / 5000 correct (92.56)
Starting epoch 185 / 300
Got 4625 / 5000 correct (92.50)
Starting epoch 186 / 300
Got 4616 / 5000 correct (92.32)
Starting epoch 187 / 300
Got 4622 / 5000 correct (92.44)
Starting epoch 188 / 300
Got 4615 / 5000 correct (92.30)
Starting epoch 189 / 300
Got 4625 / 5000 correct (92.50)
Starting epoch 190 / 300
Got 4623 / 5000 correct (92.46)
Starting epoch 191 / 300
Got 4630 / 5000 correct (92.60)
Starting epoch 192 / 300
Got 4631 / 5000 correct (92.62)
Starting epoch 193 / 300
Got 4630 / 5000 correct (92.60)
Starting epoch 194 / 300
Got 4631 / 5000 correct (92.62)
Starting epoch 195 / 300
Got 4630 / 5000 correct (92.60)
Starting epoch 196 / 300
Got 4623 / 5000 correct (92.46)
Starting epoch 197 / 300
Got 4626 / 5000 correct (92.52)
Starting epoch 198 / 300
Got 4635 / 5000 correct (92.70)
Starting epoch 199 / 300
Got 4629 / 5000 correct (92.58)
Starting epoch 200 / 300
Got 4624 / 5000 correct (92.48)
Starting epoch 201 / 300
Got 4630 / 5000 correct (92.60)
Starting epoch 202 / 300
Got 4632 / 5000 correct (92.64)
Starting epoch 203 / 300
Got 4638 / 5000 correct (92.76)
Starting epoch 204 / 300
Got 4635 / 5000 correct (92.70)
Starting epoch 205 / 300
Got 4630 / 5000 correct (92.60)
Starting epoch 206 / 300
Got 4637 / 5000 correct (92.74)
Starting epoch 207 / 300
Got 4636 / 5000 correct (92.72)
Starting epoch 208 / 300
Got 4632 / 5000 correct (92.64)
Starting epoch 209 / 300
Got 4636 / 5000 correct (92.72)
Starting epoch 210 / 300
Got 4641 / 5000 correct (92.82)
Starting epoch 211 / 300
Got 4638 / 5000 correct (92.76)
Starting epoch 212 / 300
Got 4641 / 5000 correct (92.82)
Starting epoch 213 / 300
Got 4637 / 5000 correct (92.74)
Starting epoch 214 / 300
Got 4635 / 5000 correct (92.70)
Starting epoch 215 / 300
Got 4632 / 5000 correct (92.64)
Starting epoch 216 / 300
Got 4640 / 5000 correct (92.80)
Starting epoch 217 / 300
Got 4640 / 5000 correct (92.80)
Starting epoch 218 / 300
Got 4631 / 5000 correct (92.62)
Starting epoch 219 / 300
Got 4637 / 5000 correct (92.74)
Starting epoch 220 / 300
Got 4636 / 5000 correct (92.72)
Starting epoch 221 / 300
Got 4639 / 5000 correct (92.78)
Starting epoch 222 / 300
Got 4631 / 5000 correct (92.62)
Starting epoch 223 / 300
Got 4632 / 5000 correct (92.64)
Starting epoch 224 / 300
Got 4633 / 5000 correct (92.66)
Starting epoch 225 / 300
Got 4637 / 5000 correct (92.74)
Starting epoch 226 / 300
Got 4637 / 5000 correct (92.74)
Starting epoch 227 / 300
Got 4636 / 5000 correct (92.72)
Starting epoch 228 / 300
Got 4637 / 5000 correct (92.74)
Starting epoch 229 / 300
Got 4634 / 5000 correct (92.68)
Starting epoch 230 / 300
Got 4636 / 5000 correct (92.72)
Starting epoch 231 / 300
Got 4634 / 5000 correct (92.68)
Starting epoch 232 / 300
Got 4636 / 5000 correct (92.72)
Starting epoch 233 / 300
Got 4636 / 5000 correct (92.72)
Starting epoch 234 / 300
Got 4634 / 5000 correct (92.68)
Starting epoch 235 / 300
Got 4632 / 5000 correct (92.64)
Starting epoch 236 / 300
Got 4632 / 5000 correct (92.64)
Starting epoch 237 / 300
Got 4634 / 5000 correct (92.68)
Starting epoch 238 / 300
Got 4633 / 5000 correct (92.66)
Starting epoch 239 / 300
Got 4635 / 5000 correct (92.70)
Starting epoch 240 / 300
Got 4636 / 5000 correct (92.72)
Starting epoch 241 / 300
Got 4637 / 5000 correct (92.74)
Starting epoch 242 / 300
Got 4636 / 5000 correct (92.72)
Starting epoch 243 / 300
Got 4635 / 5000 correct (92.70)
Starting epoch 244 / 300
Got 4635 / 5000 correct (92.70)
Starting epoch 245 / 300
Got 4633 / 5000 correct (92.66)
Starting epoch 246 / 300
Got 4632 / 5000 correct (92.64)
Starting epoch 247 / 300
Got 4632 / 5000 correct (92.64)
Starting epoch 248 / 300
Got 4633 / 5000 correct (92.66)
Starting epoch 249 / 300
Got 4631 / 5000 correct (92.62)
Starting epoch 250 / 300
Got 4631 / 5000 correct (92.62)
Starting epoch 251 / 300
Got 4631 / 5000 correct (92.62)
Starting epoch 252 / 300
Got 4630 / 5000 correct (92.60)
Starting epoch 253 / 300
Got 4632 / 5000 correct (92.64)
Starting epoch 254 / 300
Got 4633 / 5000 correct (92.66)
Starting epoch 255 / 300
Got 4631 / 5000 correct (92.62)
Starting epoch 256 / 300
Got 4634 / 5000 correct (92.68)
Starting epoch 257 / 300
Got 4633 / 5000 correct (92.66)
Starting epoch 258 / 300
Got 4632 / 5000 correct (92.64)
Starting epoch 259 / 300
Got 4632 / 5000 correct (92.64)
Starting epoch 260 / 300
Got 4631 / 5000 correct (92.62)
Starting epoch 261 / 300
Got 4635 / 5000 correct (92.70)
Starting epoch 262 / 300
Got 4635 / 5000 correct (92.70)
Starting epoch 263 / 300
Got 4636 / 5000 correct (92.72)
Starting epoch 264 / 300
Got 4634 / 5000 correct (92.68)
Starting epoch 265 / 300
Got 4634 / 5000 correct (92.68)
Starting epoch 266 / 300
Got 4636 / 5000 correct (92.72)
Starting epoch 267 / 300
Got 4636 / 5000 correct (92.72)
Starting epoch 268 / 300
Got 4638 / 5000 correct (92.76)
Starting epoch 269 / 300
Got 4634 / 5000 correct (92.68)
Starting epoch 270 / 300
Got 4636 / 5000 correct (92.72)
Starting epoch 271 / 300
Got 4635 / 5000 correct (92.70)
Starting epoch 272 / 300
Got 4634 / 5000 correct (92.68)
Starting epoch 273 / 300
Got 4632 / 5000 correct (92.64)
Starting epoch 274 / 300
Got 4630 / 5000 correct (92.60)
Starting epoch 275 / 300
Got 4630 / 5000 correct (92.60)
Starting epoch 276 / 300
Got 4633 / 5000 correct (92.66)
Starting epoch 277 / 300
Got 4632 / 5000 correct (92.64)
Starting epoch 278 / 300
Got 4631 / 5000 correct (92.62)
Starting epoch 279 / 300
Got 4631 / 5000 correct (92.62)
Starting epoch 280 / 300
Got 4633 / 5000 correct (92.66)
Starting epoch 281 / 300
Got 4636 / 5000 correct (92.72)
Starting epoch 282 / 300
Got 4632 / 5000 correct (92.64)
Starting epoch 283 / 300
Got 4634 / 5000 correct (92.68)
Starting epoch 284 / 300
Got 4634 / 5000 correct (92.68)
Starting epoch 285 / 300
Got 4636 / 5000 correct (92.72)
Starting epoch 286 / 300
Got 4635 / 5000 correct (92.70)
Starting epoch 287 / 300
Got 4637 / 5000 correct (92.74)
Starting epoch 288 / 300
Got 4637 / 5000 correct (92.74)
Starting epoch 289 / 300
Got 4637 / 5000 correct (92.74)
Starting epoch 290 / 300
Got 4637 / 5000 correct (92.74)
Starting epoch 291 / 300
Got 4637 / 5000 correct (92.74)
Starting epoch 292 / 300
Got 4641 / 5000 correct (92.82)
Starting epoch 293 / 300
Got 4641 / 5000 correct (92.82)
Starting epoch 294 / 300
Got 4639 / 5000 correct (92.78)
Starting epoch 295 / 300
Got 4641 / 5000 correct (92.82)
Starting epoch 296 / 300
Got 4638 / 5000 correct (92.76)
Starting epoch 297 / 300
Got 4638 / 5000 correct (92.76)
Starting epoch 298 / 300
Got 4637 / 5000 correct (92.74)
Starting epoch 299 / 300
Got 4641 / 5000 correct (92.82)
Starting epoch 300 / 300
Got 4639 / 5000 correct (92.78)
ResNeXt20_32x16d Final test accuracy:
Got 9206 / 10000 correct (92.06)
***************
Starting epoch 1 / 300


PS:

Read file <ResNeXt.err> for stderr output of this job.

