Sender: LSF System <lsfadmin@gpu03>
Subject: Job 41750: <SC> in cluster <cluster_lsf> Done

Job <SC> was submitted from host <mgtgpu02> by user <TJXY02> in cluster <cluster_lsf> at Fri Mar 26 09:13:17 2021
Job was executed on host(s) <gpu03>, in queue <gpu>, as user <TJXY02> in cluster <cluster_lsf> at Fri Mar 26 09:13:19 2021
</nfsshare/home/TJXY02> was used as the home directory.
</nfsshare/home/TJXY02> was used as the working directory.
Started at Fri Mar 26 09:13:19 2021
Terminated at Sat Mar 27 00:35:19 2021
Results reported at Sat Mar 27 00:35:19 2021

Your job looked like:

------------------------------------------------------------
# LSBATCH: User input
#!/bin/bash

#BSUB -J SC
#BSUB -q gpu
#BSUB -gpu "num=1"
#BSUB -n 1
#BSUB -o SC.out
#BSUB -e SC.err

source activate pytorch
python SC.py
------------------------------------------------------------

Successfully completed.

Resource usage summary:

    CPU time :                                   55388.52 sec.
    Max Memory :                                 2471 MB
    Average Memory :                             2420.32 MB
    Total Requested Memory :                     -
    Delta Memory :                               -
    Max Swap :                                   -
    Max Processes :                              4
    Max Threads :                                8
    Run time :                                   55319 sec.
    Turnaround time :                            55322 sec.

The output (if any) follows:

Starting epoch 1 / 300
Got 505 / 5000 correct (10.10)
Starting epoch 2 / 300
Got 556 / 5000 correct (11.12)
Starting epoch 3 / 300
Got 637 / 5000 correct (12.74)
Starting epoch 4 / 300
Got 680 / 5000 correct (13.60)
Starting epoch 5 / 300
Got 712 / 5000 correct (14.24)
Starting epoch 6 / 300
Got 892 / 5000 correct (17.84)
Starting epoch 7 / 300
Got 1029 / 5000 correct (20.58)
Starting epoch 8 / 300
Got 993 / 5000 correct (19.86)
Starting epoch 9 / 300
Got 1074 / 5000 correct (21.48)
Starting epoch 10 / 300
Got 1163 / 5000 correct (23.26)
Starting epoch 11 / 300
Got 1391 / 5000 correct (27.82)
Starting epoch 12 / 300
Got 1509 / 5000 correct (30.18)
Starting epoch 13 / 300
Got 1780 / 5000 correct (35.60)
Starting epoch 14 / 300
Got 1853 / 5000 correct (37.06)
Starting epoch 15 / 300
Got 2088 / 5000 correct (41.76)
Starting epoch 16 / 300
Got 2192 / 5000 correct (43.84)
Starting epoch 17 / 300
Got 2422 / 5000 correct (48.44)
Starting epoch 18 / 300
Got 2653 / 5000 correct (53.06)
Starting epoch 19 / 300
Got 2769 / 5000 correct (55.38)
Starting epoch 20 / 300
Got 2762 / 5000 correct (55.24)
Starting epoch 21 / 300
Got 2830 / 5000 correct (56.60)
Starting epoch 22 / 300
Got 2909 / 5000 correct (58.18)
Starting epoch 23 / 300
Got 3122 / 5000 correct (62.44)
Starting epoch 24 / 300
Got 3213 / 5000 correct (64.26)
Starting epoch 25 / 300
Got 3252 / 5000 correct (65.04)
Starting epoch 26 / 300
Got 3332 / 5000 correct (66.64)
Starting epoch 27 / 300
Got 3526 / 5000 correct (70.52)
Starting epoch 28 / 300
Got 3593 / 5000 correct (71.86)
Starting epoch 29 / 300
Got 3687 / 5000 correct (73.74)
Starting epoch 30 / 300
Got 3761 / 5000 correct (75.22)
Starting epoch 31 / 300
Got 3791 / 5000 correct (75.82)
Starting epoch 32 / 300
Got 3854 / 5000 correct (77.08)
Starting epoch 33 / 300
Got 3916 / 5000 correct (78.32)
Starting epoch 34 / 300
Got 3901 / 5000 correct (78.02)
Starting epoch 35 / 300
Got 3928 / 5000 correct (78.56)
Starting epoch 36 / 300
Got 4053 / 5000 correct (81.06)
Starting epoch 37 / 300
Got 4071 / 5000 correct (81.42)
Starting epoch 38 / 300
Got 4077 / 5000 correct (81.54)
Starting epoch 39 / 300
Got 4029 / 5000 correct (80.58)
Starting epoch 40 / 300
Got 4163 / 5000 correct (83.26)
Starting epoch 41 / 300
Got 4135 / 5000 correct (82.70)
Starting epoch 42 / 300
Got 4065 / 5000 correct (81.30)
Starting epoch 43 / 300
Got 4165 / 5000 correct (83.30)
Starting epoch 44 / 300
Got 4188 / 5000 correct (83.76)
Starting epoch 45 / 300
Got 4165 / 5000 correct (83.30)
Starting epoch 46 / 300
Got 4225 / 5000 correct (84.50)
Starting epoch 47 / 300
Got 4244 / 5000 correct (84.88)
Starting epoch 48 / 300
Got 4222 / 5000 correct (84.44)
Starting epoch 49 / 300
Got 4225 / 5000 correct (84.50)
Starting epoch 50 / 300
Got 4280 / 5000 correct (85.60)
Starting epoch 51 / 300
Got 4250 / 5000 correct (85.00)
Starting epoch 52 / 300
Got 4243 / 5000 correct (84.86)
Starting epoch 53 / 300
Got 4282 / 5000 correct (85.64)
Starting epoch 54 / 300
Got 4260 / 5000 correct (85.20)
Starting epoch 55 / 300
Got 4238 / 5000 correct (84.76)
Starting epoch 56 / 300
Got 4254 / 5000 correct (85.08)
Starting epoch 57 / 300
Got 4262 / 5000 correct (85.24)
Starting epoch 58 / 300
Got 4312 / 5000 correct (86.24)
Starting epoch 59 / 300
Got 4306 / 5000 correct (86.12)
Starting epoch 60 / 300
Got 4306 / 5000 correct (86.12)
Starting epoch 61 / 300
Got 4313 / 5000 correct (86.26)
Starting epoch 62 / 300
Got 4317 / 5000 correct (86.34)
Starting epoch 63 / 300
Got 4282 / 5000 correct (85.64)
Starting epoch 64 / 300
Got 4331 / 5000 correct (86.62)
Starting epoch 65 / 300
Got 4350 / 5000 correct (87.00)
Starting epoch 66 / 300
Got 4312 / 5000 correct (86.24)
Starting epoch 67 / 300
Got 4289 / 5000 correct (85.78)
Starting epoch 68 / 300
Got 4363 / 5000 correct (87.26)
Starting epoch 69 / 300
Got 4357 / 5000 correct (87.14)
Starting epoch 70 / 300
Got 4358 / 5000 correct (87.16)
Starting epoch 71 / 300
Got 4346 / 5000 correct (86.92)
Starting epoch 72 / 300
Got 4356 / 5000 correct (87.12)
Starting epoch 73 / 300
Got 4330 / 5000 correct (86.60)
Starting epoch 74 / 300
Got 4331 / 5000 correct (86.62)
Starting epoch 75 / 300
Got 4360 / 5000 correct (87.20)
Starting epoch 76 / 300
Got 4368 / 5000 correct (87.36)
Starting epoch 77 / 300
Got 4403 / 5000 correct (88.06)
Starting epoch 78 / 300
Got 4336 / 5000 correct (86.72)
Starting epoch 79 / 300
Got 4398 / 5000 correct (87.96)
Starting epoch 80 / 300
Got 4368 / 5000 correct (87.36)
Starting epoch 81 / 300
Got 4385 / 5000 correct (87.70)
Starting epoch 82 / 300
Got 4381 / 5000 correct (87.62)
Starting epoch 83 / 300
Got 4358 / 5000 correct (87.16)
Starting epoch 84 / 300
Got 4381 / 5000 correct (87.62)
Starting epoch 85 / 300
Got 4355 / 5000 correct (87.10)
Starting epoch 86 / 300
Got 4380 / 5000 correct (87.60)
Starting epoch 87 / 300
Got 4353 / 5000 correct (87.06)
Starting epoch 88 / 300
Got 4364 / 5000 correct (87.28)
Starting epoch 89 / 300
Got 4369 / 5000 correct (87.38)
Starting epoch 90 / 300
Got 4438 / 5000 correct (88.76)
Starting epoch 91 / 300
Got 4379 / 5000 correct (87.58)
Starting epoch 92 / 300
Got 4383 / 5000 correct (87.66)
Starting epoch 93 / 300
Got 4310 / 5000 correct (86.20)
Starting epoch 94 / 300
Got 4433 / 5000 correct (88.66)
Starting epoch 95 / 300
Got 4416 / 5000 correct (88.32)
Starting epoch 96 / 300
Got 4372 / 5000 correct (87.44)
Starting epoch 97 / 300
Got 4383 / 5000 correct (87.66)
Starting epoch 98 / 300
Got 4437 / 5000 correct (88.74)
Starting epoch 99 / 300
Got 4436 / 5000 correct (88.72)
Starting epoch 100 / 300
Got 4383 / 5000 correct (87.66)
Starting epoch 101 / 300
Got 4394 / 5000 correct (87.88)
Starting epoch 102 / 300
Got 4451 / 5000 correct (89.02)
Starting epoch 103 / 300
Got 4406 / 5000 correct (88.12)
Starting epoch 104 / 300
Got 4461 / 5000 correct (89.22)
Starting epoch 105 / 300
Got 4430 / 5000 correct (88.60)
Starting epoch 106 / 300
Got 4419 / 5000 correct (88.38)
Starting epoch 107 / 300
Got 4466 / 5000 correct (89.32)
Starting epoch 108 / 300
Got 4388 / 5000 correct (87.76)
Starting epoch 109 / 300
Got 4424 / 5000 correct (88.48)
Starting epoch 110 / 300
Got 4434 / 5000 correct (88.68)
Starting epoch 111 / 300
Got 4443 / 5000 correct (88.86)
Starting epoch 112 / 300
Got 4424 / 5000 correct (88.48)
Starting epoch 113 / 300
Got 4438 / 5000 correct (88.76)
Starting epoch 114 / 300
Got 4432 / 5000 correct (88.64)
Starting epoch 115 / 300
Got 4414 / 5000 correct (88.28)
Starting epoch 116 / 300
Got 4436 / 5000 correct (88.72)
Starting epoch 117 / 300
Got 4433 / 5000 correct (88.66)
Starting epoch 118 / 300
Got 4423 / 5000 correct (88.46)
Starting epoch 119 / 300
Got 4419 / 5000 correct (88.38)
Starting epoch 120 / 300
Got 4419 / 5000 correct (88.38)
Starting epoch 121 / 300
Got 4426 / 5000 correct (88.52)
Starting epoch 122 / 300
Got 4445 / 5000 correct (88.90)
Starting epoch 123 / 300
Got 4376 / 5000 correct (87.52)
Starting epoch 124 / 300
Got 4440 / 5000 correct (88.80)
Starting epoch 125 / 300
Got 4457 / 5000 correct (89.14)
Starting epoch 126 / 300
Got 4434 / 5000 correct (88.68)
Starting epoch 127 / 300
Got 4430 / 5000 correct (88.60)
Starting epoch 128 / 300
Got 4464 / 5000 correct (89.28)
Starting epoch 129 / 300
Got 4418 / 5000 correct (88.36)
Starting epoch 130 / 300
Got 4455 / 5000 correct (89.10)
Starting epoch 131 / 300
Got 4434 / 5000 correct (88.68)
Starting epoch 132 / 300
Got 4446 / 5000 correct (88.92)
Starting epoch 133 / 300
Got 4410 / 5000 correct (88.20)
Starting epoch 134 / 300
Got 4491 / 5000 correct (89.82)
Starting epoch 135 / 300
Got 4448 / 5000 correct (88.96)
Starting epoch 136 / 300
Got 4494 / 5000 correct (89.88)
Starting epoch 137 / 300
Got 4460 / 5000 correct (89.20)
Starting epoch 138 / 300
Got 4460 / 5000 correct (89.20)
Starting epoch 139 / 300
Got 4472 / 5000 correct (89.44)
Starting epoch 140 / 300
Got 4487 / 5000 correct (89.74)
Starting epoch 141 / 300
Got 4459 / 5000 correct (89.18)
Starting epoch 142 / 300
Got 4431 / 5000 correct (88.62)
Starting epoch 143 / 300
Got 4387 / 5000 correct (87.74)
Starting epoch 144 / 300
Got 4409 / 5000 correct (88.18)
Starting epoch 145 / 300
Got 4457 / 5000 correct (89.14)
Starting epoch 146 / 300
Got 4474 / 5000 correct (89.48)
Starting epoch 147 / 300
Got 4488 / 5000 correct (89.76)
Starting epoch 148 / 300
Got 4407 / 5000 correct (88.14)
Starting epoch 149 / 300
Got 4462 / 5000 correct (89.24)
Starting epoch 150 / 300
Got 4455 / 5000 correct (89.10)
Starting epoch 151 / 300
Got 4593 / 5000 correct (91.86)
Starting epoch 152 / 300
Got 4600 / 5000 correct (92.00)
Starting epoch 153 / 300
Got 4622 / 5000 correct (92.44)
Starting epoch 154 / 300
Got 4616 / 5000 correct (92.32)
Starting epoch 155 / 300
Got 4620 / 5000 correct (92.40)
Starting epoch 156 / 300
Got 4628 / 5000 correct (92.56)
Starting epoch 157 / 300
Got 4639 / 5000 correct (92.78)
Starting epoch 158 / 300
Got 4634 / 5000 correct (92.68)
Starting epoch 159 / 300
Got 4634 / 5000 correct (92.68)
Starting epoch 160 / 300
Got 4643 / 5000 correct (92.86)
Starting epoch 161 / 300
Got 4634 / 5000 correct (92.68)
Starting epoch 162 / 300
Got 4615 / 5000 correct (92.30)
Starting epoch 163 / 300
Got 4631 / 5000 correct (92.62)
Starting epoch 164 / 300
Got 4642 / 5000 correct (92.84)
Starting epoch 165 / 300
Got 4612 / 5000 correct (92.24)
Starting epoch 166 / 300
Got 4629 / 5000 correct (92.58)
Starting epoch 167 / 300
Got 4621 / 5000 correct (92.42)
Starting epoch 168 / 300
Got 4622 / 5000 correct (92.44)
Starting epoch 169 / 300
Got 4632 / 5000 correct (92.64)
Starting epoch 170 / 300
Got 4625 / 5000 correct (92.50)
Starting epoch 171 / 300
Got 4632 / 5000 correct (92.64)
Starting epoch 172 / 300
Got 4617 / 5000 correct (92.34)
Starting epoch 173 / 300
Got 4626 / 5000 correct (92.52)
Starting epoch 174 / 300
Got 4625 / 5000 correct (92.50)
Starting epoch 175 / 300
Got 4638 / 5000 correct (92.76)
Starting epoch 176 / 300
Got 4618 / 5000 correct (92.36)
Starting epoch 177 / 300
Got 4608 / 5000 correct (92.16)
Starting epoch 178 / 300
Got 4612 / 5000 correct (92.24)
Starting epoch 179 / 300
Got 4621 / 5000 correct (92.42)
Starting epoch 180 / 300
Got 4628 / 5000 correct (92.56)
Starting epoch 181 / 300
Got 4600 / 5000 correct (92.00)
Starting epoch 182 / 300
Got 4607 / 5000 correct (92.14)
Starting epoch 183 / 300
Got 4609 / 5000 correct (92.18)
Starting epoch 184 / 300
Got 4623 / 5000 correct (92.46)
Starting epoch 185 / 300
Got 4618 / 5000 correct (92.36)
Starting epoch 186 / 300
Got 4622 / 5000 correct (92.44)
Starting epoch 187 / 300
Got 4615 / 5000 correct (92.30)
Starting epoch 188 / 300
Got 4601 / 5000 correct (92.02)
Starting epoch 189 / 300
Got 4603 / 5000 correct (92.06)
Starting epoch 190 / 300
Got 4605 / 5000 correct (92.10)
Starting epoch 191 / 300
Got 4597 / 5000 correct (91.94)
Starting epoch 192 / 300
Got 4613 / 5000 correct (92.26)
Starting epoch 193 / 300
Got 4616 / 5000 correct (92.32)
Starting epoch 194 / 300
Got 4618 / 5000 correct (92.36)
Starting epoch 195 / 300
Got 4625 / 5000 correct (92.50)
Starting epoch 196 / 300
Got 4608 / 5000 correct (92.16)
Starting epoch 197 / 300
Got 4609 / 5000 correct (92.18)
Starting epoch 198 / 300
Got 4614 / 5000 correct (92.28)
Starting epoch 199 / 300
Got 4616 / 5000 correct (92.32)
Starting epoch 200 / 300
Got 4616 / 5000 correct (92.32)
Starting epoch 201 / 300
Got 4608 / 5000 correct (92.16)
Starting epoch 202 / 300
Got 4610 / 5000 correct (92.20)
Starting epoch 203 / 300
Got 4613 / 5000 correct (92.26)
Starting epoch 204 / 300
Got 4610 / 5000 correct (92.20)
Starting epoch 205 / 300
Got 4613 / 5000 correct (92.26)
Starting epoch 206 / 300
Got 4604 / 5000 correct (92.08)
Starting epoch 207 / 300
Got 4608 / 5000 correct (92.16)
Starting epoch 208 / 300
Got 4617 / 5000 correct (92.34)
Starting epoch 209 / 300
Got 4630 / 5000 correct (92.60)
Starting epoch 210 / 300
Got 4624 / 5000 correct (92.48)
Starting epoch 211 / 300
Got 4611 / 5000 correct (92.22)
Starting epoch 212 / 300
Got 4628 / 5000 correct (92.56)
Starting epoch 213 / 300
Got 4627 / 5000 correct (92.54)
Starting epoch 214 / 300
Got 4627 / 5000 correct (92.54)
Starting epoch 215 / 300
Got 4630 / 5000 correct (92.60)
Starting epoch 216 / 300
Got 4611 / 5000 correct (92.22)
Starting epoch 217 / 300
Got 4621 / 5000 correct (92.42)
Starting epoch 218 / 300
Got 4611 / 5000 correct (92.22)
Starting epoch 219 / 300
Got 4602 / 5000 correct (92.04)
Starting epoch 220 / 300
Got 4595 / 5000 correct (91.90)
Starting epoch 221 / 300
Got 4607 / 5000 correct (92.14)
Starting epoch 222 / 300
Got 4610 / 5000 correct (92.20)
Starting epoch 223 / 300
Got 4612 / 5000 correct (92.24)
Starting epoch 224 / 300
Got 4599 / 5000 correct (91.98)
Starting epoch 225 / 300
Got 4612 / 5000 correct (92.24)
Starting epoch 226 / 300
Got 4616 / 5000 correct (92.32)
Starting epoch 227 / 300
Got 4616 / 5000 correct (92.32)
Starting epoch 228 / 300
Got 4623 / 5000 correct (92.46)
Starting epoch 229 / 300
Got 4623 / 5000 correct (92.46)
Starting epoch 230 / 300
Got 4616 / 5000 correct (92.32)
Starting epoch 231 / 300
Got 4619 / 5000 correct (92.38)
Starting epoch 232 / 300
Got 4622 / 5000 correct (92.44)
Starting epoch 233 / 300
Got 4622 / 5000 correct (92.44)
Starting epoch 234 / 300
Got 4621 / 5000 correct (92.42)
Starting epoch 235 / 300
Got 4617 / 5000 correct (92.34)
Starting epoch 236 / 300
Got 4622 / 5000 correct (92.44)
Starting epoch 237 / 300
Got 4625 / 5000 correct (92.50)
Starting epoch 238 / 300
Got 4627 / 5000 correct (92.54)
Starting epoch 239 / 300
Got 4629 / 5000 correct (92.58)
Starting epoch 240 / 300
Got 4627 / 5000 correct (92.54)
Starting epoch 241 / 300
Got 4623 / 5000 correct (92.46)
Starting epoch 242 / 300
Got 4629 / 5000 correct (92.58)
Starting epoch 243 / 300
Got 4626 / 5000 correct (92.52)
Starting epoch 244 / 300
Got 4626 / 5000 correct (92.52)
Starting epoch 245 / 300
Got 4627 / 5000 correct (92.54)
Starting epoch 246 / 300
Got 4627 / 5000 correct (92.54)
Starting epoch 247 / 300
Got 4625 / 5000 correct (92.50)
Starting epoch 248 / 300
Got 4624 / 5000 correct (92.48)
Starting epoch 249 / 300
Got 4623 / 5000 correct (92.46)
Starting epoch 250 / 300
Got 4626 / 5000 correct (92.52)
Starting epoch 251 / 300
Got 4624 / 5000 correct (92.48)
Starting epoch 252 / 300
Got 4631 / 5000 correct (92.62)
Starting epoch 253 / 300
Got 4631 / 5000 correct (92.62)
Starting epoch 254 / 300
Got 4628 / 5000 correct (92.56)
Starting epoch 255 / 300
Got 4630 / 5000 correct (92.60)
Starting epoch 256 / 300
Got 4628 / 5000 correct (92.56)
Starting epoch 257 / 300
Got 4629 / 5000 correct (92.58)
Starting epoch 258 / 300
Got 4626 / 5000 correct (92.52)
Starting epoch 259 / 300
Got 4625 / 5000 correct (92.50)
Starting epoch 260 / 300
Got 4629 / 5000 correct (92.58)
Starting epoch 261 / 300
Got 4627 / 5000 correct (92.54)
Starting epoch 262 / 300
Got 4624 / 5000 correct (92.48)
Starting epoch 263 / 300
Got 4631 / 5000 correct (92.62)
Starting epoch 264 / 300
Got 4628 / 5000 correct (92.56)
Starting epoch 265 / 300
Got 4631 / 5000 correct (92.62)
Starting epoch 266 / 300
Got 4626 / 5000 correct (92.52)
Starting epoch 267 / 300
Got 4625 / 5000 correct (92.50)
Starting epoch 268 / 300
Got 4626 / 5000 correct (92.52)
Starting epoch 269 / 300
Got 4634 / 5000 correct (92.68)
Starting epoch 270 / 300
Got 4637 / 5000 correct (92.74)
Starting epoch 271 / 300
Got 4633 / 5000 correct (92.66)
Starting epoch 272 / 300
Got 4630 / 5000 correct (92.60)
Starting epoch 273 / 300
Got 4634 / 5000 correct (92.68)
Starting epoch 274 / 300
Got 4637 / 5000 correct (92.74)
Starting epoch 275 / 300
Got 4635 / 5000 correct (92.70)
Starting epoch 276 / 300
Got 4627 / 5000 correct (92.54)
Starting epoch 277 / 300
Got 4626 / 5000 correct (92.52)
Starting epoch 278 / 300
Got 4631 / 5000 correct (92.62)
Starting epoch 279 / 300
Got 4628 / 5000 correct (92.56)
Starting epoch 280 / 300
Got 4626 / 5000 correct (92.52)
Starting epoch 281 / 300
Got 4628 / 5000 correct (92.56)
Starting epoch 282 / 300
Got 4628 / 5000 correct (92.56)
Starting epoch 283 / 300
Got 4626 / 5000 correct (92.52)
Starting epoch 284 / 300
Got 4622 / 5000 correct (92.44)
Starting epoch 285 / 300
Got 4623 / 5000 correct (92.46)
Starting epoch 286 / 300
Got 4623 / 5000 correct (92.46)
Starting epoch 287 / 300
Got 4624 / 5000 correct (92.48)
Starting epoch 288 / 300
Got 4624 / 5000 correct (92.48)
Starting epoch 289 / 300
Got 4624 / 5000 correct (92.48)
Starting epoch 290 / 300
Got 4624 / 5000 correct (92.48)
Starting epoch 291 / 300
Got 4626 / 5000 correct (92.52)
Starting epoch 292 / 300
Got 4627 / 5000 correct (92.54)
Starting epoch 293 / 300
Got 4632 / 5000 correct (92.64)
Starting epoch 294 / 300
Got 4630 / 5000 correct (92.60)
Starting epoch 295 / 300
Got 4630 / 5000 correct (92.60)
Starting epoch 296 / 300
Got 4627 / 5000 correct (92.54)
Starting epoch 297 / 300
Got 4629 / 5000 correct (92.58)
Starting epoch 298 / 300
Got 4623 / 5000 correct (92.46)
Starting epoch 299 / 300
Got 4625 / 5000 correct (92.50)
Starting epoch 300 / 300
Got 4624 / 5000 correct (92.48)
SC20_32*16d_0_0.5 Final test accuracy:
Got 9234 / 10000 correct (92.34)
*********
Starting epoch 1 / 300
Got 798 / 5000 correct (15.96)
Starting epoch 2 / 300
Got 875 / 5000 correct (17.50)
Starting epoch 3 / 300
Got 1032 / 5000 correct (20.64)
Starting epoch 4 / 300
Got 1152 / 5000 correct (23.04)
Starting epoch 5 / 300
Got 1296 / 5000 correct (25.92)
Starting epoch 6 / 300
Got 1378 / 5000 correct (27.56)
Starting epoch 7 / 300
Got 1517 / 5000 correct (30.34)
Starting epoch 8 / 300
Got 1640 / 5000 correct (32.80)
Starting epoch 9 / 300
Got 1828 / 5000 correct (36.56)
Starting epoch 10 / 300
Got 2018 / 5000 correct (40.36)
Starting epoch 11 / 300
Got 2265 / 5000 correct (45.30)
Starting epoch 12 / 300
Got 2283 / 5000 correct (45.66)
Starting epoch 13 / 300
Got 2532 / 5000 correct (50.64)
Starting epoch 14 / 300
Got 2854 / 5000 correct (57.08)
Starting epoch 15 / 300
Got 2969 / 5000 correct (59.38)
Starting epoch 16 / 300
Got 3117 / 5000 correct (62.34)
Starting epoch 17 / 300
Got 3239 / 5000 correct (64.78)
Starting epoch 18 / 300
Got 3475 / 5000 correct (69.50)
Starting epoch 19 / 300
Got 3479 / 5000 correct (69.58)
Starting epoch 20 / 300
Got 3641 / 5000 correct (72.82)
Starting epoch 21 / 300
Got 3731 / 5000 correct (74.62)
Starting epoch 22 / 300
Got 3820 / 5000 correct (76.40)
Starting epoch 23 / 300
Got 3889 / 5000 correct (77.78)
Starting epoch 24 / 300
Got 3899 / 5000 correct (77.98)
Starting epoch 25 / 300
Got 3981 / 5000 correct (79.62)
Starting epoch 26 / 300
Got 3992 / 5000 correct (79.84)
Starting epoch 27 / 300
Got 4062 / 5000 correct (81.24)
Starting epoch 28 / 300
Got 4076 / 5000 correct (81.52)
Starting epoch 29 / 300
Got 4100 / 5000 correct (82.00)
Starting epoch 30 / 300
Got 4132 / 5000 correct (82.64)
Starting epoch 31 / 300
Got 4139 / 5000 correct (82.78)
Starting epoch 32 / 300
Got 4171 / 5000 correct (83.42)
Starting epoch 33 / 300
Got 4209 / 5000 correct (84.18)
Starting epoch 34 / 300
Got 4178 / 5000 correct (83.56)
Starting epoch 35 / 300
Got 4242 / 5000 correct (84.84)
Starting epoch 36 / 300
Got 4215 / 5000 correct (84.30)
Starting epoch 37 / 300
Got 4294 / 5000 correct (85.88)
Starting epoch 38 / 300
Got 4278 / 5000 correct (85.56)
Starting epoch 39 / 300
Got 4267 / 5000 correct (85.34)
Starting epoch 40 / 300
Got 4219 / 5000 correct (84.38)
Starting epoch 41 / 300
Got 4268 / 5000 correct (85.36)
Starting epoch 42 / 300
Got 4259 / 5000 correct (85.18)
Starting epoch 43 / 300
Got 4303 / 5000 correct (86.06)
Starting epoch 44 / 300
Got 4331 / 5000 correct (86.62)
Starting epoch 45 / 300
Got 4315 / 5000 correct (86.30)
Starting epoch 46 / 300
Got 4322 / 5000 correct (86.44)
Starting epoch 47 / 300
Got 4346 / 5000 correct (86.92)
Starting epoch 48 / 300
Got 4367 / 5000 correct (87.34)
Starting epoch 49 / 300
Got 4391 / 5000 correct (87.82)
Starting epoch 50 / 300
Got 4356 / 5000 correct (87.12)
Starting epoch 51 / 300
Got 4360 / 5000 correct (87.20)
Starting epoch 52 / 300
Got 4346 / 5000 correct (86.92)
Starting epoch 53 / 300
Got 4393 / 5000 correct (87.86)
Starting epoch 54 / 300
Got 4373 / 5000 correct (87.46)
Starting epoch 55 / 300
Got 4351 / 5000 correct (87.02)
Starting epoch 56 / 300
Got 4381 / 5000 correct (87.62)
Starting epoch 57 / 300
Got 4389 / 5000 correct (87.78)
Starting epoch 58 / 300
Got 4389 / 5000 correct (87.78)
Starting epoch 59 / 300
Got 4398 / 5000 correct (87.96)
Starting epoch 60 / 300
Got 4422 / 5000 correct (88.44)
Starting epoch 61 / 300
Got 4384 / 5000 correct (87.68)
Starting epoch 62 / 300
Got 4417 / 5000 correct (88.34)
Starting epoch 63 / 300
Got 4402 / 5000 correct (88.04)
Starting epoch 64 / 300
Got 4391 / 5000 correct (87.82)
Starting epoch 65 / 300
Got 4395 / 5000 correct (87.90)
Starting epoch 66 / 300
Got 4423 / 5000 correct (88.46)
Starting epoch 67 / 300
Got 4443 / 5000 correct (88.86)
Starting epoch 68 / 300
Got 4395 / 5000 correct (87.90)
Starting epoch 69 / 300
Got 4435 / 5000 correct (88.70)
Starting epoch 70 / 300
Got 4467 / 5000 correct (89.34)
Starting epoch 71 / 300
Got 4431 / 5000 correct (88.62)
Starting epoch 72 / 300
Got 4444 / 5000 correct (88.88)
Starting epoch 73 / 300
Got 4407 / 5000 correct (88.14)
Starting epoch 74 / 300
Got 4460 / 5000 correct (89.20)
Starting epoch 75 / 300
Got 4459 / 5000 correct (89.18)
Starting epoch 76 / 300
Got 4444 / 5000 correct (88.88)
Starting epoch 77 / 300
Got 4443 / 5000 correct (88.86)
Starting epoch 78 / 300
Got 4448 / 5000 correct (88.96)
Starting epoch 79 / 300
Got 4409 / 5000 correct (88.18)
Starting epoch 80 / 300
Got 4448 / 5000 correct (88.96)
Starting epoch 81 / 300
Got 4420 / 5000 correct (88.40)
Starting epoch 82 / 300
Got 4445 / 5000 correct (88.90)
Starting epoch 83 / 300
Got 4448 / 5000 correct (88.96)
Starting epoch 84 / 300
Got 4429 / 5000 correct (88.58)
Starting epoch 85 / 300
Got 4490 / 5000 correct (89.80)
Starting epoch 86 / 300
Got 4451 / 5000 correct (89.02)
Starting epoch 87 / 300
Got 4495 / 5000 correct (89.90)
Starting epoch 88 / 300
Got 4454 / 5000 correct (89.08)
Starting epoch 89 / 300
Got 4477 / 5000 correct (89.54)
Starting epoch 90 / 300
Got 4485 / 5000 correct (89.70)
Starting epoch 91 / 300
Got 4451 / 5000 correct (89.02)
Starting epoch 92 / 300
Got 4453 / 5000 correct (89.06)
Starting epoch 93 / 300
Got 4456 / 5000 correct (89.12)
Starting epoch 94 / 300
Got 4464 / 5000 correct (89.28)
Starting epoch 95 / 300
Got 4486 / 5000 correct (89.72)
Starting epoch 96 / 300
Got 4466 / 5000 correct (89.32)
Starting epoch 97 / 300
Got 4468 / 5000 correct (89.36)
Starting epoch 98 / 300
Got 4436 / 5000 correct (88.72)
Starting epoch 99 / 300
Got 4492 / 5000 correct (89.84)
Starting epoch 100 / 300
Got 4475 / 5000 correct (89.50)
Starting epoch 101 / 300
Got 4512 / 5000 correct (90.24)
Starting epoch 102 / 300
Got 4487 / 5000 correct (89.74)
Starting epoch 103 / 300
Got 4496 / 5000 correct (89.92)
Starting epoch 104 / 300
Got 4485 / 5000 correct (89.70)
Starting epoch 105 / 300
Got 4504 / 5000 correct (90.08)
Starting epoch 106 / 300
Got 4469 / 5000 correct (89.38)
Starting epoch 107 / 300
Got 4479 / 5000 correct (89.58)
Starting epoch 108 / 300
Got 4494 / 5000 correct (89.88)
Starting epoch 109 / 300
Got 4470 / 5000 correct (89.40)
Starting epoch 110 / 300
Got 4457 / 5000 correct (89.14)
Starting epoch 111 / 300
Got 4485 / 5000 correct (89.70)
Starting epoch 112 / 300
Got 4497 / 5000 correct (89.94)
Starting epoch 113 / 300
Got 4463 / 5000 correct (89.26)
Starting epoch 114 / 300
Got 4464 / 5000 correct (89.28)
Starting epoch 115 / 300
Got 4492 / 5000 correct (89.84)
Starting epoch 116 / 300
Got 4484 / 5000 correct (89.68)
Starting epoch 117 / 300
Got 4498 / 5000 correct (89.96)
Starting epoch 118 / 300
Got 4488 / 5000 correct (89.76)
Starting epoch 119 / 300
Got 4476 / 5000 correct (89.52)
Starting epoch 120 / 300
Got 4487 / 5000 correct (89.74)
Starting epoch 121 / 300
Got 4447 / 5000 correct (88.94)
Starting epoch 122 / 300
Got 4488 / 5000 correct (89.76)
Starting epoch 123 / 300
Got 4497 / 5000 correct (89.94)
Starting epoch 124 / 300
Got 4476 / 5000 correct (89.52)
Starting epoch 125 / 300
Got 4451 / 5000 correct (89.02)
Starting epoch 126 / 300
Got 4480 / 5000 correct (89.60)
Starting epoch 127 / 300
Got 4459 / 5000 correct (89.18)
Starting epoch 128 / 300
Got 4457 / 5000 correct (89.14)
Starting epoch 129 / 300
Got 4489 / 5000 correct (89.78)
Starting epoch 130 / 300
Got 4498 / 5000 correct (89.96)
Starting epoch 131 / 300
Got 4457 / 5000 correct (89.14)
Starting epoch 132 / 300
Got 4495 / 5000 correct (89.90)
Starting epoch 133 / 300
Got 4502 / 5000 correct (90.04)
Starting epoch 134 / 300
Got 4519 / 5000 correct (90.38)
Starting epoch 135 / 300
Got 4499 / 5000 correct (89.98)
Starting epoch 136 / 300
Got 4437 / 5000 correct (88.74)
Starting epoch 137 / 300
Got 4449 / 5000 correct (88.98)
Starting epoch 138 / 300
Got 4508 / 5000 correct (90.16)
Starting epoch 139 / 300
Got 4493 / 5000 correct (89.86)
Starting epoch 140 / 300
Got 4517 / 5000 correct (90.34)
Starting epoch 141 / 300
Got 4491 / 5000 correct (89.82)
Starting epoch 142 / 300
Got 4487 / 5000 correct (89.74)
Starting epoch 143 / 300
Got 4517 / 5000 correct (90.34)
Starting epoch 144 / 300
Got 4482 / 5000 correct (89.64)
Starting epoch 145 / 300
Got 4499 / 5000 correct (89.98)
Starting epoch 146 / 300
Got 4479 / 5000 correct (89.58)
Starting epoch 147 / 300
Got 4476 / 5000 correct (89.52)
Starting epoch 148 / 300
Got 4502 / 5000 correct (90.04)
Starting epoch 149 / 300
Got 4531 / 5000 correct (90.62)
Starting epoch 150 / 300
Got 4495 / 5000 correct (89.90)
Starting epoch 151 / 300
Got 4586 / 5000 correct (91.72)
Starting epoch 152 / 300
Got 4591 / 5000 correct (91.82)
Starting epoch 153 / 300
Got 4604 / 5000 correct (92.08)
Starting epoch 154 / 300
Got 4611 / 5000 correct (92.22)
Starting epoch 155 / 300
Got 4607 / 5000 correct (92.14)
Starting epoch 156 / 300
Got 4608 / 5000 correct (92.16)
Starting epoch 157 / 300
Got 4613 / 5000 correct (92.26)
Starting epoch 158 / 300
Got 4613 / 5000 correct (92.26)
Starting epoch 159 / 300
Got 4611 / 5000 correct (92.22)
Starting epoch 160 / 300
Got 4621 / 5000 correct (92.42)
Starting epoch 161 / 300
Got 4628 / 5000 correct (92.56)
Starting epoch 162 / 300
Got 4615 / 5000 correct (92.30)
Starting epoch 163 / 300
Got 4624 / 5000 correct (92.48)
Starting epoch 164 / 300
Got 4635 / 5000 correct (92.70)
Starting epoch 165 / 300
Got 4626 / 5000 correct (92.52)
Starting epoch 166 / 300
Got 4620 / 5000 correct (92.40)
Starting epoch 167 / 300
Got 4631 / 5000 correct (92.62)
Starting epoch 168 / 300
Got 4643 / 5000 correct (92.86)
Starting epoch 169 / 300
Got 4636 / 5000 correct (92.72)
Starting epoch 170 / 300
Got 4638 / 5000 correct (92.76)
Starting epoch 171 / 300
Got 4626 / 5000 correct (92.52)
Starting epoch 172 / 300
Got 4634 / 5000 correct (92.68)
Starting epoch 173 / 300
Got 4629 / 5000 correct (92.58)
Starting epoch 174 / 300
Got 4617 / 5000 correct (92.34)
Starting epoch 175 / 300
Got 4631 / 5000 correct (92.62)
Starting epoch 176 / 300
Got 4631 / 5000 correct (92.62)
Starting epoch 177 / 300
Got 4630 / 5000 correct (92.60)
Starting epoch 178 / 300
Got 4636 / 5000 correct (92.72)
Starting epoch 179 / 300
Got 4640 / 5000 correct (92.80)
Starting epoch 180 / 300
Got 4631 / 5000 correct (92.62)
Starting epoch 181 / 300
Got 4633 / 5000 correct (92.66)
Starting epoch 182 / 300
Got 4640 / 5000 correct (92.80)
Starting epoch 183 / 300
Got 4634 / 5000 correct (92.68)
Starting epoch 184 / 300
Got 4634 / 5000 correct (92.68)
Starting epoch 185 / 300
Got 4618 / 5000 correct (92.36)
Starting epoch 186 / 300
Got 4633 / 5000 correct (92.66)
Starting epoch 187 / 300
Got 4623 / 5000 correct (92.46)
Starting epoch 188 / 300
Got 4646 / 5000 correct (92.92)
Starting epoch 189 / 300
Got 4642 / 5000 correct (92.84)
Starting epoch 190 / 300
Got 4625 / 5000 correct (92.50)
Starting epoch 191 / 300
Got 4646 / 5000 correct (92.92)
Starting epoch 192 / 300
Got 4637 / 5000 correct (92.74)
Starting epoch 193 / 300
Got 4630 / 5000 correct (92.60)
Starting epoch 194 / 300
Got 4636 / 5000 correct (92.72)
Starting epoch 195 / 300
Got 4634 / 5000 correct (92.68)
Starting epoch 196 / 300
Got 4650 / 5000 correct (93.00)
Starting epoch 197 / 300
Got 4645 / 5000 correct (92.90)
Starting epoch 198 / 300
Got 4630 / 5000 correct (92.60)
Starting epoch 199 / 300
Got 4621 / 5000 correct (92.42)
Starting epoch 200 / 300
Got 4632 / 5000 correct (92.64)
Starting epoch 201 / 300
Got 4645 / 5000 correct (92.90)
Starting epoch 202 / 300
Got 4628 / 5000 correct (92.56)
Starting epoch 203 / 300
Got 4637 / 5000 correct (92.74)
Starting epoch 204 / 300
Got 4638 / 5000 correct (92.76)
Starting epoch 205 / 300
Got 4642 / 5000 correct (92.84)
Starting epoch 206 / 300
Got 4636 / 5000 correct (92.72)
Starting epoch 207 / 300
Got 4650 / 5000 correct (93.00)
Starting epoch 208 / 300
Got 4641 / 5000 correct (92.82)
Starting epoch 209 / 300
Got 4641 / 5000 correct (92.82)
Starting epoch 210 / 300
Got 4630 / 5000 correct (92.60)
Starting epoch 211 / 300
Got 4641 / 5000 correct (92.82)
Starting epoch 212 / 300
Got 4646 / 5000 correct (92.92)
Starting epoch 213 / 300
Got 4631 / 5000 correct (92.62)
Starting epoch 214 / 300
Got 4651 / 5000 correct (93.02)
Starting epoch 215 / 300
Got 4640 / 5000 correct (92.80)
Starting epoch 216 / 300
Got 4645 / 5000 correct (92.90)
Starting epoch 217 / 300
Got 4622 / 5000 correct (92.44)
Starting epoch 218 / 300
Got 4633 / 5000 correct (92.66)
Starting epoch 219 / 300
Got 4637 / 5000 correct (92.74)
Starting epoch 220 / 300
Got 4645 / 5000 correct (92.90)
Starting epoch 221 / 300
Got 4647 / 5000 correct (92.94)
Starting epoch 222 / 300
Got 4649 / 5000 correct (92.98)
Starting epoch 223 / 300
Got 4653 / 5000 correct (93.06)
Starting epoch 224 / 300
Got 4633 / 5000 correct (92.66)
Starting epoch 225 / 300
Got 4634 / 5000 correct (92.68)
Starting epoch 226 / 300
Got 4647 / 5000 correct (92.94)
Starting epoch 227 / 300
Got 4651 / 5000 correct (93.02)
Starting epoch 228 / 300
Got 4651 / 5000 correct (93.02)
Starting epoch 229 / 300
Got 4654 / 5000 correct (93.08)
Starting epoch 230 / 300
Got 4654 / 5000 correct (93.08)
Starting epoch 231 / 300
Got 4652 / 5000 correct (93.04)
Starting epoch 232 / 300
Got 4650 / 5000 correct (93.00)
Starting epoch 233 / 300
Got 4648 / 5000 correct (92.96)
Starting epoch 234 / 300
Got 4650 / 5000 correct (93.00)
Starting epoch 235 / 300
Got 4651 / 5000 correct (93.02)
Starting epoch 236 / 300
Got 4653 / 5000 correct (93.06)
Starting epoch 237 / 300
Got 4652 / 5000 correct (93.04)
Starting epoch 238 / 300
Got 4653 / 5000 correct (93.06)
Starting epoch 239 / 300
Got 4651 / 5000 correct (93.02)
Starting epoch 240 / 300
Got 4646 / 5000 correct (92.92)
Starting epoch 241 / 300
Got 4650 / 5000 correct (93.00)
Starting epoch 242 / 300
Got 4646 / 5000 correct (92.92)
Starting epoch 243 / 300
Got 4648 / 5000 correct (92.96)
Starting epoch 244 / 300
Got 4649 / 5000 correct (92.98)
Starting epoch 245 / 300
Got 4647 / 5000 correct (92.94)
Starting epoch 246 / 300
Got 4654 / 5000 correct (93.08)
Starting epoch 247 / 300
Got 4651 / 5000 correct (93.02)
Starting epoch 248 / 300
Got 4650 / 5000 correct (93.00)
Starting epoch 249 / 300
Got 4647 / 5000 correct (92.94)
Starting epoch 250 / 300
Got 4651 / 5000 correct (93.02)
Starting epoch 251 / 300
Got 4649 / 5000 correct (92.98)
Starting epoch 252 / 300
Got 4647 / 5000 correct (92.94)
Starting epoch 253 / 300
Got 4646 / 5000 correct (92.92)
Starting epoch 254 / 300
Got 4648 / 5000 correct (92.96)
Starting epoch 255 / 300
Got 4649 / 5000 correct (92.98)
Starting epoch 256 / 300
Got 4653 / 5000 correct (93.06)
Starting epoch 257 / 300
Got 4647 / 5000 correct (92.94)
Starting epoch 258 / 300
Got 4647 / 5000 correct (92.94)
Starting epoch 259 / 300
Got 4653 / 5000 correct (93.06)
Starting epoch 260 / 300
Got 4658 / 5000 correct (93.16)
Starting epoch 261 / 300
Got 4655 / 5000 correct (93.10)
Starting epoch 262 / 300
Got 4645 / 5000 correct (92.90)
Starting epoch 263 / 300
Got 4648 / 5000 correct (92.96)
Starting epoch 264 / 300
Got 4650 / 5000 correct (93.00)
Starting epoch 265 / 300
Got 4647 / 5000 correct (92.94)
Starting epoch 266 / 300
Got 4653 / 5000 correct (93.06)
Starting epoch 267 / 300
Got 4650 / 5000 correct (93.00)
Starting epoch 268 / 300
Got 4651 / 5000 correct (93.02)
Starting epoch 269 / 300
Got 4648 / 5000 correct (92.96)
Starting epoch 270 / 300
Got 4653 / 5000 correct (93.06)
Starting epoch 271 / 300
Got 4649 / 5000 correct (92.98)
Starting epoch 272 / 300
Got 4648 / 5000 correct (92.96)
Starting epoch 273 / 300
Got 4649 / 5000 correct (92.98)
Starting epoch 274 / 300
Got 4641 / 5000 correct (92.82)
Starting epoch 275 / 300
Got 4646 / 5000 correct (92.92)
Starting epoch 276 / 300
Got 4645 / 5000 correct (92.90)
Starting epoch 277 / 300
Got 4647 / 5000 correct (92.94)
Starting epoch 278 / 300
Got 4655 / 5000 correct (93.10)
Starting epoch 279 / 300
Got 4653 / 5000 correct (93.06)
Starting epoch 280 / 300
Got 4656 / 5000 correct (93.12)
Starting epoch 281 / 300
Got 4654 / 5000 correct (93.08)
Starting epoch 282 / 300
Got 4653 / 5000 correct (93.06)
Starting epoch 283 / 300
Got 4657 / 5000 correct (93.14)
Starting epoch 284 / 300
Got 4659 / 5000 correct (93.18)
Starting epoch 285 / 300
Got 4656 / 5000 correct (93.12)
Starting epoch 286 / 300
Got 4655 / 5000 correct (93.10)
Starting epoch 287 / 300
Got 4655 / 5000 correct (93.10)
Starting epoch 288 / 300
Got 4654 / 5000 correct (93.08)
Starting epoch 289 / 300
Got 4659 / 5000 correct (93.18)
Starting epoch 290 / 300
Got 4656 / 5000 correct (93.12)
Starting epoch 291 / 300
Got 4649 / 5000 correct (92.98)
Starting epoch 292 / 300
Got 4658 / 5000 correct (93.16)
Starting epoch 293 / 300
Got 4652 / 5000 correct (93.04)
Starting epoch 294 / 300
Got 4652 / 5000 correct (93.04)
Starting epoch 295 / 300
Got 4652 / 5000 correct (93.04)
Starting epoch 296 / 300
Got 4654 / 5000 correct (93.08)
Starting epoch 297 / 300
Got 4647 / 5000 correct (92.94)
Starting epoch 298 / 300
Got 4649 / 5000 correct (92.98)
Starting epoch 299 / 300
Got 4649 / 5000 correct (92.98)
Starting epoch 300 / 300
Got 4650 / 5000 correct (93.00)
SC20_32*16d_0.5 Final test accuracy:
Got 9309 / 10000 correct (93.09)


PS:

Read file <SC.err> for stderr output of this job.

