Sender: LSF System <lsfadmin@gpu06>
Subject: Job 41837: <SC> in cluster <cluster_lsf> Done

Job <SC> was submitted from host <mgtgpu02> by user <TJXY02> in cluster <cluster_lsf> at Sun Mar 28 07:36:59 2021
Job was executed on host(s) <gpu06>, in queue <gpu>, as user <TJXY02> in cluster <cluster_lsf> at Sun Mar 28 07:36:59 2021
</nfsshare/home/TJXY02> was used as the home directory.
</nfsshare/home/TJXY02> was used as the working directory.
Started at Sun Mar 28 07:36:59 2021
Terminated at Sun Mar 28 14:59:51 2021
Results reported at Sun Mar 28 14:59:51 2021

Your job looked like:

------------------------------------------------------------
# LSBATCH: User input
#!/bin/bash

#BSUB -J SC
#BSUB -q gpu
#BSUB -gpu "num=1"
#BSUB -n 1
#BSUB -o SC.out
#BSUB -e SC.err

source activate pytorch
python SC.py
------------------------------------------------------------

Successfully completed.

Resource usage summary:

    CPU time :                                   26618.94 sec.
    Max Memory :                                 2528 MB
    Average Memory :                             2424.38 MB
    Total Requested Memory :                     -
    Delta Memory :                               -
    Max Swap :                                   -
    Max Processes :                              4
    Max Threads :                                8
    Run time :                                   26571 sec.
    Turnaround time :                            26572 sec.

The output (if any) follows:

Starting epoch 1 / 200
Got 1263 / 5000 correct (25.26)
Starting epoch 2 / 200
Got 1507 / 5000 correct (30.14)
Starting epoch 3 / 200
Got 1596 / 5000 correct (31.92)
Starting epoch 4 / 200
Got 1768 / 5000 correct (35.36)
Starting epoch 5 / 200
Got 2035 / 5000 correct (40.70)
Starting epoch 6 / 200
Got 2043 / 5000 correct (40.86)
Starting epoch 7 / 200
Got 2181 / 5000 correct (43.62)
Starting epoch 8 / 200
Got 2233 / 5000 correct (44.66)
Starting epoch 9 / 200
Got 2317 / 5000 correct (46.34)
Starting epoch 10 / 200
Got 2445 / 5000 correct (48.90)
Starting epoch 11 / 200
Got 2506 / 5000 correct (50.12)
Starting epoch 12 / 200
Got 2614 / 5000 correct (52.28)
Starting epoch 13 / 200
Got 2704 / 5000 correct (54.08)
Starting epoch 14 / 200
Got 2724 / 5000 correct (54.48)
Starting epoch 15 / 200
Got 2804 / 5000 correct (56.08)
Starting epoch 16 / 200
Got 2845 / 5000 correct (56.90)
Starting epoch 17 / 200
Got 2972 / 5000 correct (59.44)
Starting epoch 18 / 200
Got 2978 / 5000 correct (59.56)
Starting epoch 19 / 200
Got 3028 / 5000 correct (60.56)
Starting epoch 20 / 200
Got 3077 / 5000 correct (61.54)
Starting epoch 21 / 200
Got 3161 / 5000 correct (63.22)
Starting epoch 22 / 200
Got 3184 / 5000 correct (63.68)
Starting epoch 23 / 200
Got 3202 / 5000 correct (64.04)
Starting epoch 24 / 200
Got 3254 / 5000 correct (65.08)
Starting epoch 25 / 200
Got 3265 / 5000 correct (65.30)
Starting epoch 26 / 200
Got 3345 / 5000 correct (66.90)
Starting epoch 27 / 200
Got 3401 / 5000 correct (68.02)
Starting epoch 28 / 200
Got 3363 / 5000 correct (67.26)
Starting epoch 29 / 200
Got 3428 / 5000 correct (68.56)
Starting epoch 30 / 200
Got 3454 / 5000 correct (69.08)
Starting epoch 31 / 200
Got 3459 / 5000 correct (69.18)
Starting epoch 32 / 200
Got 3473 / 5000 correct (69.46)
Starting epoch 33 / 200
Got 3480 / 5000 correct (69.60)
Starting epoch 34 / 200
Got 3538 / 5000 correct (70.76)
Starting epoch 35 / 200
Got 3584 / 5000 correct (71.68)
Starting epoch 36 / 200
Got 3536 / 5000 correct (70.72)
Starting epoch 37 / 200
Got 3585 / 5000 correct (71.70)
Starting epoch 38 / 200
Got 3596 / 5000 correct (71.92)
Starting epoch 39 / 200
Got 3596 / 5000 correct (71.92)
Starting epoch 40 / 200
Got 3638 / 5000 correct (72.76)
Starting epoch 41 / 200
Got 3613 / 5000 correct (72.26)
Starting epoch 42 / 200
Got 3714 / 5000 correct (74.28)
Starting epoch 43 / 200
Got 3680 / 5000 correct (73.60)
Starting epoch 44 / 200
Got 3714 / 5000 correct (74.28)
Starting epoch 45 / 200
Got 3714 / 5000 correct (74.28)
Starting epoch 46 / 200
Got 3762 / 5000 correct (75.24)
Starting epoch 47 / 200
Got 3762 / 5000 correct (75.24)
Starting epoch 48 / 200
Got 3782 / 5000 correct (75.64)
Starting epoch 49 / 200
Got 3787 / 5000 correct (75.74)
Starting epoch 50 / 200
Got 3786 / 5000 correct (75.72)
Starting epoch 51 / 200
Got 3801 / 5000 correct (76.02)
Starting epoch 52 / 200
Got 3816 / 5000 correct (76.32)
Starting epoch 53 / 200
Got 3848 / 5000 correct (76.96)
Starting epoch 54 / 200
Got 3840 / 5000 correct (76.80)
Starting epoch 55 / 200
Got 3870 / 5000 correct (77.40)
Starting epoch 56 / 200
Got 3884 / 5000 correct (77.68)
Starting epoch 57 / 200
Got 3889 / 5000 correct (77.78)
Starting epoch 58 / 200
Got 3916 / 5000 correct (78.32)
Starting epoch 59 / 200
Got 3917 / 5000 correct (78.34)
Starting epoch 60 / 200
Got 3959 / 5000 correct (79.18)
Starting epoch 61 / 200
Got 3924 / 5000 correct (78.48)
Starting epoch 62 / 200
Got 3974 / 5000 correct (79.48)
Starting epoch 63 / 200
Got 3956 / 5000 correct (79.12)
Starting epoch 64 / 200
Got 3983 / 5000 correct (79.66)
Starting epoch 65 / 200
Got 3967 / 5000 correct (79.34)
Starting epoch 66 / 200
Got 4005 / 5000 correct (80.10)
Starting epoch 67 / 200
Got 4010 / 5000 correct (80.20)
Starting epoch 68 / 200
Got 4001 / 5000 correct (80.02)
Starting epoch 69 / 200
Got 4035 / 5000 correct (80.70)
Starting epoch 70 / 200
Got 4049 / 5000 correct (80.98)
Starting epoch 71 / 200
Got 4028 / 5000 correct (80.56)
Starting epoch 72 / 200
Got 4046 / 5000 correct (80.92)
Starting epoch 73 / 200
Got 4050 / 5000 correct (81.00)
Starting epoch 74 / 200
Got 4048 / 5000 correct (80.96)
Starting epoch 75 / 200
Got 4047 / 5000 correct (80.94)
Starting epoch 76 / 200
Got 4079 / 5000 correct (81.58)
Starting epoch 77 / 200
Got 4085 / 5000 correct (81.70)
Starting epoch 78 / 200
Got 4105 / 5000 correct (82.10)
Starting epoch 79 / 200
Got 4098 / 5000 correct (81.96)
Starting epoch 80 / 200
Got 4108 / 5000 correct (82.16)
Starting epoch 81 / 200
Got 4093 / 5000 correct (81.86)
Starting epoch 82 / 200
Got 4118 / 5000 correct (82.36)
Starting epoch 83 / 200
Got 4131 / 5000 correct (82.62)
Starting epoch 84 / 200
Got 4110 / 5000 correct (82.20)
Starting epoch 85 / 200
Got 4109 / 5000 correct (82.18)
Starting epoch 86 / 200
Got 4147 / 5000 correct (82.94)
Starting epoch 87 / 200
Got 4149 / 5000 correct (82.98)
Starting epoch 88 / 200
Got 4156 / 5000 correct (83.12)
Starting epoch 89 / 200
Got 4137 / 5000 correct (82.74)
Starting epoch 90 / 200
Got 4165 / 5000 correct (83.30)
Starting epoch 91 / 200
Got 4148 / 5000 correct (82.96)
Starting epoch 92 / 200
Got 4174 / 5000 correct (83.48)
Starting epoch 93 / 200
Got 4184 / 5000 correct (83.68)
Starting epoch 94 / 200
Got 4166 / 5000 correct (83.32)
Starting epoch 95 / 200
Got 4188 / 5000 correct (83.76)
Starting epoch 96 / 200
Got 4192 / 5000 correct (83.84)
Starting epoch 97 / 200
Got 4194 / 5000 correct (83.88)
Starting epoch 98 / 200
Got 4202 / 5000 correct (84.04)
Starting epoch 99 / 200
Got 4198 / 5000 correct (83.96)
Starting epoch 100 / 200
Got 4220 / 5000 correct (84.40)
Starting epoch 101 / 200
Got 4232 / 5000 correct (84.64)
Starting epoch 102 / 200
Got 4240 / 5000 correct (84.80)
Starting epoch 103 / 200
Got 4256 / 5000 correct (85.12)
Starting epoch 104 / 200
Got 4249 / 5000 correct (84.98)
Starting epoch 105 / 200
Got 4242 / 5000 correct (84.84)
Starting epoch 106 / 200
Got 4254 / 5000 correct (85.08)
Starting epoch 107 / 200
Got 4248 / 5000 correct (84.96)
Starting epoch 108 / 200
Got 4248 / 5000 correct (84.96)
Starting epoch 109 / 200
Got 4257 / 5000 correct (85.14)
Starting epoch 110 / 200
Got 4246 / 5000 correct (84.92)
Starting epoch 111 / 200
Got 4253 / 5000 correct (85.06)
Starting epoch 112 / 200
Got 4247 / 5000 correct (84.94)
Starting epoch 113 / 200
Got 4246 / 5000 correct (84.92)
Starting epoch 114 / 200
Got 4248 / 5000 correct (84.96)
Starting epoch 115 / 200
Got 4254 / 5000 correct (85.08)
Starting epoch 116 / 200
Got 4249 / 5000 correct (84.98)
Starting epoch 117 / 200
Got 4252 / 5000 correct (85.04)
Starting epoch 118 / 200
Got 4242 / 5000 correct (84.84)
Starting epoch 119 / 200
Got 4243 / 5000 correct (84.86)
Starting epoch 120 / 200
Got 4255 / 5000 correct (85.10)
Starting epoch 121 / 200
Got 4250 / 5000 correct (85.00)
Starting epoch 122 / 200
Got 4255 / 5000 correct (85.10)
Starting epoch 123 / 200
Got 4255 / 5000 correct (85.10)
Starting epoch 124 / 200
Got 4256 / 5000 correct (85.12)
Starting epoch 125 / 200
Got 4257 / 5000 correct (85.14)
Starting epoch 126 / 200
Got 4257 / 5000 correct (85.14)
Starting epoch 127 / 200
Got 4253 / 5000 correct (85.06)
Starting epoch 128 / 200
Got 4250 / 5000 correct (85.00)
Starting epoch 129 / 200
Got 4258 / 5000 correct (85.16)
Starting epoch 130 / 200
Got 4263 / 5000 correct (85.26)
Starting epoch 131 / 200
Got 4255 / 5000 correct (85.10)
Starting epoch 132 / 200
Got 4256 / 5000 correct (85.12)
Starting epoch 133 / 200
Got 4254 / 5000 correct (85.08)
Starting epoch 134 / 200
Got 4249 / 5000 correct (84.98)
Starting epoch 135 / 200
Got 4243 / 5000 correct (84.86)
Starting epoch 136 / 200
Got 4248 / 5000 correct (84.96)
Starting epoch 137 / 200
Got 4257 / 5000 correct (85.14)
Starting epoch 138 / 200
Got 4265 / 5000 correct (85.30)
Starting epoch 139 / 200
Got 4264 / 5000 correct (85.28)
Starting epoch 140 / 200
Got 4260 / 5000 correct (85.20)
Starting epoch 141 / 200
Got 4263 / 5000 correct (85.26)
Starting epoch 142 / 200
Got 4268 / 5000 correct (85.36)
Starting epoch 143 / 200
Got 4263 / 5000 correct (85.26)
Starting epoch 144 / 200
Got 4259 / 5000 correct (85.18)
Starting epoch 145 / 200
Got 4257 / 5000 correct (85.14)
Starting epoch 146 / 200
Got 4265 / 5000 correct (85.30)
Starting epoch 147 / 200
Got 4267 / 5000 correct (85.34)
Starting epoch 148 / 200
Got 4263 / 5000 correct (85.26)
Starting epoch 149 / 200
Got 4263 / 5000 correct (85.26)
Starting epoch 150 / 200
Got 4264 / 5000 correct (85.28)
Starting epoch 151 / 200
Got 4266 / 5000 correct (85.32)
Starting epoch 152 / 200
Got 4262 / 5000 correct (85.24)
Starting epoch 153 / 200
Got 4263 / 5000 correct (85.26)
Starting epoch 154 / 200
Got 4263 / 5000 correct (85.26)
Starting epoch 155 / 200
Got 4272 / 5000 correct (85.44)
Starting epoch 156 / 200
Got 4265 / 5000 correct (85.30)
Starting epoch 157 / 200
Got 4265 / 5000 correct (85.30)
Starting epoch 158 / 200
Got 4268 / 5000 correct (85.36)
Starting epoch 159 / 200
Got 4269 / 5000 correct (85.38)
Starting epoch 160 / 200
Got 4271 / 5000 correct (85.42)
Starting epoch 161 / 200
Got 4267 / 5000 correct (85.34)
Starting epoch 162 / 200
Got 4268 / 5000 correct (85.36)
Starting epoch 163 / 200
Got 4271 / 5000 correct (85.42)
Starting epoch 164 / 200
Got 4270 / 5000 correct (85.40)
Starting epoch 165 / 200
Got 4264 / 5000 correct (85.28)
Starting epoch 166 / 200
Got 4264 / 5000 correct (85.28)
Starting epoch 167 / 200
Got 4269 / 5000 correct (85.38)
Starting epoch 168 / 200
Got 4270 / 5000 correct (85.40)
Starting epoch 169 / 200
Got 4271 / 5000 correct (85.42)
Starting epoch 170 / 200
Got 4266 / 5000 correct (85.32)
Starting epoch 171 / 200
Got 4269 / 5000 correct (85.38)
Starting epoch 172 / 200
Got 4263 / 5000 correct (85.26)
Starting epoch 173 / 200
Got 4265 / 5000 correct (85.30)
Starting epoch 174 / 200
Got 4268 / 5000 correct (85.36)
Starting epoch 175 / 200
Got 4266 / 5000 correct (85.32)
Starting epoch 176 / 200
Got 4260 / 5000 correct (85.20)
Starting epoch 177 / 200
Got 4266 / 5000 correct (85.32)
Starting epoch 178 / 200
Got 4273 / 5000 correct (85.46)
Starting epoch 179 / 200
Got 4277 / 5000 correct (85.54)
Starting epoch 180 / 200
Got 4272 / 5000 correct (85.44)
Starting epoch 181 / 200
Got 4272 / 5000 correct (85.44)
Starting epoch 182 / 200
Got 4270 / 5000 correct (85.40)
Starting epoch 183 / 200
Got 4269 / 5000 correct (85.38)
Starting epoch 184 / 200
Got 4269 / 5000 correct (85.38)
Starting epoch 185 / 200
Got 4270 / 5000 correct (85.40)
Starting epoch 186 / 200
Got 4273 / 5000 correct (85.46)
Starting epoch 187 / 200
Got 4275 / 5000 correct (85.50)
Starting epoch 188 / 200
Got 4266 / 5000 correct (85.32)
Starting epoch 189 / 200
Got 4268 / 5000 correct (85.36)
Starting epoch 190 / 200
Got 4270 / 5000 correct (85.40)
Starting epoch 191 / 200
Got 4269 / 5000 correct (85.38)
Starting epoch 192 / 200
Got 4259 / 5000 correct (85.18)
Starting epoch 193 / 200
Got 4262 / 5000 correct (85.24)
Starting epoch 194 / 200
Got 4264 / 5000 correct (85.28)
Starting epoch 195 / 200
Got 4270 / 5000 correct (85.40)
Starting epoch 196 / 200
Got 4270 / 5000 correct (85.40)
Starting epoch 197 / 200
Got 4267 / 5000 correct (85.34)
Starting epoch 198 / 200
Got 4268 / 5000 correct (85.36)
Starting epoch 199 / 200
Got 4270 / 5000 correct (85.40)
Starting epoch 200 / 200
Got 4268 / 5000 correct (85.36)
SC20_32*4d_0.5 Final test accuracy:
Got 8480 / 10000 correct (84.80)
*********
Starting epoch 1 / 200
Got 1615 / 5000 correct (32.30)
Starting epoch 2 / 200
Got 1897 / 5000 correct (37.94)
Starting epoch 3 / 200
Got 2080 / 5000 correct (41.60)
Starting epoch 4 / 200
Got 2179 / 5000 correct (43.58)
Starting epoch 5 / 200
Got 2322 / 5000 correct (46.44)
Starting epoch 6 / 200
Got 2414 / 5000 correct (48.28)
Starting epoch 7 / 200
Got 2486 / 5000 correct (49.72)
Starting epoch 8 / 200
Got 2700 / 5000 correct (54.00)
Starting epoch 9 / 200
Got 2765 / 5000 correct (55.30)
Starting epoch 10 / 200
Got 2874 / 5000 correct (57.48)
Starting epoch 11 / 200
Got 3011 / 5000 correct (60.22)
Starting epoch 12 / 200
Got 3096 / 5000 correct (61.92)
Starting epoch 13 / 200
Got 3164 / 5000 correct (63.28)
Starting epoch 14 / 200
Got 3260 / 5000 correct (65.20)
Starting epoch 15 / 200
Got 3334 / 5000 correct (66.68)
Starting epoch 16 / 200
Got 3345 / 5000 correct (66.90)
Starting epoch 17 / 200
Got 3409 / 5000 correct (68.18)
Starting epoch 18 / 200
Got 3443 / 5000 correct (68.86)
Starting epoch 19 / 200
Got 3461 / 5000 correct (69.22)
Starting epoch 20 / 200
Got 3507 / 5000 correct (70.14)
Starting epoch 21 / 200
Got 3559 / 5000 correct (71.18)
Starting epoch 22 / 200
Got 3560 / 5000 correct (71.20)
Starting epoch 23 / 200
Got 3597 / 5000 correct (71.94)
Starting epoch 24 / 200
Got 3621 / 5000 correct (72.42)
Starting epoch 25 / 200
Got 3665 / 5000 correct (73.30)
Starting epoch 26 / 200
Got 3657 / 5000 correct (73.14)
Starting epoch 27 / 200
Got 3716 / 5000 correct (74.32)
Starting epoch 28 / 200
Got 3734 / 5000 correct (74.68)
Starting epoch 29 / 200
Got 3768 / 5000 correct (75.36)
Starting epoch 30 / 200
Got 3771 / 5000 correct (75.42)
Starting epoch 31 / 200
Got 3827 / 5000 correct (76.54)
Starting epoch 32 / 200
Got 3831 / 5000 correct (76.62)
Starting epoch 33 / 200
Got 3817 / 5000 correct (76.34)
Starting epoch 34 / 200
Got 3879 / 5000 correct (77.58)
Starting epoch 35 / 200
Got 3862 / 5000 correct (77.24)
Starting epoch 36 / 200
Got 3941 / 5000 correct (78.82)
Starting epoch 37 / 200
Got 3937 / 5000 correct (78.74)
Starting epoch 38 / 200
Got 3972 / 5000 correct (79.44)
Starting epoch 39 / 200
Got 3990 / 5000 correct (79.80)
Starting epoch 40 / 200
Got 3984 / 5000 correct (79.68)
Starting epoch 41 / 200
Got 4032 / 5000 correct (80.64)
Starting epoch 42 / 200
Got 4006 / 5000 correct (80.12)
Starting epoch 43 / 200
Got 4018 / 5000 correct (80.36)
Starting epoch 44 / 200
Got 4060 / 5000 correct (81.20)
Starting epoch 45 / 200
Got 4077 / 5000 correct (81.54)
Starting epoch 46 / 200
Got 4076 / 5000 correct (81.52)
Starting epoch 47 / 200
Got 4047 / 5000 correct (80.94)
Starting epoch 48 / 200
Got 4095 / 5000 correct (81.90)
Starting epoch 49 / 200
Got 4114 / 5000 correct (82.28)
Starting epoch 50 / 200
Got 4131 / 5000 correct (82.62)
Starting epoch 51 / 200
Got 4127 / 5000 correct (82.54)
Starting epoch 52 / 200
Got 4142 / 5000 correct (82.84)
Starting epoch 53 / 200
Got 4156 / 5000 correct (83.12)
Starting epoch 54 / 200
Got 4147 / 5000 correct (82.94)
Starting epoch 55 / 200
Got 4160 / 5000 correct (83.20)
Starting epoch 56 / 200
Got 4152 / 5000 correct (83.04)
Starting epoch 57 / 200
Got 4182 / 5000 correct (83.64)
Starting epoch 58 / 200
Got 4181 / 5000 correct (83.62)
Starting epoch 59 / 200
Got 4176 / 5000 correct (83.52)
Starting epoch 60 / 200
Got 4207 / 5000 correct (84.14)
Starting epoch 61 / 200
Got 4209 / 5000 correct (84.18)
Starting epoch 62 / 200
Got 4205 / 5000 correct (84.10)
Starting epoch 63 / 200
Got 4212 / 5000 correct (84.24)
Starting epoch 64 / 200
Got 4212 / 5000 correct (84.24)
Starting epoch 65 / 200
Got 4209 / 5000 correct (84.18)
Starting epoch 66 / 200
Got 4225 / 5000 correct (84.50)
Starting epoch 67 / 200
Got 4231 / 5000 correct (84.62)
Starting epoch 68 / 200
Got 4235 / 5000 correct (84.70)
Starting epoch 69 / 200
Got 4235 / 5000 correct (84.70)
Starting epoch 70 / 200
Got 4247 / 5000 correct (84.94)
Starting epoch 71 / 200
Got 4249 / 5000 correct (84.98)
Starting epoch 72 / 200
Got 4238 / 5000 correct (84.76)
Starting epoch 73 / 200
Got 4241 / 5000 correct (84.82)
Starting epoch 74 / 200
Got 4255 / 5000 correct (85.10)
Starting epoch 75 / 200
Got 4276 / 5000 correct (85.52)
Starting epoch 76 / 200
Got 4273 / 5000 correct (85.46)
Starting epoch 77 / 200
Got 4279 / 5000 correct (85.58)
Starting epoch 78 / 200
Got 4275 / 5000 correct (85.50)
Starting epoch 79 / 200
Got 4285 / 5000 correct (85.70)
Starting epoch 80 / 200
Got 4271 / 5000 correct (85.42)
Starting epoch 81 / 200
Got 4296 / 5000 correct (85.92)
Starting epoch 82 / 200
Got 4311 / 5000 correct (86.22)
Starting epoch 83 / 200
Got 4313 / 5000 correct (86.26)
Starting epoch 84 / 200
Got 4290 / 5000 correct (85.80)
Starting epoch 85 / 200
Got 4322 / 5000 correct (86.44)
Starting epoch 86 / 200
Got 4309 / 5000 correct (86.18)
Starting epoch 87 / 200
Got 4323 / 5000 correct (86.46)
Starting epoch 88 / 200
Got 4311 / 5000 correct (86.22)
Starting epoch 89 / 200
Got 4336 / 5000 correct (86.72)
Starting epoch 90 / 200
Got 4319 / 5000 correct (86.38)
Starting epoch 91 / 200
Got 4332 / 5000 correct (86.64)
Starting epoch 92 / 200
Got 4345 / 5000 correct (86.90)
Starting epoch 93 / 200
Got 4333 / 5000 correct (86.66)
Starting epoch 94 / 200
Got 4353 / 5000 correct (87.06)
Starting epoch 95 / 200
Got 4355 / 5000 correct (87.10)
Starting epoch 96 / 200
Got 4353 / 5000 correct (87.06)
Starting epoch 97 / 200
Got 4364 / 5000 correct (87.28)
Starting epoch 98 / 200
Got 4357 / 5000 correct (87.14)
Starting epoch 99 / 200
Got 4379 / 5000 correct (87.58)
Starting epoch 100 / 200
Got 4357 / 5000 correct (87.14)
Starting epoch 101 / 200
Got 4394 / 5000 correct (87.88)
Starting epoch 102 / 200
Got 4398 / 5000 correct (87.96)
Starting epoch 103 / 200
Got 4396 / 5000 correct (87.92)
Starting epoch 104 / 200
Got 4397 / 5000 correct (87.94)
Starting epoch 105 / 200
Got 4403 / 5000 correct (88.06)
Starting epoch 106 / 200
Got 4392 / 5000 correct (87.84)
Starting epoch 107 / 200
Got 4396 / 5000 correct (87.92)
Starting epoch 108 / 200
Got 4400 / 5000 correct (88.00)
Starting epoch 109 / 200
Got 4397 / 5000 correct (87.94)
Starting epoch 110 / 200
Got 4396 / 5000 correct (87.92)
Starting epoch 111 / 200
Got 4398 / 5000 correct (87.96)
Starting epoch 112 / 200
Got 4403 / 5000 correct (88.06)
Starting epoch 113 / 200
Got 4399 / 5000 correct (87.98)
Starting epoch 114 / 200
Got 4400 / 5000 correct (88.00)
Starting epoch 115 / 200
Got 4398 / 5000 correct (87.96)
Starting epoch 116 / 200
Got 4414 / 5000 correct (88.28)
Starting epoch 117 / 200
Got 4421 / 5000 correct (88.42)
Starting epoch 118 / 200
Got 4405 / 5000 correct (88.10)
Starting epoch 119 / 200
Got 4407 / 5000 correct (88.14)
Starting epoch 120 / 200
Got 4410 / 5000 correct (88.20)
Starting epoch 121 / 200
Got 4404 / 5000 correct (88.08)
Starting epoch 122 / 200
Got 4400 / 5000 correct (88.00)
Starting epoch 123 / 200
Got 4402 / 5000 correct (88.04)
Starting epoch 124 / 200
Got 4410 / 5000 correct (88.20)
Starting epoch 125 / 200
Got 4402 / 5000 correct (88.04)
Starting epoch 126 / 200
Got 4411 / 5000 correct (88.22)
Starting epoch 127 / 200
Got 4409 / 5000 correct (88.18)
Starting epoch 128 / 200
Got 4403 / 5000 correct (88.06)
Starting epoch 129 / 200
Got 4417 / 5000 correct (88.34)
Starting epoch 130 / 200
Got 4410 / 5000 correct (88.20)
Starting epoch 131 / 200
Got 4405 / 5000 correct (88.10)
Starting epoch 132 / 200
Got 4407 / 5000 correct (88.14)
Starting epoch 133 / 200
Got 4414 / 5000 correct (88.28)
Starting epoch 134 / 200
Got 4409 / 5000 correct (88.18)
Starting epoch 135 / 200
Got 4400 / 5000 correct (88.00)
Starting epoch 136 / 200
Got 4417 / 5000 correct (88.34)
Starting epoch 137 / 200
Got 4407 / 5000 correct (88.14)
Starting epoch 138 / 200
Got 4409 / 5000 correct (88.18)
Starting epoch 139 / 200
Got 4412 / 5000 correct (88.24)
Starting epoch 140 / 200
Got 4408 / 5000 correct (88.16)
Starting epoch 141 / 200
Got 4417 / 5000 correct (88.34)
Starting epoch 142 / 200
Got 4408 / 5000 correct (88.16)
Starting epoch 143 / 200
Got 4418 / 5000 correct (88.36)
Starting epoch 144 / 200
Got 4410 / 5000 correct (88.20)
Starting epoch 145 / 200
Got 4417 / 5000 correct (88.34)
Starting epoch 146 / 200
Got 4408 / 5000 correct (88.16)
Starting epoch 147 / 200
Got 4424 / 5000 correct (88.48)
Starting epoch 148 / 200
Got 4414 / 5000 correct (88.28)
Starting epoch 149 / 200
Got 4424 / 5000 correct (88.48)
Starting epoch 150 / 200
Got 4418 / 5000 correct (88.36)
Starting epoch 151 / 200
Got 4415 / 5000 correct (88.30)
Starting epoch 152 / 200
Got 4418 / 5000 correct (88.36)
Starting epoch 153 / 200
Got 4417 / 5000 correct (88.34)
Starting epoch 154 / 200
Got 4419 / 5000 correct (88.38)
Starting epoch 155 / 200
Got 4413 / 5000 correct (88.26)
Starting epoch 156 / 200
Got 4418 / 5000 correct (88.36)
Starting epoch 157 / 200
Got 4417 / 5000 correct (88.34)
Starting epoch 158 / 200
Got 4418 / 5000 correct (88.36)
Starting epoch 159 / 200
Got 4420 / 5000 correct (88.40)
Starting epoch 160 / 200
Got 4412 / 5000 correct (88.24)
Starting epoch 161 / 200
Got 4417 / 5000 correct (88.34)
Starting epoch 162 / 200
Got 4418 / 5000 correct (88.36)
Starting epoch 163 / 200
Got 4416 / 5000 correct (88.32)
Starting epoch 164 / 200
Got 4418 / 5000 correct (88.36)
Starting epoch 165 / 200
Got 4417 / 5000 correct (88.34)
Starting epoch 166 / 200
Got 4417 / 5000 correct (88.34)
Starting epoch 167 / 200
Got 4416 / 5000 correct (88.32)
Starting epoch 168 / 200
Got 4421 / 5000 correct (88.42)
Starting epoch 169 / 200
Got 4420 / 5000 correct (88.40)
Starting epoch 170 / 200
Got 4422 / 5000 correct (88.44)
Starting epoch 171 / 200
Got 4421 / 5000 correct (88.42)
Starting epoch 172 / 200
Got 4421 / 5000 correct (88.42)
Starting epoch 173 / 200
Got 4424 / 5000 correct (88.48)
Starting epoch 174 / 200
Got 4418 / 5000 correct (88.36)
Starting epoch 175 / 200
Got 4422 / 5000 correct (88.44)
Starting epoch 176 / 200
Got 4422 / 5000 correct (88.44)
Starting epoch 177 / 200
Got 4421 / 5000 correct (88.42)
Starting epoch 178 / 200
Got 4420 / 5000 correct (88.40)
Starting epoch 179 / 200
Got 4426 / 5000 correct (88.52)
Starting epoch 180 / 200
Got 4426 / 5000 correct (88.52)
Starting epoch 181 / 200
Got 4423 / 5000 correct (88.46)
Starting epoch 182 / 200
Got 4420 / 5000 correct (88.40)
Starting epoch 183 / 200
Got 4423 / 5000 correct (88.46)
Starting epoch 184 / 200
Got 4421 / 5000 correct (88.42)
Starting epoch 185 / 200
Got 4422 / 5000 correct (88.44)
Starting epoch 186 / 200
Got 4421 / 5000 correct (88.42)
Starting epoch 187 / 200
Got 4419 / 5000 correct (88.38)
Starting epoch 188 / 200
Got 4427 / 5000 correct (88.54)
Starting epoch 189 / 200
Got 4418 / 5000 correct (88.36)
Starting epoch 190 / 200
Got 4415 / 5000 correct (88.30)
Starting epoch 191 / 200
Got 4420 / 5000 correct (88.40)
Starting epoch 192 / 200
Got 4426 / 5000 correct (88.52)
Starting epoch 193 / 200
Got 4423 / 5000 correct (88.46)
Starting epoch 194 / 200
Got 4423 / 5000 correct (88.46)
Starting epoch 195 / 200
Got 4421 / 5000 correct (88.42)
Starting epoch 196 / 200
Got 4422 / 5000 correct (88.44)
Starting epoch 197 / 200
Got 4419 / 5000 correct (88.38)
Starting epoch 198 / 200
Got 4426 / 5000 correct (88.52)
Starting epoch 199 / 200
Got 4423 / 5000 correct (88.46)
Starting epoch 200 / 200
Got 4425 / 5000 correct (88.50)
SC20_8*16d_0.5 Final test accuracy:
Got 8810 / 10000 correct (88.10)
*********
Starting epoch 1 / 200
Got 1831 / 5000 correct (36.62)
Starting epoch 2 / 200
Got 2155 / 5000 correct (43.10)
Starting epoch 3 / 200
Got 2318 / 5000 correct (46.36)
Starting epoch 4 / 200
Got 2507 / 5000 correct (50.14)
Starting epoch 5 / 200
Got 2617 / 5000 correct (52.34)
Starting epoch 6 / 200
Got 2727 / 5000 correct (54.54)
Starting epoch 7 / 200
Got 2839 / 5000 correct (56.78)
Starting epoch 8 / 200
Got 2934 / 5000 correct (58.68)
Starting epoch 9 / 200
Got 3042 / 5000 correct (60.84)
Starting epoch 10 / 200
Got 3107 / 5000 correct (62.14)
Starting epoch 11 / 200
Got 3136 / 5000 correct (62.72)
Starting epoch 12 / 200
Got 3296 / 5000 correct (65.92)
Starting epoch 13 / 200
Got 3308 / 5000 correct (66.16)
Starting epoch 14 / 200
Got 3365 / 5000 correct (67.30)
Starting epoch 15 / 200
Got 3463 / 5000 correct (69.26)
Starting epoch 16 / 200
Got 3466 / 5000 correct (69.32)
Starting epoch 17 / 200
Got 3538 / 5000 correct (70.76)
Starting epoch 18 / 200
Got 3540 / 5000 correct (70.80)
Starting epoch 19 / 200
Got 3575 / 5000 correct (71.50)
Starting epoch 20 / 200
Got 3599 / 5000 correct (71.98)
Starting epoch 21 / 200
Got 3639 / 5000 correct (72.78)
Starting epoch 22 / 200
Got 3673 / 5000 correct (73.46)
Starting epoch 23 / 200
Got 3686 / 5000 correct (73.72)
Starting epoch 24 / 200
Got 3725 / 5000 correct (74.50)
Starting epoch 25 / 200
Got 3748 / 5000 correct (74.96)
Starting epoch 26 / 200
Got 3777 / 5000 correct (75.54)
Starting epoch 27 / 200
Got 3813 / 5000 correct (76.26)
Starting epoch 28 / 200
Got 3846 / 5000 correct (76.92)
Starting epoch 29 / 200
Got 3827 / 5000 correct (76.54)
Starting epoch 30 / 200
Got 3887 / 5000 correct (77.74)
Starting epoch 31 / 200
Got 3877 / 5000 correct (77.54)
Starting epoch 32 / 200
Got 3904 / 5000 correct (78.08)
Starting epoch 33 / 200
Got 3953 / 5000 correct (79.06)
Starting epoch 34 / 200
Got 3906 / 5000 correct (78.12)
Starting epoch 35 / 200
Got 3954 / 5000 correct (79.08)
Starting epoch 36 / 200
Got 3975 / 5000 correct (79.50)
Starting epoch 37 / 200
Got 4004 / 5000 correct (80.08)
Starting epoch 38 / 200
Got 4041 / 5000 correct (80.82)
Starting epoch 39 / 200
Got 4024 / 5000 correct (80.48)
Starting epoch 40 / 200
Got 4019 / 5000 correct (80.38)
Starting epoch 41 / 200
Got 4031 / 5000 correct (80.62)
Starting epoch 42 / 200
Got 4023 / 5000 correct (80.46)
Starting epoch 43 / 200
Got 4046 / 5000 correct (80.92)
Starting epoch 44 / 200
Got 4073 / 5000 correct (81.46)
Starting epoch 45 / 200
Got 4076 / 5000 correct (81.52)
Starting epoch 46 / 200
Got 4057 / 5000 correct (81.14)
Starting epoch 47 / 200
Got 4115 / 5000 correct (82.30)
Starting epoch 48 / 200
Got 4096 / 5000 correct (81.92)
Starting epoch 49 / 200
Got 4116 / 5000 correct (82.32)
Starting epoch 50 / 200
Got 4126 / 5000 correct (82.52)
Starting epoch 51 / 200
Got 4123 / 5000 correct (82.46)
Starting epoch 52 / 200
Got 4130 / 5000 correct (82.60)
Starting epoch 53 / 200
Got 4127 / 5000 correct (82.54)
Starting epoch 54 / 200
Got 4154 / 5000 correct (83.08)
Starting epoch 55 / 200
Got 4127 / 5000 correct (82.54)
Starting epoch 56 / 200
Got 4152 / 5000 correct (83.04)
Starting epoch 57 / 200
Got 4182 / 5000 correct (83.64)
Starting epoch 58 / 200
Got 4158 / 5000 correct (83.16)
Starting epoch 59 / 200
Got 4182 / 5000 correct (83.64)
Starting epoch 60 / 200
Got 4181 / 5000 correct (83.62)
Starting epoch 61 / 200
Got 4169 / 5000 correct (83.38)
Starting epoch 62 / 200
Got 4181 / 5000 correct (83.62)
Starting epoch 63 / 200
Got 4194 / 5000 correct (83.88)
Starting epoch 64 / 200
Got 4207 / 5000 correct (84.14)
Starting epoch 65 / 200
Got 4205 / 5000 correct (84.10)
Starting epoch 66 / 200
Got 4197 / 5000 correct (83.94)
Starting epoch 67 / 200
Got 4201 / 5000 correct (84.02)
Starting epoch 68 / 200
Got 4232 / 5000 correct (84.64)
Starting epoch 69 / 200
Got 4201 / 5000 correct (84.02)
Starting epoch 70 / 200
Got 4225 / 5000 correct (84.50)
Starting epoch 71 / 200
Got 4241 / 5000 correct (84.82)
Starting epoch 72 / 200
Got 4188 / 5000 correct (83.76)
Starting epoch 73 / 200
Got 4228 / 5000 correct (84.56)
Starting epoch 74 / 200
Got 4215 / 5000 correct (84.30)
Starting epoch 75 / 200
Got 4208 / 5000 correct (84.16)
Starting epoch 76 / 200
Got 4252 / 5000 correct (85.04)
Starting epoch 77 / 200
Got 4267 / 5000 correct (85.34)
Starting epoch 78 / 200
Got 4262 / 5000 correct (85.24)
Starting epoch 79 / 200
Got 4254 / 5000 correct (85.08)
Starting epoch 80 / 200
Got 4240 / 5000 correct (84.80)
Starting epoch 81 / 200
Got 4243 / 5000 correct (84.86)
Starting epoch 82 / 200
Got 4260 / 5000 correct (85.20)
Starting epoch 83 / 200
Got 4249 / 5000 correct (84.98)
Starting epoch 84 / 200
Got 4282 / 5000 correct (85.64)
Starting epoch 85 / 200
Got 4263 / 5000 correct (85.26)
Starting epoch 86 / 200
Got 4271 / 5000 correct (85.42)
Starting epoch 87 / 200
Got 4262 / 5000 correct (85.24)
Starting epoch 88 / 200
Got 4241 / 5000 correct (84.82)
Starting epoch 89 / 200
Got 4283 / 5000 correct (85.66)
Starting epoch 90 / 200
Got 4232 / 5000 correct (84.64)
Starting epoch 91 / 200
Got 4270 / 5000 correct (85.40)
Starting epoch 92 / 200
Got 4300 / 5000 correct (86.00)
Starting epoch 93 / 200
Got 4306 / 5000 correct (86.12)
Starting epoch 94 / 200
Got 4299 / 5000 correct (85.98)
Starting epoch 95 / 200
Got 4315 / 5000 correct (86.30)
Starting epoch 96 / 200
Got 4319 / 5000 correct (86.38)
Starting epoch 97 / 200
Got 4316 / 5000 correct (86.32)
Starting epoch 98 / 200
Got 4268 / 5000 correct (85.36)
Starting epoch 99 / 200
Got 4271 / 5000 correct (85.42)
Starting epoch 100 / 200
Got 4297 / 5000 correct (85.94)
Starting epoch 101 / 200
Got 4332 / 5000 correct (86.64)
Starting epoch 102 / 200
Got 4324 / 5000 correct (86.48)
Starting epoch 103 / 200
Got 4332 / 5000 correct (86.64)
Starting epoch 104 / 200
Got 4346 / 5000 correct (86.92)
Starting epoch 105 / 200
Got 4351 / 5000 correct (87.02)
Starting epoch 106 / 200
Got 4349 / 5000 correct (86.98)
Starting epoch 107 / 200
Got 4351 / 5000 correct (87.02)
Starting epoch 108 / 200
Got 4345 / 5000 correct (86.90)
Starting epoch 109 / 200
Got 4347 / 5000 correct (86.94)
Starting epoch 110 / 200
Got 4352 / 5000 correct (87.04)
Starting epoch 111 / 200
Got 4353 / 5000 correct (87.06)
Starting epoch 112 / 200
Got 4359 / 5000 correct (87.18)
Starting epoch 113 / 200
Got 4350 / 5000 correct (87.00)
Starting epoch 114 / 200
Got 4352 / 5000 correct (87.04)
Starting epoch 115 / 200
Got 4348 / 5000 correct (86.96)
Starting epoch 116 / 200
Got 4361 / 5000 correct (87.22)
Starting epoch 117 / 200
Got 4359 / 5000 correct (87.18)
Starting epoch 118 / 200
Got 4347 / 5000 correct (86.94)
Starting epoch 119 / 200
Got 4361 / 5000 correct (87.22)
Starting epoch 120 / 200
Got 4363 / 5000 correct (87.26)
Starting epoch 121 / 200
Got 4367 / 5000 correct (87.34)
Starting epoch 122 / 200
Got 4366 / 5000 correct (87.32)
Starting epoch 123 / 200
Got 4373 / 5000 correct (87.46)
Starting epoch 124 / 200
Got 4355 / 5000 correct (87.10)
Starting epoch 125 / 200
Got 4366 / 5000 correct (87.32)
Starting epoch 126 / 200
Got 4362 / 5000 correct (87.24)
Starting epoch 127 / 200
Got 4363 / 5000 correct (87.26)
Starting epoch 128 / 200
Got 4365 / 5000 correct (87.30)
Starting epoch 129 / 200
Got 4365 / 5000 correct (87.30)
Starting epoch 130 / 200
Got 4369 / 5000 correct (87.38)
Starting epoch 131 / 200
Got 4357 / 5000 correct (87.14)
Starting epoch 132 / 200
Got 4359 / 5000 correct (87.18)
Starting epoch 133 / 200
Got 4363 / 5000 correct (87.26)
Starting epoch 134 / 200
Got 4353 / 5000 correct (87.06)
Starting epoch 135 / 200
Got 4359 / 5000 correct (87.18)
Starting epoch 136 / 200
Got 4361 / 5000 correct (87.22)
Starting epoch 137 / 200
Got 4366 / 5000 correct (87.32)
Starting epoch 138 / 200
Got 4366 / 5000 correct (87.32)
Starting epoch 139 / 200
Got 4355 / 5000 correct (87.10)
Starting epoch 140 / 200
Got 4355 / 5000 correct (87.10)
Starting epoch 141 / 200
Got 4349 / 5000 correct (86.98)
Starting epoch 142 / 200
Got 4362 / 5000 correct (87.24)
Starting epoch 143 / 200
Got 4354 / 5000 correct (87.08)
Starting epoch 144 / 200
Got 4359 / 5000 correct (87.18)
Starting epoch 145 / 200
Got 4352 / 5000 correct (87.04)
Starting epoch 146 / 200
Got 4363 / 5000 correct (87.26)
Starting epoch 147 / 200
Got 4361 / 5000 correct (87.22)
Starting epoch 148 / 200
Got 4360 / 5000 correct (87.20)
Starting epoch 149 / 200
Got 4360 / 5000 correct (87.20)
Starting epoch 150 / 200
Got 4370 / 5000 correct (87.40)
Starting epoch 151 / 200
Got 4370 / 5000 correct (87.40)
Starting epoch 152 / 200
Got 4371 / 5000 correct (87.42)
Starting epoch 153 / 200
Got 4369 / 5000 correct (87.38)
Starting epoch 154 / 200
Got 4372 / 5000 correct (87.44)
Starting epoch 155 / 200
Got 4366 / 5000 correct (87.32)
Starting epoch 156 / 200
Got 4369 / 5000 correct (87.38)
Starting epoch 157 / 200
Got 4368 / 5000 correct (87.36)
Starting epoch 158 / 200
Got 4369 / 5000 correct (87.38)
Starting epoch 159 / 200
Got 4366 / 5000 correct (87.32)
Starting epoch 160 / 200
Got 4364 / 5000 correct (87.28)
Starting epoch 161 / 200
Got 4367 / 5000 correct (87.34)
Starting epoch 162 / 200
Got 4365 / 5000 correct (87.30)
Starting epoch 163 / 200
Got 4368 / 5000 correct (87.36)
Starting epoch 164 / 200
Got 4363 / 5000 correct (87.26)
Starting epoch 165 / 200
Got 4367 / 5000 correct (87.34)
Starting epoch 166 / 200
Got 4365 / 5000 correct (87.30)
Starting epoch 167 / 200
Got 4362 / 5000 correct (87.24)
Starting epoch 168 / 200
Got 4363 / 5000 correct (87.26)
Starting epoch 169 / 200
Got 4365 / 5000 correct (87.30)
Starting epoch 170 / 200
Got 4357 / 5000 correct (87.14)
Starting epoch 171 / 200
Got 4359 / 5000 correct (87.18)
Starting epoch 172 / 200
Got 4359 / 5000 correct (87.18)
Starting epoch 173 / 200
Got 4357 / 5000 correct (87.14)
Starting epoch 174 / 200
Got 4360 / 5000 correct (87.20)
Starting epoch 175 / 200
Got 4360 / 5000 correct (87.20)
Starting epoch 176 / 200
Got 4361 / 5000 correct (87.22)
Starting epoch 177 / 200
Got 4360 / 5000 correct (87.20)
Starting epoch 178 / 200
Got 4358 / 5000 correct (87.16)
Starting epoch 179 / 200
Got 4364 / 5000 correct (87.28)
Starting epoch 180 / 200
Got 4365 / 5000 correct (87.30)
Starting epoch 181 / 200
Got 4360 / 5000 correct (87.20)
Starting epoch 182 / 200
Got 4357 / 5000 correct (87.14)
Starting epoch 183 / 200
Got 4365 / 5000 correct (87.30)
Starting epoch 184 / 200
Got 4368 / 5000 correct (87.36)
Starting epoch 185 / 200
Got 4357 / 5000 correct (87.14)
Starting epoch 186 / 200
Got 4358 / 5000 correct (87.16)
Starting epoch 187 / 200
Got 4363 / 5000 correct (87.26)
Starting epoch 188 / 200
Got 4361 / 5000 correct (87.22)
Starting epoch 189 / 200
Got 4363 / 5000 correct (87.26)
Starting epoch 190 / 200
Got 4363 / 5000 correct (87.26)
Starting epoch 191 / 200
Got 4363 / 5000 correct (87.26)
Starting epoch 192 / 200
Got 4359 / 5000 correct (87.18)
Starting epoch 193 / 200
Got 4362 / 5000 correct (87.24)
Starting epoch 194 / 200
Got 4359 / 5000 correct (87.18)
Starting epoch 195 / 200
Got 4363 / 5000 correct (87.26)
Starting epoch 196 / 200
Got 4361 / 5000 correct (87.22)
Starting epoch 197 / 200
Got 4363 / 5000 correct (87.26)
Starting epoch 198 / 200
Got 4363 / 5000 correct (87.26)
Starting epoch 199 / 200
Got 4365 / 5000 correct (87.30)
Starting epoch 200 / 200
Got 4357 / 5000 correct (87.14)
SC20_4*32d_0.5 Final test accuracy:
Got 8690 / 10000 correct (86.90)
*********
Starting epoch 1 / 200
Got 2142 / 5000 correct (42.84)
Starting epoch 2 / 200
Got 2156 / 5000 correct (43.12)
Starting epoch 3 / 200
Got 2597 / 5000 correct (51.94)
Starting epoch 4 / 200
Got 2684 / 5000 correct (53.68)
Starting epoch 5 / 200
Got 2861 / 5000 correct (57.22)
Starting epoch 6 / 200
Got 2873 / 5000 correct (57.46)
Starting epoch 7 / 200
Got 2997 / 5000 correct (59.94)
Starting epoch 8 / 200
Got 3134 / 5000 correct (62.68)
Starting epoch 9 / 200
Got 3199 / 5000 correct (63.98)
Starting epoch 10 / 200
Got 3253 / 5000 correct (65.06)
Starting epoch 11 / 200
Got 3294 / 5000 correct (65.88)
Starting epoch 12 / 200
Got 3327 / 5000 correct (66.54)
Starting epoch 13 / 200
Got 3374 / 5000 correct (67.48)
Starting epoch 14 / 200
Got 3425 / 5000 correct (68.50)
Starting epoch 15 / 200
Got 3429 / 5000 correct (68.58)
Starting epoch 16 / 200
Got 3463 / 5000 correct (69.26)
Starting epoch 17 / 200
Got 3557 / 5000 correct (71.14)
Starting epoch 18 / 200
Got 3554 / 5000 correct (71.08)
Starting epoch 19 / 200
Got 3573 / 5000 correct (71.46)
Starting epoch 20 / 200
Got 3613 / 5000 correct (72.26)
Starting epoch 21 / 200
Got 3648 / 5000 correct (72.96)
Starting epoch 22 / 200
Got 3620 / 5000 correct (72.40)
Starting epoch 23 / 200
Got 3668 / 5000 correct (73.36)
Starting epoch 24 / 200
Got 3712 / 5000 correct (74.24)
Starting epoch 25 / 200
Got 3733 / 5000 correct (74.66)
Starting epoch 26 / 200
Got 3747 / 5000 correct (74.94)
Starting epoch 27 / 200
Got 3734 / 5000 correct (74.68)
Starting epoch 28 / 200
Got 3793 / 5000 correct (75.86)
Starting epoch 29 / 200
Got 3783 / 5000 correct (75.66)
Starting epoch 30 / 200
Got 3806 / 5000 correct (76.12)
Starting epoch 31 / 200
Got 3816 / 5000 correct (76.32)
Starting epoch 32 / 200
Got 3789 / 5000 correct (75.78)
Starting epoch 33 / 200
Got 3871 / 5000 correct (77.42)
Starting epoch 34 / 200
Got 3898 / 5000 correct (77.96)
Starting epoch 35 / 200
Got 3828 / 5000 correct (76.56)
Starting epoch 36 / 200
Got 3898 / 5000 correct (77.96)
Starting epoch 37 / 200
Got 3937 / 5000 correct (78.74)
Starting epoch 38 / 200
Got 3912 / 5000 correct (78.24)
Starting epoch 39 / 200
Got 3955 / 5000 correct (79.10)
Starting epoch 40 / 200
Got 3959 / 5000 correct (79.18)
Starting epoch 41 / 200
Got 3962 / 5000 correct (79.24)
Starting epoch 42 / 200
Got 3984 / 5000 correct (79.68)
Starting epoch 43 / 200
Got 3945 / 5000 correct (78.90)
Starting epoch 44 / 200
Got 3989 / 5000 correct (79.78)
Starting epoch 45 / 200
Got 4002 / 5000 correct (80.04)
Starting epoch 46 / 200
Got 4008 / 5000 correct (80.16)
Starting epoch 47 / 200
Got 4029 / 5000 correct (80.58)
Starting epoch 48 / 200
Got 4028 / 5000 correct (80.56)
Starting epoch 49 / 200
Got 3978 / 5000 correct (79.56)
Starting epoch 50 / 200
Got 4028 / 5000 correct (80.56)
Starting epoch 51 / 200
Got 4014 / 5000 correct (80.28)
Starting epoch 52 / 200
Got 4087 / 5000 correct (81.74)
Starting epoch 53 / 200
Got 4077 / 5000 correct (81.54)
Starting epoch 54 / 200
Got 4098 / 5000 correct (81.96)
Starting epoch 55 / 200
Got 4095 / 5000 correct (81.90)
Starting epoch 56 / 200
Got 4100 / 5000 correct (82.00)
Starting epoch 57 / 200
Got 4084 / 5000 correct (81.68)
Starting epoch 58 / 200
Got 4095 / 5000 correct (81.90)
Starting epoch 59 / 200
Got 4089 / 5000 correct (81.78)
Starting epoch 60 / 200
Got 4128 / 5000 correct (82.56)
Starting epoch 61 / 200
Got 4156 / 5000 correct (83.12)
Starting epoch 62 / 200
Got 4100 / 5000 correct (82.00)
Starting epoch 63 / 200
Got 4122 / 5000 correct (82.44)
Starting epoch 64 / 200
Got 4179 / 5000 correct (83.58)
Starting epoch 65 / 200
Got 4127 / 5000 correct (82.54)
Starting epoch 66 / 200
Got 4125 / 5000 correct (82.50)
Starting epoch 67 / 200
Got 4180 / 5000 correct (83.60)
Starting epoch 68 / 200
Got 4159 / 5000 correct (83.18)
Starting epoch 69 / 200
Got 4195 / 5000 correct (83.90)
Starting epoch 70 / 200
Got 4186 / 5000 correct (83.72)
Starting epoch 71 / 200
Got 4159 / 5000 correct (83.18)
Starting epoch 72 / 200
Got 4161 / 5000 correct (83.22)
Starting epoch 73 / 200
Got 4166 / 5000 correct (83.32)
Starting epoch 74 / 200
Got 4176 / 5000 correct (83.52)
Starting epoch 75 / 200
Got 4191 / 5000 correct (83.82)
Starting epoch 76 / 200
Got 4173 / 5000 correct (83.46)
Starting epoch 77 / 200
Got 4216 / 5000 correct (84.32)
Starting epoch 78 / 200
Got 4192 / 5000 correct (83.84)
Starting epoch 79 / 200
Got 4221 / 5000 correct (84.42)
Starting epoch 80 / 200
Got 4206 / 5000 correct (84.12)
Starting epoch 81 / 200
Got 4236 / 5000 correct (84.72)
Starting epoch 82 / 200
Got 4209 / 5000 correct (84.18)
Starting epoch 83 / 200
Got 4205 / 5000 correct (84.10)
Starting epoch 84 / 200
Got 4226 / 5000 correct (84.52)
Starting epoch 85 / 200
Got 4251 / 5000 correct (85.02)
Starting epoch 86 / 200
Got 4228 / 5000 correct (84.56)
Starting epoch 87 / 200
Got 4242 / 5000 correct (84.84)
Starting epoch 88 / 200
Got 4229 / 5000 correct (84.58)
Starting epoch 89 / 200
Got 4265 / 5000 correct (85.30)
Starting epoch 90 / 200
Got 4251 / 5000 correct (85.02)
Starting epoch 91 / 200
Got 4241 / 5000 correct (84.82)
Starting epoch 92 / 200
Got 4252 / 5000 correct (85.04)
Starting epoch 93 / 200
Got 4262 / 5000 correct (85.24)
Starting epoch 94 / 200
Got 4263 / 5000 correct (85.26)
Starting epoch 95 / 200
Got 4243 / 5000 correct (84.86)
Starting epoch 96 / 200
Got 4242 / 5000 correct (84.84)
Starting epoch 97 / 200
Got 4240 / 5000 correct (84.80)
Starting epoch 98 / 200
Got 4257 / 5000 correct (85.14)
Starting epoch 99 / 200
Got 4250 / 5000 correct (85.00)
Starting epoch 100 / 200
Got 4288 / 5000 correct (85.76)
Starting epoch 101 / 200
Got 4303 / 5000 correct (86.06)
Starting epoch 102 / 200
Got 4310 / 5000 correct (86.20)
Starting epoch 103 / 200
Got 4308 / 5000 correct (86.16)
Starting epoch 104 / 200
Got 4308 / 5000 correct (86.16)
Starting epoch 105 / 200
Got 4309 / 5000 correct (86.18)
Starting epoch 106 / 200
Got 4308 / 5000 correct (86.16)
Starting epoch 107 / 200
Got 4312 / 5000 correct (86.24)
Starting epoch 108 / 200
Got 4317 / 5000 correct (86.34)
Starting epoch 109 / 200
Got 4317 / 5000 correct (86.34)
Starting epoch 110 / 200
Got 4326 / 5000 correct (86.52)
Starting epoch 111 / 200
Got 4327 / 5000 correct (86.54)
Starting epoch 112 / 200
Got 4325 / 5000 correct (86.50)
Starting epoch 113 / 200
Got 4324 / 5000 correct (86.48)
Starting epoch 114 / 200
Got 4341 / 5000 correct (86.82)
Starting epoch 115 / 200
Got 4334 / 5000 correct (86.68)
Starting epoch 116 / 200
Got 4342 / 5000 correct (86.84)
Starting epoch 117 / 200
Got 4335 / 5000 correct (86.70)
Starting epoch 118 / 200
Got 4329 / 5000 correct (86.58)
Starting epoch 119 / 200
Got 4325 / 5000 correct (86.50)
Starting epoch 120 / 200
Got 4319 / 5000 correct (86.38)
Starting epoch 121 / 200
Got 4322 / 5000 correct (86.44)
Starting epoch 122 / 200
Got 4316 / 5000 correct (86.32)
Starting epoch 123 / 200
Got 4326 / 5000 correct (86.52)
Starting epoch 124 / 200
Got 4334 / 5000 correct (86.68)
Starting epoch 125 / 200
Got 4330 / 5000 correct (86.60)
Starting epoch 126 / 200
Got 4329 / 5000 correct (86.58)
Starting epoch 127 / 200
Got 4336 / 5000 correct (86.72)
Starting epoch 128 / 200
Got 4319 / 5000 correct (86.38)
Starting epoch 129 / 200
Got 4329 / 5000 correct (86.58)
Starting epoch 130 / 200
Got 4325 / 5000 correct (86.50)
Starting epoch 131 / 200
Got 4332 / 5000 correct (86.64)
Starting epoch 132 / 200
Got 4323 / 5000 correct (86.46)
Starting epoch 133 / 200
Got 4324 / 5000 correct (86.48)
Starting epoch 134 / 200
Got 4335 / 5000 correct (86.70)
Starting epoch 135 / 200
Got 4326 / 5000 correct (86.52)
Starting epoch 136 / 200
Got 4329 / 5000 correct (86.58)
Starting epoch 137 / 200
Got 4344 / 5000 correct (86.88)
Starting epoch 138 / 200
Got 4325 / 5000 correct (86.50)
Starting epoch 139 / 200
Got 4346 / 5000 correct (86.92)
Starting epoch 140 / 200
Got 4335 / 5000 correct (86.70)
Starting epoch 141 / 200
Got 4344 / 5000 correct (86.88)
Starting epoch 142 / 200
Got 4345 / 5000 correct (86.90)
Starting epoch 143 / 200
Got 4344 / 5000 correct (86.88)
Starting epoch 144 / 200
Got 4351 / 5000 correct (87.02)
Starting epoch 145 / 200
Got 4344 / 5000 correct (86.88)
Starting epoch 146 / 200
Got 4348 / 5000 correct (86.96)
Starting epoch 147 / 200
Got 4329 / 5000 correct (86.58)
Starting epoch 148 / 200
Got 4353 / 5000 correct (87.06)
Starting epoch 149 / 200
Got 4346 / 5000 correct (86.92)
Starting epoch 150 / 200
Got 4341 / 5000 correct (86.82)
Starting epoch 151 / 200
Got 4340 / 5000 correct (86.80)
Starting epoch 152 / 200
Got 4348 / 5000 correct (86.96)
Starting epoch 153 / 200
Got 4355 / 5000 correct (87.10)
Starting epoch 154 / 200
Got 4354 / 5000 correct (87.08)
Starting epoch 155 / 200
Got 4354 / 5000 correct (87.08)
Starting epoch 156 / 200
Got 4352 / 5000 correct (87.04)
Starting epoch 157 / 200
Got 4354 / 5000 correct (87.08)
Starting epoch 158 / 200
Got 4351 / 5000 correct (87.02)
Starting epoch 159 / 200
Got 4348 / 5000 correct (86.96)
Starting epoch 160 / 200
Got 4345 / 5000 correct (86.90)
Starting epoch 161 / 200
Got 4353 / 5000 correct (87.06)
Starting epoch 162 / 200
Got 4353 / 5000 correct (87.06)
Starting epoch 163 / 200
Got 4351 / 5000 correct (87.02)
Starting epoch 164 / 200
Got 4351 / 5000 correct (87.02)
Starting epoch 165 / 200
Got 4351 / 5000 correct (87.02)
Starting epoch 166 / 200
Got 4349 / 5000 correct (86.98)
Starting epoch 167 / 200
Got 4348 / 5000 correct (86.96)
Starting epoch 168 / 200
Got 4346 / 5000 correct (86.92)
Starting epoch 169 / 200
Got 4347 / 5000 correct (86.94)
Starting epoch 170 / 200
Got 4345 / 5000 correct (86.90)
Starting epoch 171 / 200
Got 4350 / 5000 correct (87.00)
Starting epoch 172 / 200
Got 4358 / 5000 correct (87.16)
Starting epoch 173 / 200
Got 4354 / 5000 correct (87.08)
Starting epoch 174 / 200
Got 4353 / 5000 correct (87.06)
Starting epoch 175 / 200
Got 4356 / 5000 correct (87.12)
Starting epoch 176 / 200
Got 4352 / 5000 correct (87.04)
Starting epoch 177 / 200
Got 4354 / 5000 correct (87.08)
Starting epoch 178 / 200
Got 4348 / 5000 correct (86.96)
Starting epoch 179 / 200
Got 4357 / 5000 correct (87.14)
Starting epoch 180 / 200
Got 4353 / 5000 correct (87.06)
Starting epoch 181 / 200
Got 4350 / 5000 correct (87.00)
Starting epoch 182 / 200
Got 4346 / 5000 correct (86.92)
Starting epoch 183 / 200
Got 4351 / 5000 correct (87.02)
Starting epoch 184 / 200
Got 4354 / 5000 correct (87.08)
Starting epoch 185 / 200
Got 4354 / 5000 correct (87.08)
Starting epoch 186 / 200
Got 4355 / 5000 correct (87.10)
Starting epoch 187 / 200
Got 4350 / 5000 correct (87.00)
Starting epoch 188 / 200
Got 4358 / 5000 correct (87.16)
Starting epoch 189 / 200
Got 4351 / 5000 correct (87.02)
Starting epoch 190 / 200
Got 4350 / 5000 correct (87.00)
Starting epoch 191 / 200
Got 4349 / 5000 correct (86.98)
Starting epoch 192 / 200
Got 4351 / 5000 correct (87.02)
Starting epoch 193 / 200
Got 4354 / 5000 correct (87.08)
Starting epoch 194 / 200
Got 4351 / 5000 correct (87.02)
Starting epoch 195 / 200
Got 4354 / 5000 correct (87.08)
Starting epoch 196 / 200
Got 4351 / 5000 correct (87.02)
Starting epoch 197 / 200
Got 4353 / 5000 correct (87.06)
Starting epoch 198 / 200
Got 4350 / 5000 correct (87.00)
Starting epoch 199 / 200
Got 4351 / 5000 correct (87.02)
Starting epoch 200 / 200
Got 4349 / 5000 correct (86.98)
SC20_1*128d_0.5 Final test accuracy:
Got 8648 / 10000 correct (86.48)


PS:

Read file <SC.err> for stderr output of this job.

