Sender: LSF System <lsfadmin@gpu05>
Subject: Job 41932: <SC> in cluster <cluster_lsf> Done

Job <SC> was submitted from host <mgtgpu02> by user <TJXY02> in cluster <cluster_lsf> at Mon Mar 29 18:47:01 2021
Job was executed on host(s) <gpu05>, in queue <gpu>, as user <TJXY02> in cluster <cluster_lsf> at Mon Mar 29 18:47:02 2021
</nfsshare/home/TJXY02> was used as the home directory.
</nfsshare/home/TJXY02> was used as the working directory.
Started at Mon Mar 29 18:47:02 2021
Terminated at Mon Mar 29 22:08:16 2021
Results reported at Mon Mar 29 22:08:16 2021

Your job looked like:

------------------------------------------------------------
# LSBATCH: User input
#!/bin/bash

#BSUB -J SC
#BSUB -q gpu
#BSUB -gpu "num=1"
#BSUB -n 1
#BSUB -o SC.out
#BSUB -e SC.err

source activate pytorch
python SC.py
------------------------------------------------------------

Successfully completed.

Resource usage summary:

    CPU time :                                   12051.97 sec.
    Max Memory :                                 2448 MB
    Average Memory :                             2380.43 MB
    Total Requested Memory :                     -
    Delta Memory :                               -
    Max Swap :                                   -
    Max Processes :                              4
    Max Threads :                                8
    Run time :                                   12074 sec.
    Turnaround time :                            12075 sec.

The output (if any) follows:

Starting epoch 1 / 200
Got 1271 / 5000 correct (25.42)
Starting epoch 2 / 200
Got 1753 / 5000 correct (35.06)
Starting epoch 3 / 200
Got 1925 / 5000 correct (38.50)
Starting epoch 4 / 200
Got 2143 / 5000 correct (42.86)
Starting epoch 5 / 200
Got 2243 / 5000 correct (44.86)
Starting epoch 6 / 200
Got 2315 / 5000 correct (46.30)
Starting epoch 7 / 200
Got 2447 / 5000 correct (48.94)
Starting epoch 8 / 200
Got 2514 / 5000 correct (50.28)
Starting epoch 9 / 200
Got 2547 / 5000 correct (50.94)
Starting epoch 10 / 200
Got 2693 / 5000 correct (53.86)
Starting epoch 11 / 200
Got 2776 / 5000 correct (55.52)
Starting epoch 12 / 200
Got 2837 / 5000 correct (56.74)
Starting epoch 13 / 200
Got 2933 / 5000 correct (58.66)
Starting epoch 14 / 200
Got 2965 / 5000 correct (59.30)
Starting epoch 15 / 200
Got 3089 / 5000 correct (61.78)
Starting epoch 16 / 200
Got 3128 / 5000 correct (62.56)
Starting epoch 17 / 200
Got 3194 / 5000 correct (63.88)
Starting epoch 18 / 200
Got 3239 / 5000 correct (64.78)
Starting epoch 19 / 200
Got 3311 / 5000 correct (66.22)
Starting epoch 20 / 200
Got 3319 / 5000 correct (66.38)
Starting epoch 21 / 200
Got 3387 / 5000 correct (67.74)
Starting epoch 22 / 200
Got 3390 / 5000 correct (67.80)
Starting epoch 23 / 200
Got 3422 / 5000 correct (68.44)
Starting epoch 24 / 200
Got 3474 / 5000 correct (69.48)
Starting epoch 25 / 200
Got 3506 / 5000 correct (70.12)
Starting epoch 26 / 200
Got 3543 / 5000 correct (70.86)
Starting epoch 27 / 200
Got 3599 / 5000 correct (71.98)
Starting epoch 28 / 200
Got 3600 / 5000 correct (72.00)
Starting epoch 29 / 200
Got 3619 / 5000 correct (72.38)
Starting epoch 30 / 200
Got 3667 / 5000 correct (73.34)
Starting epoch 31 / 200
Got 3705 / 5000 correct (74.10)
Starting epoch 32 / 200
Got 3707 / 5000 correct (74.14)
Starting epoch 33 / 200
Got 3776 / 5000 correct (75.52)
Starting epoch 34 / 200
Got 3764 / 5000 correct (75.28)
Starting epoch 35 / 200
Got 3823 / 5000 correct (76.46)
Starting epoch 36 / 200
Got 3840 / 5000 correct (76.80)
Starting epoch 37 / 200
Got 3850 / 5000 correct (77.00)
Starting epoch 38 / 200
Got 3873 / 5000 correct (77.46)
Starting epoch 39 / 200
Got 3899 / 5000 correct (77.98)
Starting epoch 40 / 200
Got 3904 / 5000 correct (78.08)
Starting epoch 41 / 200
Got 3906 / 5000 correct (78.12)
Starting epoch 42 / 200
Got 3950 / 5000 correct (79.00)
Starting epoch 43 / 200
Got 3945 / 5000 correct (78.90)
Starting epoch 44 / 200
Got 3972 / 5000 correct (79.44)
Starting epoch 45 / 200
Got 4007 / 5000 correct (80.14)
Starting epoch 46 / 200
Got 4009 / 5000 correct (80.18)
Starting epoch 47 / 200
Got 4016 / 5000 correct (80.32)
Starting epoch 48 / 200
Got 4028 / 5000 correct (80.56)
Starting epoch 49 / 200
Got 4026 / 5000 correct (80.52)
Starting epoch 50 / 200
Got 4037 / 5000 correct (80.74)
Starting epoch 51 / 200
Got 4048 / 5000 correct (80.96)
Starting epoch 52 / 200
Got 4076 / 5000 correct (81.52)
Starting epoch 53 / 200
Got 4091 / 5000 correct (81.82)
Starting epoch 54 / 200
Got 4076 / 5000 correct (81.52)
Starting epoch 55 / 200
Got 4108 / 5000 correct (82.16)
Starting epoch 56 / 200
Got 4099 / 5000 correct (81.98)
Starting epoch 57 / 200
Got 4118 / 5000 correct (82.36)
Starting epoch 58 / 200
Got 4112 / 5000 correct (82.24)
Starting epoch 59 / 200
Got 4138 / 5000 correct (82.76)
Starting epoch 60 / 200
Got 4138 / 5000 correct (82.76)
Starting epoch 61 / 200
Got 4145 / 5000 correct (82.90)
Starting epoch 62 / 200
Got 4149 / 5000 correct (82.98)
Starting epoch 63 / 200
Got 4134 / 5000 correct (82.68)
Starting epoch 64 / 200
Got 4144 / 5000 correct (82.88)
Starting epoch 65 / 200
Got 4155 / 5000 correct (83.10)
Starting epoch 66 / 200
Got 4174 / 5000 correct (83.48)
Starting epoch 67 / 200
Got 4170 / 5000 correct (83.40)
Starting epoch 68 / 200
Got 4180 / 5000 correct (83.60)
Starting epoch 69 / 200
Got 4191 / 5000 correct (83.82)
Starting epoch 70 / 200
Got 4179 / 5000 correct (83.58)
Starting epoch 71 / 200
Got 4205 / 5000 correct (84.10)
Starting epoch 72 / 200
Got 4230 / 5000 correct (84.60)
Starting epoch 73 / 200
Got 4204 / 5000 correct (84.08)
Starting epoch 74 / 200
Got 4219 / 5000 correct (84.38)
Starting epoch 75 / 200
Got 4229 / 5000 correct (84.58)
Starting epoch 76 / 200
Got 4220 / 5000 correct (84.40)
Starting epoch 77 / 200
Got 4218 / 5000 correct (84.36)
Starting epoch 78 / 200
Got 4224 / 5000 correct (84.48)
Starting epoch 79 / 200
Got 4219 / 5000 correct (84.38)
Starting epoch 80 / 200
Got 4243 / 5000 correct (84.86)
Starting epoch 81 / 200
Got 4242 / 5000 correct (84.84)
Starting epoch 82 / 200
Got 4251 / 5000 correct (85.02)
Starting epoch 83 / 200
Got 4242 / 5000 correct (84.84)
Starting epoch 84 / 200
Got 4262 / 5000 correct (85.24)
Starting epoch 85 / 200
Got 4287 / 5000 correct (85.74)
Starting epoch 86 / 200
Got 4277 / 5000 correct (85.54)
Starting epoch 87 / 200
Got 4268 / 5000 correct (85.36)
Starting epoch 88 / 200
Got 4282 / 5000 correct (85.64)
Starting epoch 89 / 200
Got 4262 / 5000 correct (85.24)
Starting epoch 90 / 200
Got 4272 / 5000 correct (85.44)
Starting epoch 91 / 200
Got 4309 / 5000 correct (86.18)
Starting epoch 92 / 200
Got 4296 / 5000 correct (85.92)
Starting epoch 93 / 200
Got 4293 / 5000 correct (85.86)
Starting epoch 94 / 200
Got 4294 / 5000 correct (85.88)
Starting epoch 95 / 200
Got 4302 / 5000 correct (86.04)
Starting epoch 96 / 200
Got 4317 / 5000 correct (86.34)
Starting epoch 97 / 200
Got 4308 / 5000 correct (86.16)
Starting epoch 98 / 200
Got 4317 / 5000 correct (86.34)
Starting epoch 99 / 200
Got 4306 / 5000 correct (86.12)
Starting epoch 100 / 200
Got 4293 / 5000 correct (85.86)
Starting epoch 101 / 200
Got 4330 / 5000 correct (86.60)
Starting epoch 102 / 200
Got 4332 / 5000 correct (86.64)
Starting epoch 103 / 200
Got 4337 / 5000 correct (86.74)
Starting epoch 104 / 200
Got 4340 / 5000 correct (86.80)
Starting epoch 105 / 200
Got 4339 / 5000 correct (86.78)
Starting epoch 106 / 200
Got 4338 / 5000 correct (86.76)
Starting epoch 107 / 200
Got 4340 / 5000 correct (86.80)
Starting epoch 108 / 200
Got 4348 / 5000 correct (86.96)
Starting epoch 109 / 200
Got 4341 / 5000 correct (86.82)
Starting epoch 110 / 200
Got 4348 / 5000 correct (86.96)
Starting epoch 111 / 200
Got 4349 / 5000 correct (86.98)
Starting epoch 112 / 200
Got 4354 / 5000 correct (87.08)
Starting epoch 113 / 200
Got 4350 / 5000 correct (87.00)
Starting epoch 114 / 200
Got 4342 / 5000 correct (86.84)
Starting epoch 115 / 200
Got 4352 / 5000 correct (87.04)
Starting epoch 116 / 200
Got 4346 / 5000 correct (86.92)
Starting epoch 117 / 200
Got 4349 / 5000 correct (86.98)
Starting epoch 118 / 200
Got 4345 / 5000 correct (86.90)
Starting epoch 119 / 200
Got 4346 / 5000 correct (86.92)
Starting epoch 120 / 200
Got 4358 / 5000 correct (87.16)
Starting epoch 121 / 200
Got 4353 / 5000 correct (87.06)
Starting epoch 122 / 200
Got 4364 / 5000 correct (87.28)
Starting epoch 123 / 200
Got 4357 / 5000 correct (87.14)
Starting epoch 124 / 200
Got 4358 / 5000 correct (87.16)
Starting epoch 125 / 200
Got 4353 / 5000 correct (87.06)
Starting epoch 126 / 200
Got 4364 / 5000 correct (87.28)
Starting epoch 127 / 200
Got 4362 / 5000 correct (87.24)
Starting epoch 128 / 200
Got 4360 / 5000 correct (87.20)
Starting epoch 129 / 200
Got 4352 / 5000 correct (87.04)
Starting epoch 130 / 200
Got 4359 / 5000 correct (87.18)
Starting epoch 131 / 200
Got 4361 / 5000 correct (87.22)
Starting epoch 132 / 200
Got 4361 / 5000 correct (87.22)
Starting epoch 133 / 200
Got 4368 / 5000 correct (87.36)
Starting epoch 134 / 200
Got 4360 / 5000 correct (87.20)
Starting epoch 135 / 200
Got 4355 / 5000 correct (87.10)
Starting epoch 136 / 200
Got 4355 / 5000 correct (87.10)
Starting epoch 137 / 200
Got 4365 / 5000 correct (87.30)
Starting epoch 138 / 200
Got 4355 / 5000 correct (87.10)
Starting epoch 139 / 200
Got 4361 / 5000 correct (87.22)
Starting epoch 140 / 200
Got 4366 / 5000 correct (87.32)
Starting epoch 141 / 200
Got 4369 / 5000 correct (87.38)
Starting epoch 142 / 200
Got 4365 / 5000 correct (87.30)
Starting epoch 143 / 200
Got 4360 / 5000 correct (87.20)
Starting epoch 144 / 200
Got 4367 / 5000 correct (87.34)
Starting epoch 145 / 200
Got 4351 / 5000 correct (87.02)
Starting epoch 146 / 200
Got 4375 / 5000 correct (87.50)
Starting epoch 147 / 200
Got 4373 / 5000 correct (87.46)
Starting epoch 148 / 200
Got 4374 / 5000 correct (87.48)
Starting epoch 149 / 200
Got 4375 / 5000 correct (87.50)
Starting epoch 150 / 200
Got 4367 / 5000 correct (87.34)
Starting epoch 151 / 200
Got 4368 / 5000 correct (87.36)
Starting epoch 152 / 200
Got 4363 / 5000 correct (87.26)
Starting epoch 153 / 200
Got 4362 / 5000 correct (87.24)
Starting epoch 154 / 200
Got 4367 / 5000 correct (87.34)
Starting epoch 155 / 200
Got 4367 / 5000 correct (87.34)
Starting epoch 156 / 200
Got 4365 / 5000 correct (87.30)
Starting epoch 157 / 200
Got 4367 / 5000 correct (87.34)
Starting epoch 158 / 200
Got 4369 / 5000 correct (87.38)
Starting epoch 159 / 200
Got 4366 / 5000 correct (87.32)
Starting epoch 160 / 200
Got 4367 / 5000 correct (87.34)
Starting epoch 161 / 200
Got 4367 / 5000 correct (87.34)
Starting epoch 162 / 200
Got 4368 / 5000 correct (87.36)
Starting epoch 163 / 200
Got 4370 / 5000 correct (87.40)
Starting epoch 164 / 200
Got 4370 / 5000 correct (87.40)
Starting epoch 165 / 200
Got 4372 / 5000 correct (87.44)
Starting epoch 166 / 200
Got 4369 / 5000 correct (87.38)
Starting epoch 167 / 200
Got 4370 / 5000 correct (87.40)
Starting epoch 168 / 200
Got 4367 / 5000 correct (87.34)
Starting epoch 169 / 200
Got 4366 / 5000 correct (87.32)
Starting epoch 170 / 200
Got 4369 / 5000 correct (87.38)
Starting epoch 171 / 200
Got 4367 / 5000 correct (87.34)
Starting epoch 172 / 200
Got 4369 / 5000 correct (87.38)
Starting epoch 173 / 200
Got 4368 / 5000 correct (87.36)
Starting epoch 174 / 200
Got 4370 / 5000 correct (87.40)
Starting epoch 175 / 200
Got 4370 / 5000 correct (87.40)
Starting epoch 176 / 200
Got 4372 / 5000 correct (87.44)
Starting epoch 177 / 200
Got 4371 / 5000 correct (87.42)
Starting epoch 178 / 200
Got 4371 / 5000 correct (87.42)
Starting epoch 179 / 200
Got 4373 / 5000 correct (87.46)
Starting epoch 180 / 200
Got 4375 / 5000 correct (87.50)
Starting epoch 181 / 200
Got 4371 / 5000 correct (87.42)
Starting epoch 182 / 200
Got 4371 / 5000 correct (87.42)
Starting epoch 183 / 200
Got 4371 / 5000 correct (87.42)
Starting epoch 184 / 200
Got 4376 / 5000 correct (87.52)
Starting epoch 185 / 200
Got 4373 / 5000 correct (87.46)
Starting epoch 186 / 200
Got 4371 / 5000 correct (87.42)
Starting epoch 187 / 200
Got 4372 / 5000 correct (87.44)
Starting epoch 188 / 200
Got 4374 / 5000 correct (87.48)
Starting epoch 189 / 200
Got 4375 / 5000 correct (87.50)
Starting epoch 190 / 200
Got 4374 / 5000 correct (87.48)
Starting epoch 191 / 200
Got 4375 / 5000 correct (87.50)
Starting epoch 192 / 200
Got 4376 / 5000 correct (87.52)
Starting epoch 193 / 200
Got 4378 / 5000 correct (87.56)
Starting epoch 194 / 200
Got 4379 / 5000 correct (87.58)
Starting epoch 195 / 200
Got 4378 / 5000 correct (87.56)
Starting epoch 196 / 200
Got 4374 / 5000 correct (87.48)
Starting epoch 197 / 200
Got 4374 / 5000 correct (87.48)
Starting epoch 198 / 200
Got 4371 / 5000 correct (87.42)
Starting epoch 199 / 200
Got 4372 / 5000 correct (87.44)
Starting epoch 200 / 200
Got 4375 / 5000 correct (87.50)
SC20_16*8d_0.5 Final test accuracy:
Got 8717 / 10000 correct (87.17)
*********
Starting epoch 1 / 200
Got 1983 / 5000 correct (39.66)
Starting epoch 2 / 200
Got 2209 / 5000 correct (44.18)
Starting epoch 3 / 200
Got 2478 / 5000 correct (49.56)
Starting epoch 4 / 200
Got 2585 / 5000 correct (51.70)
Starting epoch 5 / 200
Got 2737 / 5000 correct (54.74)
Starting epoch 6 / 200
Got 2843 / 5000 correct (56.86)
Starting epoch 7 / 200
Got 2909 / 5000 correct (58.18)
Starting epoch 8 / 200
Got 3013 / 5000 correct (60.26)
Starting epoch 9 / 200
Got 3202 / 5000 correct (64.04)
Starting epoch 10 / 200
Got 3231 / 5000 correct (64.62)
Starting epoch 11 / 200
Got 3322 / 5000 correct (66.44)
Starting epoch 12 / 200
Got 3388 / 5000 correct (67.76)
Starting epoch 13 / 200
Got 3423 / 5000 correct (68.46)
Starting epoch 14 / 200
Got 3439 / 5000 correct (68.78)
Starting epoch 15 / 200
Got 3525 / 5000 correct (70.50)
Starting epoch 16 / 200
Got 3494 / 5000 correct (69.88)
Starting epoch 17 / 200
Got 3556 / 5000 correct (71.12)
Starting epoch 18 / 200
Got 3609 / 5000 correct (72.18)
Starting epoch 19 / 200
Got 3655 / 5000 correct (73.10)
Starting epoch 20 / 200
Got 3686 / 5000 correct (73.72)
Starting epoch 21 / 200
Got 3705 / 5000 correct (74.10)
Starting epoch 22 / 200
Got 3730 / 5000 correct (74.60)
Starting epoch 23 / 200
Got 3768 / 5000 correct (75.36)
Starting epoch 24 / 200
Got 3816 / 5000 correct (76.32)
Starting epoch 25 / 200
Got 3826 / 5000 correct (76.52)
Starting epoch 26 / 200
Got 3874 / 5000 correct (77.48)
Starting epoch 27 / 200
Got 3910 / 5000 correct (78.20)
Starting epoch 28 / 200
Got 3913 / 5000 correct (78.26)
Starting epoch 29 / 200
Got 3868 / 5000 correct (77.36)
Starting epoch 30 / 200
Got 3945 / 5000 correct (78.90)
Starting epoch 31 / 200
Got 3970 / 5000 correct (79.40)
Starting epoch 32 / 200
Got 3957 / 5000 correct (79.14)
Starting epoch 33 / 200
Got 3990 / 5000 correct (79.80)
Starting epoch 34 / 200
Got 3979 / 5000 correct (79.58)
Starting epoch 35 / 200
Got 4036 / 5000 correct (80.72)
Starting epoch 36 / 200
Got 4023 / 5000 correct (80.46)
Starting epoch 37 / 200
Got 4036 / 5000 correct (80.72)
Starting epoch 38 / 200
Got 4038 / 5000 correct (80.76)
Starting epoch 39 / 200
Got 4062 / 5000 correct (81.24)
Starting epoch 40 / 200
Got 4059 / 5000 correct (81.18)
Starting epoch 41 / 200
Got 4073 / 5000 correct (81.46)
Starting epoch 42 / 200
Got 4074 / 5000 correct (81.48)
Starting epoch 43 / 200
Got 4088 / 5000 correct (81.76)
Starting epoch 44 / 200
Got 4126 / 5000 correct (82.52)
Starting epoch 45 / 200
Got 4081 / 5000 correct (81.62)
Starting epoch 46 / 200
Got 4121 / 5000 correct (82.42)
Starting epoch 47 / 200
Got 4098 / 5000 correct (81.96)
Starting epoch 48 / 200
Got 4115 / 5000 correct (82.30)
Starting epoch 49 / 200
Got 4126 / 5000 correct (82.52)
Starting epoch 50 / 200
Got 4130 / 5000 correct (82.60)
Starting epoch 51 / 200
Got 4164 / 5000 correct (83.28)
Starting epoch 52 / 200
Got 4117 / 5000 correct (82.34)
Starting epoch 53 / 200
Got 4193 / 5000 correct (83.86)
Starting epoch 54 / 200
Got 4157 / 5000 correct (83.14)
Starting epoch 55 / 200
Got 4175 / 5000 correct (83.50)
Starting epoch 56 / 200
Got 4197 / 5000 correct (83.94)
Starting epoch 57 / 200
Got 4189 / 5000 correct (83.78)
Starting epoch 58 / 200
Got 4193 / 5000 correct (83.86)
Starting epoch 59 / 200
Got 4188 / 5000 correct (83.76)
Starting epoch 60 / 200
Got 4192 / 5000 correct (83.84)
Starting epoch 61 / 200
Got 4194 / 5000 correct (83.88)
Starting epoch 62 / 200
Got 4207 / 5000 correct (84.14)
Starting epoch 63 / 200
Got 4172 / 5000 correct (83.44)
Starting epoch 64 / 200
Got 4233 / 5000 correct (84.66)
Starting epoch 65 / 200
Got 4185 / 5000 correct (83.70)
Starting epoch 66 / 200
Got 4206 / 5000 correct (84.12)
Starting epoch 67 / 200
Got 4198 / 5000 correct (83.96)
Starting epoch 68 / 200
Got 4206 / 5000 correct (84.12)
Starting epoch 69 / 200
Got 4219 / 5000 correct (84.38)
Starting epoch 70 / 200
Got 4252 / 5000 correct (85.04)
Starting epoch 71 / 200
Got 4202 / 5000 correct (84.04)
Starting epoch 72 / 200
Got 4243 / 5000 correct (84.86)
Starting epoch 73 / 200
Got 4240 / 5000 correct (84.80)
Starting epoch 74 / 200
Got 4261 / 5000 correct (85.22)
Starting epoch 75 / 200
Got 4264 / 5000 correct (85.28)
Starting epoch 76 / 200
Got 4238 / 5000 correct (84.76)
Starting epoch 77 / 200
Got 4225 / 5000 correct (84.50)
Starting epoch 78 / 200
Got 4270 / 5000 correct (85.40)
Starting epoch 79 / 200
Got 4244 / 5000 correct (84.88)
Starting epoch 80 / 200
Got 4274 / 5000 correct (85.48)
Starting epoch 81 / 200
Got 4256 / 5000 correct (85.12)
Starting epoch 82 / 200
Got 4288 / 5000 correct (85.76)
Starting epoch 83 / 200
Got 4266 / 5000 correct (85.32)
Starting epoch 84 / 200
Got 4271 / 5000 correct (85.42)
Starting epoch 85 / 200
Got 4293 / 5000 correct (85.86)
Starting epoch 86 / 200
Got 4262 / 5000 correct (85.24)
Starting epoch 87 / 200
Got 4313 / 5000 correct (86.26)
Starting epoch 88 / 200
Got 4296 / 5000 correct (85.92)
Starting epoch 89 / 200
Got 4304 / 5000 correct (86.08)
Starting epoch 90 / 200
Got 4296 / 5000 correct (85.92)
Starting epoch 91 / 200
Got 4297 / 5000 correct (85.94)
Starting epoch 92 / 200
Got 4303 / 5000 correct (86.06)
Starting epoch 93 / 200
Got 4283 / 5000 correct (85.66)
Starting epoch 94 / 200
Got 4311 / 5000 correct (86.22)
Starting epoch 95 / 200
Got 4290 / 5000 correct (85.80)
Starting epoch 96 / 200
Got 4308 / 5000 correct (86.16)
Starting epoch 97 / 200
Got 4307 / 5000 correct (86.14)
Starting epoch 98 / 200
Got 4294 / 5000 correct (85.88)
Starting epoch 99 / 200
Got 4328 / 5000 correct (86.56)
Starting epoch 100 / 200
Got 4323 / 5000 correct (86.46)
Starting epoch 101 / 200
Got 4350 / 5000 correct (87.00)
Starting epoch 102 / 200
Got 4348 / 5000 correct (86.96)
Starting epoch 103 / 200
Got 4348 / 5000 correct (86.96)
Starting epoch 104 / 200
Got 4349 / 5000 correct (86.98)
Starting epoch 105 / 200
Got 4367 / 5000 correct (87.34)
Starting epoch 106 / 200
Got 4364 / 5000 correct (87.28)
Starting epoch 107 / 200
Got 4369 / 5000 correct (87.38)
Starting epoch 108 / 200
Got 4374 / 5000 correct (87.48)
Starting epoch 109 / 200
Got 4381 / 5000 correct (87.62)
Starting epoch 110 / 200
Got 4366 / 5000 correct (87.32)
Starting epoch 111 / 200
Got 4360 / 5000 correct (87.20)
Starting epoch 112 / 200
Got 4376 / 5000 correct (87.52)
Starting epoch 113 / 200
Got 4366 / 5000 correct (87.32)
Starting epoch 114 / 200
Got 4363 / 5000 correct (87.26)
Starting epoch 115 / 200
Got 4357 / 5000 correct (87.14)
Starting epoch 116 / 200
Got 4365 / 5000 correct (87.30)
Starting epoch 117 / 200
Got 4356 / 5000 correct (87.12)
Starting epoch 118 / 200
Got 4368 / 5000 correct (87.36)
Starting epoch 119 / 200
Got 4377 / 5000 correct (87.54)
Starting epoch 120 / 200
Got 4373 / 5000 correct (87.46)
Starting epoch 121 / 200
Got 4374 / 5000 correct (87.48)
Starting epoch 122 / 200
Got 4359 / 5000 correct (87.18)
Starting epoch 123 / 200
Got 4372 / 5000 correct (87.44)
Starting epoch 124 / 200
Got 4355 / 5000 correct (87.10)
Starting epoch 125 / 200
Got 4368 / 5000 correct (87.36)
Starting epoch 126 / 200
Got 4373 / 5000 correct (87.46)
Starting epoch 127 / 200
Got 4369 / 5000 correct (87.38)
Starting epoch 128 / 200
Got 4372 / 5000 correct (87.44)
Starting epoch 129 / 200
Got 4380 / 5000 correct (87.60)
Starting epoch 130 / 200
Got 4364 / 5000 correct (87.28)
Starting epoch 131 / 200
Got 4352 / 5000 correct (87.04)
Starting epoch 132 / 200
Got 4384 / 5000 correct (87.68)
Starting epoch 133 / 200
Got 4376 / 5000 correct (87.52)
Starting epoch 134 / 200
Got 4366 / 5000 correct (87.32)
Starting epoch 135 / 200
Got 4371 / 5000 correct (87.42)
Starting epoch 136 / 200
Got 4358 / 5000 correct (87.16)
Starting epoch 137 / 200
Got 4346 / 5000 correct (86.92)
Starting epoch 138 / 200
Got 4380 / 5000 correct (87.60)
Starting epoch 139 / 200
Got 4374 / 5000 correct (87.48)
Starting epoch 140 / 200
Got 4372 / 5000 correct (87.44)
Starting epoch 141 / 200
Got 4366 / 5000 correct (87.32)
Starting epoch 142 / 200
Got 4358 / 5000 correct (87.16)
Starting epoch 143 / 200
Got 4368 / 5000 correct (87.36)
Starting epoch 144 / 200
Got 4377 / 5000 correct (87.54)
Starting epoch 145 / 200
Got 4366 / 5000 correct (87.32)
Starting epoch 146 / 200
Got 4370 / 5000 correct (87.40)
Starting epoch 147 / 200
Got 4366 / 5000 correct (87.32)
Starting epoch 148 / 200
Got 4374 / 5000 correct (87.48)
Starting epoch 149 / 200
Got 4366 / 5000 correct (87.32)
Starting epoch 150 / 200
Got 4369 / 5000 correct (87.38)
Starting epoch 151 / 200
Got 4373 / 5000 correct (87.46)
Starting epoch 152 / 200
Got 4373 / 5000 correct (87.46)
Starting epoch 153 / 200
Got 4370 / 5000 correct (87.40)
Starting epoch 154 / 200
Got 4371 / 5000 correct (87.42)
Starting epoch 155 / 200
Got 4371 / 5000 correct (87.42)
Starting epoch 156 / 200
Got 4370 / 5000 correct (87.40)
Starting epoch 157 / 200
Got 4371 / 5000 correct (87.42)
Starting epoch 158 / 200
Got 4368 / 5000 correct (87.36)
Starting epoch 159 / 200
Got 4368 / 5000 correct (87.36)
Starting epoch 160 / 200
Got 4370 / 5000 correct (87.40)
Starting epoch 161 / 200
Got 4371 / 5000 correct (87.42)
Starting epoch 162 / 200
Got 4370 / 5000 correct (87.40)
Starting epoch 163 / 200
Got 4368 / 5000 correct (87.36)
Starting epoch 164 / 200
Got 4373 / 5000 correct (87.46)
Starting epoch 165 / 200
Got 4365 / 5000 correct (87.30)
Starting epoch 166 / 200
Got 4371 / 5000 correct (87.42)
Starting epoch 167 / 200
Got 4370 / 5000 correct (87.40)
Starting epoch 168 / 200
Got 4362 / 5000 correct (87.24)
Starting epoch 169 / 200
Got 4366 / 5000 correct (87.32)
Starting epoch 170 / 200
Got 4369 / 5000 correct (87.38)
Starting epoch 171 / 200
Got 4362 / 5000 correct (87.24)
Starting epoch 172 / 200
Got 4373 / 5000 correct (87.46)
Starting epoch 173 / 200
Got 4371 / 5000 correct (87.42)
Starting epoch 174 / 200
Got 4367 / 5000 correct (87.34)
Starting epoch 175 / 200
Got 4371 / 5000 correct (87.42)
Starting epoch 176 / 200
Got 4365 / 5000 correct (87.30)
Starting epoch 177 / 200
Got 4370 / 5000 correct (87.40)
Starting epoch 178 / 200
Got 4369 / 5000 correct (87.38)
Starting epoch 179 / 200
Got 4369 / 5000 correct (87.38)
Starting epoch 180 / 200
Got 4371 / 5000 correct (87.42)
Starting epoch 181 / 200
Got 4374 / 5000 correct (87.48)
Starting epoch 182 / 200
Got 4374 / 5000 correct (87.48)
Starting epoch 183 / 200
Got 4374 / 5000 correct (87.48)
Starting epoch 184 / 200
Got 4378 / 5000 correct (87.56)
Starting epoch 185 / 200
Got 4378 / 5000 correct (87.56)
Starting epoch 186 / 200
Got 4378 / 5000 correct (87.56)
Starting epoch 187 / 200
Got 4376 / 5000 correct (87.52)
Starting epoch 188 / 200
Got 4375 / 5000 correct (87.50)
Starting epoch 189 / 200
Got 4376 / 5000 correct (87.52)
Starting epoch 190 / 200
Got 4380 / 5000 correct (87.60)
Starting epoch 191 / 200
Got 4381 / 5000 correct (87.62)
Starting epoch 192 / 200
Got 4373 / 5000 correct (87.46)
Starting epoch 193 / 200
Got 4376 / 5000 correct (87.52)
Starting epoch 194 / 200
Got 4374 / 5000 correct (87.48)
Starting epoch 195 / 200
Got 4372 / 5000 correct (87.44)
Starting epoch 196 / 200
Got 4367 / 5000 correct (87.34)
Starting epoch 197 / 200
Got 4375 / 5000 correct (87.50)
Starting epoch 198 / 200
Got 4377 / 5000 correct (87.54)
Starting epoch 199 / 200
Got 4378 / 5000 correct (87.56)
Starting epoch 200 / 200
Got 4380 / 5000 correct (87.60)
SC20_2*64d_0.5 Final test accuracy:
Got 8698 / 10000 correct (86.98)


PS:

Read file <SC.err> for stderr output of this job.

