Sender: LSF System <lsfadmin@gpu01>
Subject: Job 41522: <MS> in cluster <cluster_lsf> Done

Job <MS> was submitted from host <mgtgpu02> by user <TJXY02> in cluster <cluster_lsf> at Wed Mar 24 22:24:38 2021
Job was executed on host(s) <gpu01>, in queue <gpu>, as user <TJXY02> in cluster <cluster_lsf> at Wed Mar 24 22:25:37 2021
</nfsshare/home/TJXY02> was used as the home directory.
</nfsshare/home/TJXY02> was used as the working directory.
Started at Wed Mar 24 22:25:37 2021
Terminated at Thu Mar 25 00:30:27 2021
Results reported at Thu Mar 25 00:30:27 2021

Your job looked like:

------------------------------------------------------------
# LSBATCH: User input
#!/bin/bash

#BSUB -J MS
#BSUB -q gpu
#BSUB -gpu "num=1"
#BSUB -n 1
#BSUB -o MS.out
#BSUB -e MS.err

source activate pytorch
python MS.py
------------------------------------------------------------

Successfully completed.

Resource usage summary:

    CPU time :                                   7503.57 sec.
    Max Memory :                                 2365 MB
    Average Memory :                             2362.38 MB
    Total Requested Memory :                     -
    Delta Memory :                               -
    Max Swap :                                   -
    Max Processes :                              4
    Max Threads :                                8
    Run time :                                   7490 sec.
    Turnaround time :                            7549 sec.

The output (if any) follows:

Starting epoch 1 / 300
Got 2362 / 5000 correct (47.24)
Starting epoch 2 / 300
Got 3006 / 5000 correct (60.12)
Starting epoch 3 / 300
Got 3329 / 5000 correct (66.58)
Starting epoch 4 / 300
Got 3591 / 5000 correct (71.82)
Starting epoch 5 / 300
Got 3738 / 5000 correct (74.76)
Starting epoch 6 / 300
Got 3836 / 5000 correct (76.72)
Starting epoch 7 / 300
Got 3931 / 5000 correct (78.62)
Starting epoch 8 / 300
Got 3926 / 5000 correct (78.52)
Starting epoch 9 / 300
Got 3983 / 5000 correct (79.66)
Starting epoch 10 / 300
Got 4054 / 5000 correct (81.08)
Starting epoch 11 / 300
Got 4036 / 5000 correct (80.72)
Starting epoch 12 / 300
Got 4128 / 5000 correct (82.56)
Starting epoch 13 / 300
Got 4095 / 5000 correct (81.90)
Starting epoch 14 / 300
Got 4137 / 5000 correct (82.74)
Starting epoch 15 / 300
Got 4165 / 5000 correct (83.30)
Starting epoch 16 / 300
Got 4167 / 5000 correct (83.34)
Starting epoch 17 / 300
Got 4246 / 5000 correct (84.92)
Starting epoch 18 / 300
Got 4198 / 5000 correct (83.96)
Starting epoch 19 / 300
Got 4242 / 5000 correct (84.84)
Starting epoch 20 / 300
Got 4234 / 5000 correct (84.68)
Starting epoch 21 / 300
Got 4216 / 5000 correct (84.32)
Starting epoch 22 / 300
Got 4225 / 5000 correct (84.50)
Starting epoch 23 / 300
Got 4257 / 5000 correct (85.14)
Starting epoch 24 / 300
Got 4287 / 5000 correct (85.74)
Starting epoch 25 / 300
Got 4290 / 5000 correct (85.80)
Starting epoch 26 / 300
Got 4287 / 5000 correct (85.74)
Starting epoch 27 / 300
Got 4248 / 5000 correct (84.96)
Starting epoch 28 / 300
Got 4278 / 5000 correct (85.56)
Starting epoch 29 / 300
Got 4228 / 5000 correct (84.56)
Starting epoch 30 / 300
Got 4255 / 5000 correct (85.10)
Starting epoch 31 / 300
Got 4287 / 5000 correct (85.74)
Starting epoch 32 / 300
Got 4255 / 5000 correct (85.10)
Starting epoch 33 / 300
Got 4291 / 5000 correct (85.82)
Starting epoch 34 / 300
Got 4289 / 5000 correct (85.78)
Starting epoch 35 / 300
Got 4254 / 5000 correct (85.08)
Starting epoch 36 / 300
Got 4268 / 5000 correct (85.36)
Starting epoch 37 / 300
Got 4283 / 5000 correct (85.66)
Starting epoch 38 / 300
Got 4303 / 5000 correct (86.06)
Starting epoch 39 / 300
Got 4266 / 5000 correct (85.32)
Starting epoch 40 / 300
Got 4292 / 5000 correct (85.84)
Starting epoch 41 / 300
Got 4273 / 5000 correct (85.46)
Starting epoch 42 / 300
Got 4297 / 5000 correct (85.94)
Starting epoch 43 / 300
Got 4307 / 5000 correct (86.14)
Starting epoch 44 / 300
Got 4304 / 5000 correct (86.08)
Starting epoch 45 / 300
Got 4307 / 5000 correct (86.14)
Starting epoch 46 / 300
Got 4390 / 5000 correct (87.80)
Starting epoch 47 / 300
Got 4331 / 5000 correct (86.62)
Starting epoch 48 / 300
Got 4299 / 5000 correct (85.98)
Starting epoch 49 / 300
Got 4342 / 5000 correct (86.84)
Starting epoch 50 / 300
Got 4361 / 5000 correct (87.22)
Starting epoch 51 / 300
Got 4381 / 5000 correct (87.62)
Starting epoch 52 / 300
Got 4345 / 5000 correct (86.90)
Starting epoch 53 / 300
Got 4355 / 5000 correct (87.10)
Starting epoch 54 / 300
Got 4383 / 5000 correct (87.66)
Starting epoch 55 / 300
Got 4293 / 5000 correct (85.86)
Starting epoch 56 / 300
Got 4362 / 5000 correct (87.24)
Starting epoch 57 / 300
Got 4394 / 5000 correct (87.88)
Starting epoch 58 / 300
Got 4371 / 5000 correct (87.42)
Starting epoch 59 / 300
Got 4336 / 5000 correct (86.72)
Starting epoch 60 / 300
Got 4365 / 5000 correct (87.30)
Starting epoch 61 / 300
Got 4373 / 5000 correct (87.46)
Starting epoch 62 / 300
Got 4316 / 5000 correct (86.32)
Starting epoch 63 / 300
Got 4332 / 5000 correct (86.64)
Starting epoch 64 / 300
Got 4362 / 5000 correct (87.24)
Starting epoch 65 / 300
Got 4356 / 5000 correct (87.12)
Starting epoch 66 / 300
Got 4375 / 5000 correct (87.50)
Starting epoch 67 / 300
Got 4364 / 5000 correct (87.28)
Starting epoch 68 / 300
Got 4364 / 5000 correct (87.28)
Starting epoch 69 / 300
Got 4351 / 5000 correct (87.02)
Starting epoch 70 / 300
Got 4360 / 5000 correct (87.20)
Starting epoch 71 / 300
Got 4369 / 5000 correct (87.38)
Starting epoch 72 / 300
Got 4400 / 5000 correct (88.00)
Starting epoch 73 / 300
Got 4360 / 5000 correct (87.20)
Starting epoch 74 / 300
Got 4373 / 5000 correct (87.46)
Starting epoch 75 / 300
Got 4298 / 5000 correct (85.96)
Starting epoch 76 / 300
Got 4344 / 5000 correct (86.88)
Starting epoch 77 / 300
Got 4384 / 5000 correct (87.68)
Starting epoch 78 / 300
Got 4415 / 5000 correct (88.30)
Starting epoch 79 / 300
Got 4387 / 5000 correct (87.74)
Starting epoch 80 / 300
Got 4373 / 5000 correct (87.46)
Starting epoch 81 / 300
Got 4379 / 5000 correct (87.58)
Starting epoch 82 / 300
Got 4383 / 5000 correct (87.66)
Starting epoch 83 / 300
Got 4400 / 5000 correct (88.00)
Starting epoch 84 / 300
Got 4413 / 5000 correct (88.26)
Starting epoch 85 / 300
Got 4423 / 5000 correct (88.46)
Starting epoch 86 / 300
Got 4374 / 5000 correct (87.48)
Starting epoch 87 / 300
Got 4392 / 5000 correct (87.84)
Starting epoch 88 / 300
Got 4376 / 5000 correct (87.52)
Starting epoch 89 / 300
Got 4330 / 5000 correct (86.60)
Starting epoch 90 / 300
Got 4362 / 5000 correct (87.24)
Starting epoch 91 / 300
Got 4345 / 5000 correct (86.90)
Starting epoch 92 / 300
Got 4353 / 5000 correct (87.06)
Starting epoch 93 / 300
Got 4370 / 5000 correct (87.40)
Starting epoch 94 / 300
Got 4358 / 5000 correct (87.16)
Starting epoch 95 / 300
Got 4401 / 5000 correct (88.02)
Starting epoch 96 / 300
Got 4415 / 5000 correct (88.30)
Starting epoch 97 / 300
Got 4360 / 5000 correct (87.20)
Starting epoch 98 / 300
Got 4387 / 5000 correct (87.74)
Starting epoch 99 / 300
Got 4389 / 5000 correct (87.78)
Starting epoch 100 / 300
Got 4374 / 5000 correct (87.48)
Starting epoch 101 / 300
Got 4394 / 5000 correct (87.88)
Starting epoch 102 / 300
Got 4393 / 5000 correct (87.86)
Starting epoch 103 / 300
Got 4348 / 5000 correct (86.96)
Starting epoch 104 / 300
Got 4386 / 5000 correct (87.72)
Starting epoch 105 / 300
Got 4374 / 5000 correct (87.48)
Starting epoch 106 / 300
Got 4442 / 5000 correct (88.84)
Starting epoch 107 / 300
Got 4392 / 5000 correct (87.84)
Starting epoch 108 / 300
Got 4380 / 5000 correct (87.60)
Starting epoch 109 / 300
Got 4393 / 5000 correct (87.86)
Starting epoch 110 / 300
Got 4435 / 5000 correct (88.70)
Starting epoch 111 / 300
Got 4446 / 5000 correct (88.92)
Starting epoch 112 / 300
Got 4383 / 5000 correct (87.66)
Starting epoch 113 / 300
Got 4389 / 5000 correct (87.78)
Starting epoch 114 / 300
Got 4364 / 5000 correct (87.28)
Starting epoch 115 / 300
Got 4350 / 5000 correct (87.00)
Starting epoch 116 / 300
Got 4436 / 5000 correct (88.72)
Starting epoch 117 / 300
Got 4413 / 5000 correct (88.26)
Starting epoch 118 / 300
Got 4404 / 5000 correct (88.08)
Starting epoch 119 / 300
Got 4415 / 5000 correct (88.30)
Starting epoch 120 / 300
Got 4422 / 5000 correct (88.44)
Starting epoch 121 / 300
Got 4373 / 5000 correct (87.46)
Starting epoch 122 / 300
Got 4384 / 5000 correct (87.68)
Starting epoch 123 / 300
Got 4361 / 5000 correct (87.22)
Starting epoch 124 / 300
Got 4389 / 5000 correct (87.78)
Starting epoch 125 / 300
Got 4407 / 5000 correct (88.14)
Starting epoch 126 / 300
Got 4407 / 5000 correct (88.14)
Starting epoch 127 / 300
Got 4422 / 5000 correct (88.44)
Starting epoch 128 / 300
Got 4418 / 5000 correct (88.36)
Starting epoch 129 / 300
Got 4413 / 5000 correct (88.26)
Starting epoch 130 / 300
Got 4374 / 5000 correct (87.48)
Starting epoch 131 / 300
Got 4433 / 5000 correct (88.66)
Starting epoch 132 / 300
Got 4438 / 5000 correct (88.76)
Starting epoch 133 / 300
Got 4376 / 5000 correct (87.52)
Starting epoch 134 / 300
Got 4369 / 5000 correct (87.38)
Starting epoch 135 / 300
Got 4423 / 5000 correct (88.46)
Starting epoch 136 / 300
Got 4436 / 5000 correct (88.72)
Starting epoch 137 / 300
Got 4428 / 5000 correct (88.56)
Starting epoch 138 / 300
Got 4396 / 5000 correct (87.92)
Starting epoch 139 / 300
Got 4395 / 5000 correct (87.90)
Starting epoch 140 / 300
Got 4431 / 5000 correct (88.62)
Starting epoch 141 / 300
Got 4411 / 5000 correct (88.22)
Starting epoch 142 / 300
Got 4415 / 5000 correct (88.30)
Starting epoch 143 / 300
Got 4382 / 5000 correct (87.64)
Starting epoch 144 / 300
Got 4420 / 5000 correct (88.40)
Starting epoch 145 / 300
Got 4410 / 5000 correct (88.20)
Starting epoch 146 / 300
Got 4402 / 5000 correct (88.04)
Starting epoch 147 / 300
Got 4373 / 5000 correct (87.46)
Starting epoch 148 / 300
Got 4398 / 5000 correct (87.96)
Starting epoch 149 / 300
Got 4397 / 5000 correct (87.94)
Starting epoch 150 / 300
Got 4403 / 5000 correct (88.06)
Starting epoch 151 / 300
Got 4521 / 5000 correct (90.42)
Starting epoch 152 / 300
Got 4543 / 5000 correct (90.86)
Starting epoch 153 / 300
Got 4539 / 5000 correct (90.78)
Starting epoch 154 / 300
Got 4538 / 5000 correct (90.76)
Starting epoch 155 / 300
Got 4548 / 5000 correct (90.96)
Starting epoch 156 / 300
Got 4543 / 5000 correct (90.86)
Starting epoch 157 / 300
Got 4548 / 5000 correct (90.96)
Starting epoch 158 / 300
Got 4562 / 5000 correct (91.24)
Starting epoch 159 / 300
Got 4563 / 5000 correct (91.26)
Starting epoch 160 / 300
Got 4558 / 5000 correct (91.16)
Starting epoch 161 / 300
Got 4545 / 5000 correct (90.90)
Starting epoch 162 / 300
Got 4550 / 5000 correct (91.00)
Starting epoch 163 / 300
Got 4549 / 5000 correct (90.98)
Starting epoch 164 / 300
Got 4538 / 5000 correct (90.76)
Starting epoch 165 / 300
Got 4554 / 5000 correct (91.08)
Starting epoch 166 / 300
Got 4552 / 5000 correct (91.04)
Starting epoch 167 / 300
Got 4554 / 5000 correct (91.08)
Starting epoch 168 / 300
Got 4547 / 5000 correct (90.94)
Starting epoch 169 / 300
Got 4544 / 5000 correct (90.88)
Starting epoch 170 / 300
Got 4552 / 5000 correct (91.04)
Starting epoch 171 / 300
Got 4551 / 5000 correct (91.02)
Starting epoch 172 / 300
Got 4556 / 5000 correct (91.12)
Starting epoch 173 / 300
Got 4550 / 5000 correct (91.00)
Starting epoch 174 / 300
Got 4553 / 5000 correct (91.06)
Starting epoch 175 / 300
Got 4551 / 5000 correct (91.02)
Starting epoch 176 / 300
Got 4546 / 5000 correct (90.92)
Starting epoch 177 / 300
Got 4554 / 5000 correct (91.08)
Starting epoch 178 / 300
Got 4551 / 5000 correct (91.02)
Starting epoch 179 / 300
Got 4558 / 5000 correct (91.16)
Starting epoch 180 / 300
Got 4559 / 5000 correct (91.18)
Starting epoch 181 / 300
Got 4555 / 5000 correct (91.10)
Starting epoch 182 / 300
Got 4553 / 5000 correct (91.06)
Starting epoch 183 / 300
Got 4568 / 5000 correct (91.36)
Starting epoch 184 / 300
Got 4564 / 5000 correct (91.28)
Starting epoch 185 / 300
Got 4570 / 5000 correct (91.40)
Starting epoch 186 / 300
Got 4569 / 5000 correct (91.38)
Starting epoch 187 / 300
Got 4559 / 5000 correct (91.18)
Starting epoch 188 / 300
Got 4558 / 5000 correct (91.16)
Starting epoch 189 / 300
Got 4565 / 5000 correct (91.30)
Starting epoch 190 / 300
Got 4573 / 5000 correct (91.46)
Starting epoch 191 / 300
Got 4564 / 5000 correct (91.28)
Starting epoch 192 / 300
Got 4562 / 5000 correct (91.24)
Starting epoch 193 / 300
Got 4547 / 5000 correct (90.94)
Starting epoch 194 / 300
Got 4549 / 5000 correct (90.98)
Starting epoch 195 / 300
Got 4528 / 5000 correct (90.56)
Starting epoch 196 / 300
Got 4541 / 5000 correct (90.82)
Starting epoch 197 / 300
Got 4551 / 5000 correct (91.02)
Starting epoch 198 / 300
Got 4531 / 5000 correct (90.62)
Starting epoch 199 / 300
Got 4537 / 5000 correct (90.74)
Starting epoch 200 / 300
Got 4550 / 5000 correct (91.00)
Starting epoch 201 / 300
Got 4560 / 5000 correct (91.20)
Starting epoch 202 / 300
Got 4546 / 5000 correct (90.92)
Starting epoch 203 / 300
Got 4545 / 5000 correct (90.90)
Starting epoch 204 / 300
Got 4560 / 5000 correct (91.20)
Starting epoch 205 / 300
Got 4562 / 5000 correct (91.24)
Starting epoch 206 / 300
Got 4572 / 5000 correct (91.44)
Starting epoch 207 / 300
Got 4555 / 5000 correct (91.10)
Starting epoch 208 / 300
Got 4558 / 5000 correct (91.16)
Starting epoch 209 / 300
Got 4565 / 5000 correct (91.30)
Starting epoch 210 / 300
Got 4553 / 5000 correct (91.06)
Starting epoch 211 / 300
Got 4566 / 5000 correct (91.32)
Starting epoch 212 / 300
Got 4566 / 5000 correct (91.32)
Starting epoch 213 / 300
Got 4560 / 5000 correct (91.20)
Starting epoch 214 / 300
Got 4562 / 5000 correct (91.24)
Starting epoch 215 / 300
Got 4552 / 5000 correct (91.04)
Starting epoch 216 / 300
Got 4570 / 5000 correct (91.40)
Starting epoch 217 / 300
Got 4561 / 5000 correct (91.22)
Starting epoch 218 / 300
Got 4556 / 5000 correct (91.12)
Starting epoch 219 / 300
Got 4558 / 5000 correct (91.16)
Starting epoch 220 / 300
Got 4552 / 5000 correct (91.04)
Starting epoch 221 / 300
Got 4560 / 5000 correct (91.20)
Starting epoch 222 / 300
Got 4570 / 5000 correct (91.40)
Starting epoch 223 / 300
Got 4562 / 5000 correct (91.24)
Starting epoch 224 / 300
Got 4549 / 5000 correct (90.98)
Starting epoch 225 / 300
Got 4554 / 5000 correct (91.08)
Starting epoch 226 / 300
Got 4559 / 5000 correct (91.18)
Starting epoch 227 / 300
Got 4558 / 5000 correct (91.16)
Starting epoch 228 / 300
Got 4559 / 5000 correct (91.18)
Starting epoch 229 / 300
Got 4557 / 5000 correct (91.14)
Starting epoch 230 / 300
Got 4559 / 5000 correct (91.18)
Starting epoch 231 / 300
Got 4554 / 5000 correct (91.08)
Starting epoch 232 / 300
Got 4551 / 5000 correct (91.02)
Starting epoch 233 / 300
Got 4551 / 5000 correct (91.02)
Starting epoch 234 / 300
Got 4555 / 5000 correct (91.10)
Starting epoch 235 / 300
Got 4556 / 5000 correct (91.12)
Starting epoch 236 / 300
Got 4559 / 5000 correct (91.18)
Starting epoch 237 / 300
Got 4555 / 5000 correct (91.10)
Starting epoch 238 / 300
Got 4554 / 5000 correct (91.08)
Starting epoch 239 / 300
Got 4563 / 5000 correct (91.26)
Starting epoch 240 / 300
Got 4558 / 5000 correct (91.16)
Starting epoch 241 / 300
Got 4559 / 5000 correct (91.18)
Starting epoch 242 / 300
Got 4562 / 5000 correct (91.24)
Starting epoch 243 / 300
Got 4558 / 5000 correct (91.16)
Starting epoch 244 / 300
Got 4558 / 5000 correct (91.16)
Starting epoch 245 / 300
Got 4555 / 5000 correct (91.10)
Starting epoch 246 / 300
Got 4559 / 5000 correct (91.18)
Starting epoch 247 / 300
Got 4556 / 5000 correct (91.12)
Starting epoch 248 / 300
Got 4560 / 5000 correct (91.20)
Starting epoch 249 / 300
Got 4559 / 5000 correct (91.18)
Starting epoch 250 / 300
Got 4560 / 5000 correct (91.20)
Starting epoch 251 / 300
Got 4561 / 5000 correct (91.22)
Starting epoch 252 / 300
Got 4560 / 5000 correct (91.20)
Starting epoch 253 / 300
Got 4560 / 5000 correct (91.20)
Starting epoch 254 / 300
Got 4559 / 5000 correct (91.18)
Starting epoch 255 / 300
Got 4558 / 5000 correct (91.16)
Starting epoch 256 / 300
Got 4562 / 5000 correct (91.24)
Starting epoch 257 / 300
Got 4559 / 5000 correct (91.18)
Starting epoch 258 / 300
Got 4560 / 5000 correct (91.20)
Starting epoch 259 / 300
Got 4561 / 5000 correct (91.22)
Starting epoch 260 / 300
Got 4559 / 5000 correct (91.18)
Starting epoch 261 / 300
Got 4554 / 5000 correct (91.08)
Starting epoch 262 / 300
Got 4561 / 5000 correct (91.22)
Starting epoch 263 / 300
Got 4560 / 5000 correct (91.20)
Starting epoch 264 / 300
Got 4562 / 5000 correct (91.24)
Starting epoch 265 / 300
Got 4565 / 5000 correct (91.30)
Starting epoch 266 / 300
Got 4562 / 5000 correct (91.24)
Starting epoch 267 / 300
Got 4561 / 5000 correct (91.22)
Starting epoch 268 / 300
Got 4563 / 5000 correct (91.26)
Starting epoch 269 / 300
Got 4561 / 5000 correct (91.22)
Starting epoch 270 / 300
Got 4559 / 5000 correct (91.18)
Starting epoch 271 / 300
Got 4561 / 5000 correct (91.22)
Starting epoch 272 / 300
Got 4563 / 5000 correct (91.26)
Starting epoch 273 / 300
Got 4567 / 5000 correct (91.34)
Starting epoch 274 / 300
Got 4567 / 5000 correct (91.34)
Starting epoch 275 / 300
Got 4573 / 5000 correct (91.46)
Starting epoch 276 / 300
Got 4571 / 5000 correct (91.42)
Starting epoch 277 / 300
Got 4564 / 5000 correct (91.28)
Starting epoch 278 / 300
Got 4564 / 5000 correct (91.28)
Starting epoch 279 / 300
Got 4564 / 5000 correct (91.28)
Starting epoch 280 / 300
Got 4565 / 5000 correct (91.30)
Starting epoch 281 / 300
Got 4559 / 5000 correct (91.18)
Starting epoch 282 / 300
Got 4562 / 5000 correct (91.24)
Starting epoch 283 / 300
Got 4560 / 5000 correct (91.20)
Starting epoch 284 / 300
Got 4554 / 5000 correct (91.08)
Starting epoch 285 / 300
Got 4563 / 5000 correct (91.26)
Starting epoch 286 / 300
Got 4558 / 5000 correct (91.16)
Starting epoch 287 / 300
Got 4563 / 5000 correct (91.26)
Starting epoch 288 / 300
Got 4559 / 5000 correct (91.18)
Starting epoch 289 / 300
Got 4566 / 5000 correct (91.32)
Starting epoch 290 / 300
Got 4560 / 5000 correct (91.20)
Starting epoch 291 / 300
Got 4557 / 5000 correct (91.14)
Starting epoch 292 / 300
Got 4558 / 5000 correct (91.16)
Starting epoch 293 / 300
Got 4562 / 5000 correct (91.24)
Starting epoch 294 / 300
Got 4568 / 5000 correct (91.36)
Starting epoch 295 / 300
Got 4569 / 5000 correct (91.38)
Starting epoch 296 / 300
Got 4562 / 5000 correct (91.24)
Starting epoch 297 / 300
Got 4560 / 5000 correct (91.20)
Starting epoch 298 / 300
Got 4560 / 5000 correct (91.20)
Starting epoch 299 / 300
Got 4564 / 5000 correct (91.28)
Starting epoch 300 / 300
Got 4556 / 5000 correct (91.12)
MS20_4*16d Final test accuracy:
Got 9056 / 10000 correct (90.56)


PS:

Read file <MS.err> for stderr output of this job.

