Sender: LSF System <lsfadmin@gpu01>
Subject: Job 41477: <MS> in cluster <cluster_lsf> Done

Job <MS> was submitted from host <mgtgpu02> by user <TJXY02> in cluster <cluster_lsf> at Wed Mar 24 14:12:36 2021
Job was executed on host(s) <gpu01>, in queue <gpu>, as user <TJXY02> in cluster <cluster_lsf> at Wed Mar 24 14:12:36 2021
</nfsshare/home/TJXY02> was used as the home directory.
</nfsshare/home/TJXY02> was used as the working directory.
Started at Wed Mar 24 14:12:36 2021
Terminated at Wed Mar 24 17:23:01 2021
Results reported at Wed Mar 24 17:23:01 2021

Your job looked like:

------------------------------------------------------------
# LSBATCH: User input
#!/bin/bash

#BSUB -J MS
#BSUB -q gpu
#BSUB -gpu "num=1"
#BSUB -n 1
#BSUB -o MS.out
#BSUB -e MS.err

source activate pytorch
python MS.py
------------------------------------------------------------

Successfully completed.

Resource usage summary:

    CPU time :                                   11423.57 sec.
    Max Memory :                                 2369 MB
    Average Memory :                             2298.97 MB
    Total Requested Memory :                     -
    Delta Memory :                               -
    Max Swap :                                   -
    Max Processes :                              4
    Max Threads :                                8
    Run time :                                   11424 sec.
    Turnaround time :                            11425 sec.

The output (if any) follows:

Starting epoch 1 / 300
Got 2649 / 5000 correct (52.98)
Starting epoch 2 / 300
Got 3193 / 5000 correct (63.86)
Starting epoch 3 / 300
Got 3505 / 5000 correct (70.10)
Starting epoch 4 / 300
Got 3759 / 5000 correct (75.18)
Starting epoch 5 / 300
Got 3866 / 5000 correct (77.32)
Starting epoch 6 / 300
Got 3903 / 5000 correct (78.06)
Starting epoch 7 / 300
Got 3998 / 5000 correct (79.96)
Starting epoch 8 / 300
Got 4014 / 5000 correct (80.28)
Starting epoch 9 / 300
Got 4086 / 5000 correct (81.72)
Starting epoch 10 / 300
Got 4084 / 5000 correct (81.68)
Starting epoch 11 / 300
Got 4158 / 5000 correct (83.16)
Starting epoch 12 / 300
Got 4156 / 5000 correct (83.12)
Starting epoch 13 / 300
Got 4201 / 5000 correct (84.02)
Starting epoch 14 / 300
Got 4202 / 5000 correct (84.04)
Starting epoch 15 / 300
Got 4156 / 5000 correct (83.12)
Starting epoch 16 / 300
Got 4213 / 5000 correct (84.26)
Starting epoch 17 / 300
Got 4258 / 5000 correct (85.16)
Starting epoch 18 / 300
Got 4296 / 5000 correct (85.92)
Starting epoch 19 / 300
Got 4280 / 5000 correct (85.60)
Starting epoch 20 / 300
Got 4285 / 5000 correct (85.70)
Starting epoch 21 / 300
Got 4289 / 5000 correct (85.78)
Starting epoch 22 / 300
Got 4287 / 5000 correct (85.74)
Starting epoch 23 / 300
Got 4300 / 5000 correct (86.00)
Starting epoch 24 / 300
Got 4277 / 5000 correct (85.54)
Starting epoch 25 / 300
Got 4276 / 5000 correct (85.52)
Starting epoch 26 / 300
Got 4291 / 5000 correct (85.82)
Starting epoch 27 / 300
Got 4271 / 5000 correct (85.42)
Starting epoch 28 / 300
Got 4341 / 5000 correct (86.82)
Starting epoch 29 / 300
Got 4292 / 5000 correct (85.84)
Starting epoch 30 / 300
Got 4342 / 5000 correct (86.84)
Starting epoch 31 / 300
Got 4346 / 5000 correct (86.92)
Starting epoch 32 / 300
Got 4374 / 5000 correct (87.48)
Starting epoch 33 / 300
Got 4363 / 5000 correct (87.26)
Starting epoch 34 / 300
Got 4353 / 5000 correct (87.06)
Starting epoch 35 / 300
Got 4349 / 5000 correct (86.98)
Starting epoch 36 / 300
Got 4369 / 5000 correct (87.38)
Starting epoch 37 / 300
Got 4349 / 5000 correct (86.98)
Starting epoch 38 / 300
Got 4333 / 5000 correct (86.66)
Starting epoch 39 / 300
Got 4299 / 5000 correct (85.98)
Starting epoch 40 / 300
Got 4325 / 5000 correct (86.50)
Starting epoch 41 / 300
Got 4332 / 5000 correct (86.64)
Starting epoch 42 / 300
Got 4337 / 5000 correct (86.74)
Starting epoch 43 / 300
Got 4372 / 5000 correct (87.44)
Starting epoch 44 / 300
Got 4367 / 5000 correct (87.34)
Starting epoch 45 / 300
Got 4405 / 5000 correct (88.10)
Starting epoch 46 / 300
Got 4381 / 5000 correct (87.62)
Starting epoch 47 / 300
Got 4392 / 5000 correct (87.84)
Starting epoch 48 / 300
Got 4362 / 5000 correct (87.24)
Starting epoch 49 / 300
Got 4371 / 5000 correct (87.42)
Starting epoch 50 / 300
Got 4428 / 5000 correct (88.56)
Starting epoch 51 / 300
Got 4431 / 5000 correct (88.62)
Starting epoch 52 / 300
Got 4341 / 5000 correct (86.82)
Starting epoch 53 / 300
Got 4361 / 5000 correct (87.22)
Starting epoch 54 / 300
Got 4359 / 5000 correct (87.18)
Starting epoch 55 / 300
Got 4376 / 5000 correct (87.52)
Starting epoch 56 / 300
Got 4379 / 5000 correct (87.58)
Starting epoch 57 / 300
Got 4364 / 5000 correct (87.28)
Starting epoch 58 / 300
Got 4397 / 5000 correct (87.94)
Starting epoch 59 / 300
Got 4391 / 5000 correct (87.82)
Starting epoch 60 / 300
Got 4401 / 5000 correct (88.02)
Starting epoch 61 / 300
Got 4380 / 5000 correct (87.60)
Starting epoch 62 / 300
Got 4411 / 5000 correct (88.22)
Starting epoch 63 / 300
Got 4401 / 5000 correct (88.02)
Starting epoch 64 / 300
Got 4394 / 5000 correct (87.88)
Starting epoch 65 / 300
Got 4392 / 5000 correct (87.84)
Starting epoch 66 / 300
Got 4434 / 5000 correct (88.68)
Starting epoch 67 / 300
Got 4377 / 5000 correct (87.54)
Starting epoch 68 / 300
Got 4373 / 5000 correct (87.46)
Starting epoch 69 / 300
Got 4356 / 5000 correct (87.12)
Starting epoch 70 / 300
Got 4368 / 5000 correct (87.36)
Starting epoch 71 / 300
Got 4387 / 5000 correct (87.74)
Starting epoch 72 / 300
Got 4411 / 5000 correct (88.22)
Starting epoch 73 / 300
Got 4419 / 5000 correct (88.38)
Starting epoch 74 / 300
Got 4415 / 5000 correct (88.30)
Starting epoch 75 / 300
Got 4383 / 5000 correct (87.66)
Starting epoch 76 / 300
Got 4405 / 5000 correct (88.10)
Starting epoch 77 / 300
Got 4399 / 5000 correct (87.98)
Starting epoch 78 / 300
Got 4432 / 5000 correct (88.64)
Starting epoch 79 / 300
Got 4352 / 5000 correct (87.04)
Starting epoch 80 / 300
Got 4405 / 5000 correct (88.10)
Starting epoch 81 / 300
Got 4410 / 5000 correct (88.20)
Starting epoch 82 / 300
Got 4359 / 5000 correct (87.18)
Starting epoch 83 / 300
Got 4402 / 5000 correct (88.04)
Starting epoch 84 / 300
Got 4385 / 5000 correct (87.70)
Starting epoch 85 / 300
Got 4415 / 5000 correct (88.30)
Starting epoch 86 / 300
Got 4340 / 5000 correct (86.80)
Starting epoch 87 / 300
Got 4391 / 5000 correct (87.82)
Starting epoch 88 / 300
Got 4407 / 5000 correct (88.14)
Starting epoch 89 / 300
Got 4398 / 5000 correct (87.96)
Starting epoch 90 / 300
Got 4422 / 5000 correct (88.44)
Starting epoch 91 / 300
Got 4395 / 5000 correct (87.90)
Starting epoch 92 / 300
Got 4366 / 5000 correct (87.32)
Starting epoch 93 / 300
Got 4444 / 5000 correct (88.88)
Starting epoch 94 / 300
Got 4427 / 5000 correct (88.54)
Starting epoch 95 / 300
Got 4407 / 5000 correct (88.14)
Starting epoch 96 / 300
Got 4388 / 5000 correct (87.76)
Starting epoch 97 / 300
Got 4388 / 5000 correct (87.76)
Starting epoch 98 / 300
Got 4417 / 5000 correct (88.34)
Starting epoch 99 / 300
Got 4428 / 5000 correct (88.56)
Starting epoch 100 / 300
Got 4419 / 5000 correct (88.38)
Starting epoch 101 / 300
Got 4406 / 5000 correct (88.12)
Starting epoch 102 / 300
Got 4318 / 5000 correct (86.36)
Starting epoch 103 / 300
Got 4409 / 5000 correct (88.18)
Starting epoch 104 / 300
Got 4462 / 5000 correct (89.24)
Starting epoch 105 / 300
Got 4437 / 5000 correct (88.74)
Starting epoch 106 / 300
Got 4389 / 5000 correct (87.78)
Starting epoch 107 / 300
Got 4418 / 5000 correct (88.36)
Starting epoch 108 / 300
Got 4372 / 5000 correct (87.44)
Starting epoch 109 / 300
Got 4437 / 5000 correct (88.74)
Starting epoch 110 / 300
Got 4405 / 5000 correct (88.10)
Starting epoch 111 / 300
Got 4413 / 5000 correct (88.26)
Starting epoch 112 / 300
Got 4458 / 5000 correct (89.16)
Starting epoch 113 / 300
Got 4423 / 5000 correct (88.46)
Starting epoch 114 / 300
Got 4349 / 5000 correct (86.98)
Starting epoch 115 / 300
Got 4415 / 5000 correct (88.30)
Starting epoch 116 / 300
Got 4473 / 5000 correct (89.46)
Starting epoch 117 / 300
Got 4455 / 5000 correct (89.10)
Starting epoch 118 / 300
Got 4425 / 5000 correct (88.50)
Starting epoch 119 / 300
Got 4411 / 5000 correct (88.22)
Starting epoch 120 / 300
Got 4420 / 5000 correct (88.40)
Starting epoch 121 / 300
Got 4427 / 5000 correct (88.54)
Starting epoch 122 / 300
Got 4435 / 5000 correct (88.70)
Starting epoch 123 / 300
Got 4382 / 5000 correct (87.64)
Starting epoch 124 / 300
Got 4422 / 5000 correct (88.44)
Starting epoch 125 / 300
Got 4423 / 5000 correct (88.46)
Starting epoch 126 / 300
Got 4440 / 5000 correct (88.80)
Starting epoch 127 / 300
Got 4406 / 5000 correct (88.12)
Starting epoch 128 / 300
Got 4401 / 5000 correct (88.02)
Starting epoch 129 / 300
Got 4410 / 5000 correct (88.20)
Starting epoch 130 / 300
Got 4382 / 5000 correct (87.64)
Starting epoch 131 / 300
Got 4407 / 5000 correct (88.14)
Starting epoch 132 / 300
Got 4414 / 5000 correct (88.28)
Starting epoch 133 / 300
Got 4438 / 5000 correct (88.76)
Starting epoch 134 / 300
Got 4432 / 5000 correct (88.64)
Starting epoch 135 / 300
Got 4438 / 5000 correct (88.76)
Starting epoch 136 / 300
Got 4424 / 5000 correct (88.48)
Starting epoch 137 / 300
Got 4427 / 5000 correct (88.54)
Starting epoch 138 / 300
Got 4443 / 5000 correct (88.86)
Starting epoch 139 / 300
Got 4363 / 5000 correct (87.26)
Starting epoch 140 / 300
Got 4398 / 5000 correct (87.96)
Starting epoch 141 / 300
Got 4407 / 5000 correct (88.14)
Starting epoch 142 / 300
Got 4443 / 5000 correct (88.86)
Starting epoch 143 / 300
Got 4422 / 5000 correct (88.44)
Starting epoch 144 / 300
Got 4402 / 5000 correct (88.04)
Starting epoch 145 / 300
Got 4409 / 5000 correct (88.18)
Starting epoch 146 / 300
Got 4406 / 5000 correct (88.12)
Starting epoch 147 / 300
Got 4427 / 5000 correct (88.54)
Starting epoch 148 / 300
Got 4415 / 5000 correct (88.30)
Starting epoch 149 / 300
Got 4412 / 5000 correct (88.24)
Starting epoch 150 / 300
Got 4455 / 5000 correct (89.10)
Starting epoch 151 / 300
Got 4557 / 5000 correct (91.14)
Starting epoch 152 / 300
Got 4562 / 5000 correct (91.24)
Starting epoch 153 / 300
Got 4582 / 5000 correct (91.64)
Starting epoch 154 / 300
Got 4584 / 5000 correct (91.68)
Starting epoch 155 / 300
Got 4582 / 5000 correct (91.64)
Starting epoch 156 / 300
Got 4580 / 5000 correct (91.60)
Starting epoch 157 / 300
Got 4583 / 5000 correct (91.66)
Starting epoch 158 / 300
Got 4574 / 5000 correct (91.48)
Starting epoch 159 / 300
Got 4595 / 5000 correct (91.90)
Starting epoch 160 / 300
Got 4600 / 5000 correct (92.00)
Starting epoch 161 / 300
Got 4591 / 5000 correct (91.82)
Starting epoch 162 / 300
Got 4596 / 5000 correct (91.92)
Starting epoch 163 / 300
Got 4583 / 5000 correct (91.66)
Starting epoch 164 / 300
Got 4592 / 5000 correct (91.84)
Starting epoch 165 / 300
Got 4597 / 5000 correct (91.94)
Starting epoch 166 / 300
Got 4589 / 5000 correct (91.78)
Starting epoch 167 / 300
Got 4592 / 5000 correct (91.84)
Starting epoch 168 / 300
Got 4596 / 5000 correct (91.92)
Starting epoch 169 / 300
Got 4588 / 5000 correct (91.76)
Starting epoch 170 / 300
Got 4588 / 5000 correct (91.76)
Starting epoch 171 / 300
Got 4597 / 5000 correct (91.94)
Starting epoch 172 / 300
Got 4594 / 5000 correct (91.88)
Starting epoch 173 / 300
Got 4594 / 5000 correct (91.88)
Starting epoch 174 / 300
Got 4596 / 5000 correct (91.92)
Starting epoch 175 / 300
Got 4603 / 5000 correct (92.06)
Starting epoch 176 / 300
Got 4601 / 5000 correct (92.02)
Starting epoch 177 / 300
Got 4597 / 5000 correct (91.94)
Starting epoch 178 / 300
Got 4598 / 5000 correct (91.96)
Starting epoch 179 / 300
Got 4583 / 5000 correct (91.66)
Starting epoch 180 / 300
Got 4588 / 5000 correct (91.76)
Starting epoch 181 / 300
Got 4601 / 5000 correct (92.02)
Starting epoch 182 / 300
Got 4612 / 5000 correct (92.24)
Starting epoch 183 / 300
Got 4598 / 5000 correct (91.96)
Starting epoch 184 / 300
Got 4586 / 5000 correct (91.72)
Starting epoch 185 / 300
Got 4588 / 5000 correct (91.76)
Starting epoch 186 / 300
Got 4580 / 5000 correct (91.60)
Starting epoch 187 / 300
Got 4594 / 5000 correct (91.88)
Starting epoch 188 / 300
Got 4599 / 5000 correct (91.98)
Starting epoch 189 / 300
Got 4605 / 5000 correct (92.10)
Starting epoch 190 / 300
Got 4598 / 5000 correct (91.96)
Starting epoch 191 / 300
Got 4614 / 5000 correct (92.28)
Starting epoch 192 / 300
Got 4605 / 5000 correct (92.10)
Starting epoch 193 / 300
Got 4608 / 5000 correct (92.16)
Starting epoch 194 / 300
Got 4604 / 5000 correct (92.08)
Starting epoch 195 / 300
Got 4598 / 5000 correct (91.96)
Starting epoch 196 / 300
Got 4609 / 5000 correct (92.18)
Starting epoch 197 / 300
Got 4594 / 5000 correct (91.88)
Starting epoch 198 / 300
Got 4592 / 5000 correct (91.84)
Starting epoch 199 / 300
Got 4603 / 5000 correct (92.06)
Starting epoch 200 / 300
Got 4586 / 5000 correct (91.72)
Starting epoch 201 / 300
Got 4601 / 5000 correct (92.02)
Starting epoch 202 / 300
Got 4588 / 5000 correct (91.76)
Starting epoch 203 / 300
Got 4594 / 5000 correct (91.88)
Starting epoch 204 / 300
Got 4593 / 5000 correct (91.86)
Starting epoch 205 / 300
Got 4601 / 5000 correct (92.02)
Starting epoch 206 / 300
Got 4597 / 5000 correct (91.94)
Starting epoch 207 / 300
Got 4615 / 5000 correct (92.30)
Starting epoch 208 / 300
Got 4598 / 5000 correct (91.96)
Starting epoch 209 / 300
Got 4604 / 5000 correct (92.08)
Starting epoch 210 / 300
Got 4595 / 5000 correct (91.90)
Starting epoch 211 / 300
Got 4591 / 5000 correct (91.82)
Starting epoch 212 / 300
Got 4591 / 5000 correct (91.82)
Starting epoch 213 / 300
Got 4595 / 5000 correct (91.90)
Starting epoch 214 / 300
Got 4610 / 5000 correct (92.20)
Starting epoch 215 / 300
Got 4593 / 5000 correct (91.86)
Starting epoch 216 / 300
Got 4587 / 5000 correct (91.74)
Starting epoch 217 / 300
Got 4577 / 5000 correct (91.54)
Starting epoch 218 / 300
Got 4573 / 5000 correct (91.46)
Starting epoch 219 / 300
Got 4587 / 5000 correct (91.74)
Starting epoch 220 / 300
Got 4582 / 5000 correct (91.64)
Starting epoch 221 / 300
Got 4584 / 5000 correct (91.68)
Starting epoch 222 / 300
Got 4588 / 5000 correct (91.76)
Starting epoch 223 / 300
Got 4589 / 5000 correct (91.78)
Starting epoch 224 / 300
Got 4594 / 5000 correct (91.88)
Starting epoch 225 / 300
Got 4598 / 5000 correct (91.96)
Starting epoch 226 / 300
Got 4595 / 5000 correct (91.90)
Starting epoch 227 / 300
Got 4598 / 5000 correct (91.96)
Starting epoch 228 / 300
Got 4597 / 5000 correct (91.94)
Starting epoch 229 / 300
Got 4598 / 5000 correct (91.96)
Starting epoch 230 / 300
Got 4601 / 5000 correct (92.02)
Starting epoch 231 / 300
Got 4600 / 5000 correct (92.00)
Starting epoch 232 / 300
Got 4602 / 5000 correct (92.04)
Starting epoch 233 / 300
Got 4603 / 5000 correct (92.06)
Starting epoch 234 / 300
Got 4603 / 5000 correct (92.06)
Starting epoch 235 / 300
Got 4600 / 5000 correct (92.00)
Starting epoch 236 / 300
Got 4598 / 5000 correct (91.96)
Starting epoch 237 / 300
Got 4605 / 5000 correct (92.10)
Starting epoch 238 / 300
Got 4599 / 5000 correct (91.98)
Starting epoch 239 / 300
Got 4601 / 5000 correct (92.02)
Starting epoch 240 / 300
Got 4601 / 5000 correct (92.02)
Starting epoch 241 / 300
Got 4607 / 5000 correct (92.14)
Starting epoch 242 / 300
Got 4602 / 5000 correct (92.04)
Starting epoch 243 / 300
Got 4603 / 5000 correct (92.06)
Starting epoch 244 / 300
Got 4602 / 5000 correct (92.04)
Starting epoch 245 / 300
Got 4601 / 5000 correct (92.02)
Starting epoch 246 / 300
Got 4597 / 5000 correct (91.94)
Starting epoch 247 / 300
Got 4595 / 5000 correct (91.90)
Starting epoch 248 / 300
Got 4592 / 5000 correct (91.84)
Starting epoch 249 / 300
Got 4591 / 5000 correct (91.82)
Starting epoch 250 / 300
Got 4593 / 5000 correct (91.86)
Starting epoch 251 / 300
Got 4593 / 5000 correct (91.86)
Starting epoch 252 / 300
Got 4594 / 5000 correct (91.88)
Starting epoch 253 / 300
Got 4595 / 5000 correct (91.90)
Starting epoch 254 / 300
Got 4596 / 5000 correct (91.92)
Starting epoch 255 / 300
Got 4594 / 5000 correct (91.88)
Starting epoch 256 / 300
Got 4593 / 5000 correct (91.86)
Starting epoch 257 / 300
Got 4594 / 5000 correct (91.88)
Starting epoch 258 / 300
Got 4595 / 5000 correct (91.90)
Starting epoch 259 / 300
Got 4595 / 5000 correct (91.90)
Starting epoch 260 / 300
Got 4594 / 5000 correct (91.88)
Starting epoch 261 / 300
Got 4595 / 5000 correct (91.90)
Starting epoch 262 / 300
Got 4597 / 5000 correct (91.94)
Starting epoch 263 / 300
Got 4592 / 5000 correct (91.84)
Starting epoch 264 / 300
Got 4593 / 5000 correct (91.86)
Starting epoch 265 / 300
Got 4592 / 5000 correct (91.84)
Starting epoch 266 / 300
Got 4595 / 5000 correct (91.90)
Starting epoch 267 / 300
Got 4595 / 5000 correct (91.90)
Starting epoch 268 / 300
Got 4599 / 5000 correct (91.98)
Starting epoch 269 / 300
Got 4598 / 5000 correct (91.96)
Starting epoch 270 / 300
Got 4595 / 5000 correct (91.90)
Starting epoch 271 / 300
Got 4598 / 5000 correct (91.96)
Starting epoch 272 / 300
Got 4597 / 5000 correct (91.94)
Starting epoch 273 / 300
Got 4596 / 5000 correct (91.92)
Starting epoch 274 / 300
Got 4596 / 5000 correct (91.92)
Starting epoch 275 / 300
Got 4596 / 5000 correct (91.92)
Starting epoch 276 / 300
Got 4594 / 5000 correct (91.88)
Starting epoch 277 / 300
Got 4596 / 5000 correct (91.92)
Starting epoch 278 / 300
Got 4600 / 5000 correct (92.00)
Starting epoch 279 / 300
Got 4599 / 5000 correct (91.98)
Starting epoch 280 / 300
Got 4600 / 5000 correct (92.00)
Starting epoch 281 / 300
Got 4599 / 5000 correct (91.98)
Starting epoch 282 / 300
Got 4595 / 5000 correct (91.90)
Starting epoch 283 / 300
Got 4589 / 5000 correct (91.78)
Starting epoch 284 / 300
Got 4594 / 5000 correct (91.88)
Starting epoch 285 / 300
Got 4592 / 5000 correct (91.84)
Starting epoch 286 / 300
Got 4594 / 5000 correct (91.88)
Starting epoch 287 / 300
Got 4597 / 5000 correct (91.94)
Starting epoch 288 / 300
Got 4598 / 5000 correct (91.96)
Starting epoch 289 / 300
Got 4595 / 5000 correct (91.90)
Starting epoch 290 / 300
Got 4593 / 5000 correct (91.86)
Starting epoch 291 / 300
Got 4593 / 5000 correct (91.86)
Starting epoch 292 / 300
Got 4599 / 5000 correct (91.98)
Starting epoch 293 / 300
Got 4598 / 5000 correct (91.96)
Starting epoch 294 / 300
Got 4594 / 5000 correct (91.88)
Starting epoch 295 / 300
Got 4596 / 5000 correct (91.92)
Starting epoch 296 / 300
Got 4593 / 5000 correct (91.86)
Starting epoch 297 / 300
Got 4600 / 5000 correct (92.00)
Starting epoch 298 / 300
Got 4599 / 5000 correct (91.98)
Starting epoch 299 / 300
Got 4596 / 5000 correct (91.92)
Starting epoch 300 / 300
Got 4594 / 5000 correct (91.88)
MS20_8*16d Final test accuracy:
Got 9119 / 10000 correct (91.19)


PS:

Read file <MS.err> for stderr output of this job.

