Sender: LSF System <lsfadmin@gpu07>
Subject: Job 41788: <MS> in cluster <cluster_lsf> Done

Job <MS> was submitted from host <mgtgpu02> by user <TJXY02> in cluster <cluster_lsf> at Sat Mar 27 13:18:40 2021
Job was executed on host(s) <gpu07>, in queue <gpu>, as user <TJXY02> in cluster <cluster_lsf> at Sat Mar 27 13:18:41 2021
</nfsshare/home/TJXY02> was used as the home directory.
</nfsshare/home/TJXY02> was used as the working directory.
Started at Sat Mar 27 13:18:41 2021
Terminated at Sun Mar 28 00:46:33 2021
Results reported at Sun Mar 28 00:46:33 2021

Your job looked like:

------------------------------------------------------------
# LSBATCH: User input
#!/bin/bash

#BSUB -J MS
#BSUB -q gpu
#BSUB -gpu "num=1"
#BSUB -n 1
#BSUB -o MS.out
#BSUB -e MS.err

source activate pytorch
python MS.py
------------------------------------------------------------

Successfully completed.

Resource usage summary:

    CPU time :                                   41394.71 sec.
    Max Memory :                                 2387 MB
    Average Memory :                             2384.12 MB
    Total Requested Memory :                     -
    Delta Memory :                               -
    Max Swap :                                   -
    Max Processes :                              4
    Max Threads :                                8
    Run time :                                   41272 sec.
    Turnaround time :                            41273 sec.

The output (if any) follows:

Starting epoch 1 / 300
Got 1767 / 5000 correct (35.34)
Starting epoch 2 / 300
Got 2038 / 5000 correct (40.76)
Starting epoch 3 / 300
Got 2235 / 5000 correct (44.70)
Starting epoch 4 / 300
Got 2358 / 5000 correct (47.16)
Starting epoch 5 / 300
Got 2486 / 5000 correct (49.72)
Starting epoch 6 / 300
Got 2623 / 5000 correct (52.46)
Starting epoch 7 / 300
Got 2767 / 5000 correct (55.34)
Starting epoch 8 / 300
Got 2889 / 5000 correct (57.78)
Starting epoch 9 / 300
Got 2955 / 5000 correct (59.10)
Starting epoch 10 / 300
Got 3033 / 5000 correct (60.66)
Starting epoch 11 / 300
Got 3098 / 5000 correct (61.96)
Starting epoch 12 / 300
Got 3167 / 5000 correct (63.34)
Starting epoch 13 / 300
Got 3169 / 5000 correct (63.38)
Starting epoch 14 / 300
Got 3214 / 5000 correct (64.28)
Starting epoch 15 / 300
Got 3287 / 5000 correct (65.74)
Starting epoch 16 / 300
Got 3315 / 5000 correct (66.30)
Starting epoch 17 / 300
Got 3335 / 5000 correct (66.70)
Starting epoch 18 / 300
Got 3395 / 5000 correct (67.90)
Starting epoch 19 / 300
Got 3413 / 5000 correct (68.26)
Starting epoch 20 / 300
Got 3469 / 5000 correct (69.38)
Starting epoch 21 / 300
Got 3495 / 5000 correct (69.90)
Starting epoch 22 / 300
Got 3505 / 5000 correct (70.10)
Starting epoch 23 / 300
Got 3561 / 5000 correct (71.22)
Starting epoch 24 / 300
Got 3580 / 5000 correct (71.60)
Starting epoch 25 / 300
Got 3591 / 5000 correct (71.82)
Starting epoch 26 / 300
Got 3657 / 5000 correct (73.14)
Starting epoch 27 / 300
Got 3678 / 5000 correct (73.56)
Starting epoch 28 / 300
Got 3698 / 5000 correct (73.96)
Starting epoch 29 / 300
Got 3723 / 5000 correct (74.46)
Starting epoch 30 / 300
Got 3753 / 5000 correct (75.06)
Starting epoch 31 / 300
Got 3784 / 5000 correct (75.68)
Starting epoch 32 / 300
Got 3793 / 5000 correct (75.86)
Starting epoch 33 / 300
Got 3773 / 5000 correct (75.46)
Starting epoch 34 / 300
Got 3845 / 5000 correct (76.90)
Starting epoch 35 / 300
Got 3858 / 5000 correct (77.16)
Starting epoch 36 / 300
Got 3908 / 5000 correct (78.16)
Starting epoch 37 / 300
Got 3936 / 5000 correct (78.72)
Starting epoch 38 / 300
Got 3920 / 5000 correct (78.40)
Starting epoch 39 / 300
Got 3913 / 5000 correct (78.26)
Starting epoch 40 / 300
Got 3944 / 5000 correct (78.88)
Starting epoch 41 / 300
Got 3945 / 5000 correct (78.90)
Starting epoch 42 / 300
Got 4019 / 5000 correct (80.38)
Starting epoch 43 / 300
Got 3988 / 5000 correct (79.76)
Starting epoch 44 / 300
Got 3993 / 5000 correct (79.86)
Starting epoch 45 / 300
Got 3992 / 5000 correct (79.84)
Starting epoch 46 / 300
Got 4003 / 5000 correct (80.06)
Starting epoch 47 / 300
Got 4020 / 5000 correct (80.40)
Starting epoch 48 / 300
Got 4025 / 5000 correct (80.50)
Starting epoch 49 / 300
Got 4082 / 5000 correct (81.64)
Starting epoch 50 / 300
Got 4040 / 5000 correct (80.80)
Starting epoch 51 / 300
Got 4044 / 5000 correct (80.88)
Starting epoch 52 / 300
Got 4080 / 5000 correct (81.60)
Starting epoch 53 / 300
Got 4062 / 5000 correct (81.24)
Starting epoch 54 / 300
Got 4110 / 5000 correct (82.20)
Starting epoch 55 / 300
Got 4079 / 5000 correct (81.58)
Starting epoch 56 / 300
Got 4118 / 5000 correct (82.36)
Starting epoch 57 / 300
Got 4090 / 5000 correct (81.80)
Starting epoch 58 / 300
Got 4131 / 5000 correct (82.62)
Starting epoch 59 / 300
Got 4126 / 5000 correct (82.52)
Starting epoch 60 / 300
Got 4152 / 5000 correct (83.04)
Starting epoch 61 / 300
Got 4133 / 5000 correct (82.66)
Starting epoch 62 / 300
Got 4161 / 5000 correct (83.22)
Starting epoch 63 / 300
Got 4152 / 5000 correct (83.04)
Starting epoch 64 / 300
Got 4126 / 5000 correct (82.52)
Starting epoch 65 / 300
Got 4144 / 5000 correct (82.88)
Starting epoch 66 / 300
Got 4159 / 5000 correct (83.18)
Starting epoch 67 / 300
Got 4126 / 5000 correct (82.52)
Starting epoch 68 / 300
Got 4128 / 5000 correct (82.56)
Starting epoch 69 / 300
Got 4166 / 5000 correct (83.32)
Starting epoch 70 / 300
Got 4191 / 5000 correct (83.82)
Starting epoch 71 / 300
Got 4168 / 5000 correct (83.36)
Starting epoch 72 / 300
Got 4200 / 5000 correct (84.00)
Starting epoch 73 / 300
Got 4147 / 5000 correct (82.94)
Starting epoch 74 / 300
Got 4150 / 5000 correct (83.00)
Starting epoch 75 / 300
Got 4172 / 5000 correct (83.44)
Starting epoch 76 / 300
Got 4168 / 5000 correct (83.36)
Starting epoch 77 / 300
Got 4215 / 5000 correct (84.30)
Starting epoch 78 / 300
Got 4204 / 5000 correct (84.08)
Starting epoch 79 / 300
Got 4205 / 5000 correct (84.10)
Starting epoch 80 / 300
Got 4210 / 5000 correct (84.20)
Starting epoch 81 / 300
Got 4248 / 5000 correct (84.96)
Starting epoch 82 / 300
Got 4256 / 5000 correct (85.12)
Starting epoch 83 / 300
Got 4201 / 5000 correct (84.02)
Starting epoch 84 / 300
Got 4212 / 5000 correct (84.24)
Starting epoch 85 / 300
Got 4207 / 5000 correct (84.14)
Starting epoch 86 / 300
Got 4251 / 5000 correct (85.02)
Starting epoch 87 / 300
Got 4246 / 5000 correct (84.92)
Starting epoch 88 / 300
Got 4261 / 5000 correct (85.22)
Starting epoch 89 / 300
Got 4275 / 5000 correct (85.50)
Starting epoch 90 / 300
Got 4266 / 5000 correct (85.32)
Starting epoch 91 / 300
Got 4270 / 5000 correct (85.40)
Starting epoch 92 / 300
Got 4234 / 5000 correct (84.68)
Starting epoch 93 / 300
Got 4235 / 5000 correct (84.70)
Starting epoch 94 / 300
Got 4231 / 5000 correct (84.62)
Starting epoch 95 / 300
Got 4231 / 5000 correct (84.62)
Starting epoch 96 / 300
Got 4299 / 5000 correct (85.98)
Starting epoch 97 / 300
Got 4263 / 5000 correct (85.26)
Starting epoch 98 / 300
Got 4262 / 5000 correct (85.24)
Starting epoch 99 / 300
Got 4257 / 5000 correct (85.14)
Starting epoch 100 / 300
Got 4266 / 5000 correct (85.32)
Starting epoch 101 / 300
Got 4299 / 5000 correct (85.98)
Starting epoch 102 / 300
Got 4307 / 5000 correct (86.14)
Starting epoch 103 / 300
Got 4259 / 5000 correct (85.18)
Starting epoch 104 / 300
Got 4266 / 5000 correct (85.32)
Starting epoch 105 / 300
Got 4310 / 5000 correct (86.20)
Starting epoch 106 / 300
Got 4270 / 5000 correct (85.40)
Starting epoch 107 / 300
Got 4304 / 5000 correct (86.08)
Starting epoch 108 / 300
Got 4321 / 5000 correct (86.42)
Starting epoch 109 / 300
Got 4311 / 5000 correct (86.22)
Starting epoch 110 / 300
Got 4332 / 5000 correct (86.64)
Starting epoch 111 / 300
Got 4311 / 5000 correct (86.22)
Starting epoch 112 / 300
Got 4287 / 5000 correct (85.74)
Starting epoch 113 / 300
Got 4306 / 5000 correct (86.12)
Starting epoch 114 / 300
Got 4315 / 5000 correct (86.30)
Starting epoch 115 / 300
Got 4317 / 5000 correct (86.34)
Starting epoch 116 / 300
Got 4336 / 5000 correct (86.72)
Starting epoch 117 / 300
Got 4310 / 5000 correct (86.20)
Starting epoch 118 / 300
Got 4355 / 5000 correct (87.10)
Starting epoch 119 / 300
Got 4310 / 5000 correct (86.20)
Starting epoch 120 / 300
Got 4307 / 5000 correct (86.14)
Starting epoch 121 / 300
Got 4366 / 5000 correct (87.32)
Starting epoch 122 / 300
Got 4340 / 5000 correct (86.80)
Starting epoch 123 / 300
Got 4300 / 5000 correct (86.00)
Starting epoch 124 / 300
Got 4331 / 5000 correct (86.62)
Starting epoch 125 / 300
Got 4323 / 5000 correct (86.46)
Starting epoch 126 / 300
Got 4324 / 5000 correct (86.48)
Starting epoch 127 / 300
Got 4323 / 5000 correct (86.46)
Starting epoch 128 / 300
Got 4318 / 5000 correct (86.36)
Starting epoch 129 / 300
Got 4311 / 5000 correct (86.22)
Starting epoch 130 / 300
Got 4309 / 5000 correct (86.18)
Starting epoch 131 / 300
Got 4296 / 5000 correct (85.92)
Starting epoch 132 / 300
Got 4288 / 5000 correct (85.76)
Starting epoch 133 / 300
Got 4359 / 5000 correct (87.18)
Starting epoch 134 / 300
Got 4343 / 5000 correct (86.86)
Starting epoch 135 / 300
Got 4338 / 5000 correct (86.76)
Starting epoch 136 / 300
Got 4320 / 5000 correct (86.40)
Starting epoch 137 / 300
Got 4356 / 5000 correct (87.12)
Starting epoch 138 / 300
Got 4362 / 5000 correct (87.24)
Starting epoch 139 / 300
Got 4282 / 5000 correct (85.64)
Starting epoch 140 / 300
Got 4328 / 5000 correct (86.56)
Starting epoch 141 / 300
Got 4321 / 5000 correct (86.42)
Starting epoch 142 / 300
Got 4337 / 5000 correct (86.74)
Starting epoch 143 / 300
Got 4339 / 5000 correct (86.78)
Starting epoch 144 / 300
Got 4377 / 5000 correct (87.54)
Starting epoch 145 / 300
Got 4355 / 5000 correct (87.10)
Starting epoch 146 / 300
Got 4353 / 5000 correct (87.06)
Starting epoch 147 / 300
Got 4342 / 5000 correct (86.84)
Starting epoch 148 / 300
Got 4334 / 5000 correct (86.68)
Starting epoch 149 / 300
Got 4365 / 5000 correct (87.30)
Starting epoch 150 / 300
Got 4312 / 5000 correct (86.24)
Starting epoch 151 / 300
Got 4390 / 5000 correct (87.80)
Starting epoch 152 / 300
Got 4403 / 5000 correct (88.06)
Starting epoch 153 / 300
Got 4417 / 5000 correct (88.34)
Starting epoch 154 / 300
Got 4407 / 5000 correct (88.14)
Starting epoch 155 / 300
Got 4415 / 5000 correct (88.30)
Starting epoch 156 / 300
Got 4407 / 5000 correct (88.14)
Starting epoch 157 / 300
Got 4421 / 5000 correct (88.42)
Starting epoch 158 / 300
Got 4412 / 5000 correct (88.24)
Starting epoch 159 / 300
Got 4416 / 5000 correct (88.32)
Starting epoch 160 / 300
Got 4419 / 5000 correct (88.38)
Starting epoch 161 / 300
Got 4421 / 5000 correct (88.42)
Starting epoch 162 / 300
Got 4427 / 5000 correct (88.54)
Starting epoch 163 / 300
Got 4415 / 5000 correct (88.30)
Starting epoch 164 / 300
Got 4411 / 5000 correct (88.22)
Starting epoch 165 / 300
Got 4412 / 5000 correct (88.24)
Starting epoch 166 / 300
Got 4405 / 5000 correct (88.10)
Starting epoch 167 / 300
Got 4401 / 5000 correct (88.02)
Starting epoch 168 / 300
Got 4403 / 5000 correct (88.06)
Starting epoch 169 / 300
Got 4408 / 5000 correct (88.16)
Starting epoch 170 / 300
Got 4398 / 5000 correct (87.96)
Starting epoch 171 / 300
Got 4418 / 5000 correct (88.36)
Starting epoch 172 / 300
Got 4413 / 5000 correct (88.26)
Starting epoch 173 / 300
Got 4414 / 5000 correct (88.28)
Starting epoch 174 / 300
Got 4425 / 5000 correct (88.50)
Starting epoch 175 / 300
Got 4428 / 5000 correct (88.56)
Starting epoch 176 / 300
Got 4422 / 5000 correct (88.44)
Starting epoch 177 / 300
Got 4423 / 5000 correct (88.46)
Starting epoch 178 / 300
Got 4420 / 5000 correct (88.40)
Starting epoch 179 / 300
Got 4416 / 5000 correct (88.32)
Starting epoch 180 / 300
Got 4410 / 5000 correct (88.20)
Starting epoch 181 / 300
Got 4414 / 5000 correct (88.28)
Starting epoch 182 / 300
Got 4413 / 5000 correct (88.26)
Starting epoch 183 / 300
Got 4416 / 5000 correct (88.32)
Starting epoch 184 / 300
Got 4405 / 5000 correct (88.10)
Starting epoch 185 / 300
Got 4409 / 5000 correct (88.18)
Starting epoch 186 / 300
Got 4401 / 5000 correct (88.02)
Starting epoch 187 / 300
Got 4414 / 5000 correct (88.28)
Starting epoch 188 / 300
Got 4410 / 5000 correct (88.20)
Starting epoch 189 / 300
Got 4408 / 5000 correct (88.16)
Starting epoch 190 / 300
Got 4411 / 5000 correct (88.22)
Starting epoch 191 / 300
Got 4402 / 5000 correct (88.04)
Starting epoch 192 / 300
Got 4421 / 5000 correct (88.42)
Starting epoch 193 / 300
Got 4410 / 5000 correct (88.20)
Starting epoch 194 / 300
Got 4419 / 5000 correct (88.38)
Starting epoch 195 / 300
Got 4413 / 5000 correct (88.26)
Starting epoch 196 / 300
Got 4408 / 5000 correct (88.16)
Starting epoch 197 / 300
Got 4395 / 5000 correct (87.90)
Starting epoch 198 / 300
Got 4401 / 5000 correct (88.02)
Starting epoch 199 / 300
Got 4406 / 5000 correct (88.12)
Starting epoch 200 / 300
Got 4407 / 5000 correct (88.14)
Starting epoch 201 / 300
Got 4395 / 5000 correct (87.90)
Starting epoch 202 / 300
Got 4407 / 5000 correct (88.14)
Starting epoch 203 / 300
Got 4405 / 5000 correct (88.10)
Starting epoch 204 / 300
Got 4400 / 5000 correct (88.00)
Starting epoch 205 / 300
Got 4406 / 5000 correct (88.12)
Starting epoch 206 / 300
Got 4413 / 5000 correct (88.26)
Starting epoch 207 / 300
Got 4400 / 5000 correct (88.00)
Starting epoch 208 / 300
Got 4397 / 5000 correct (87.94)
Starting epoch 209 / 300
Got 4393 / 5000 correct (87.86)
Starting epoch 210 / 300
Got 4405 / 5000 correct (88.10)
Starting epoch 211 / 300
Got 4411 / 5000 correct (88.22)
Starting epoch 212 / 300
Got 4418 / 5000 correct (88.36)
Starting epoch 213 / 300
Got 4398 / 5000 correct (87.96)
Starting epoch 214 / 300
Got 4405 / 5000 correct (88.10)
Starting epoch 215 / 300
Got 4405 / 5000 correct (88.10)
Starting epoch 216 / 300
Got 4412 / 5000 correct (88.24)
Starting epoch 217 / 300
Got 4415 / 5000 correct (88.30)
Starting epoch 218 / 300
Got 4422 / 5000 correct (88.44)
Starting epoch 219 / 300
Got 4417 / 5000 correct (88.34)
Starting epoch 220 / 300
Got 4401 / 5000 correct (88.02)
Starting epoch 221 / 300
Got 4415 / 5000 correct (88.30)
Starting epoch 222 / 300
Got 4413 / 5000 correct (88.26)
Starting epoch 223 / 300
Got 4410 / 5000 correct (88.20)
Starting epoch 224 / 300
Got 4415 / 5000 correct (88.30)
Starting epoch 225 / 300
Got 4414 / 5000 correct (88.28)
Starting epoch 226 / 300
Got 4417 / 5000 correct (88.34)
Starting epoch 227 / 300
Got 4417 / 5000 correct (88.34)
Starting epoch 228 / 300
Got 4415 / 5000 correct (88.30)
Starting epoch 229 / 300
Got 4416 / 5000 correct (88.32)
Starting epoch 230 / 300
Got 4416 / 5000 correct (88.32)
Starting epoch 231 / 300
Got 4419 / 5000 correct (88.38)
Starting epoch 232 / 300
Got 4418 / 5000 correct (88.36)
Starting epoch 233 / 300
Got 4413 / 5000 correct (88.26)
Starting epoch 234 / 300
Got 4410 / 5000 correct (88.20)
Starting epoch 235 / 300
Got 4412 / 5000 correct (88.24)
Starting epoch 236 / 300
Got 4409 / 5000 correct (88.18)
Starting epoch 237 / 300
Got 4414 / 5000 correct (88.28)
Starting epoch 238 / 300
Got 4414 / 5000 correct (88.28)
Starting epoch 239 / 300
Got 4411 / 5000 correct (88.22)
Starting epoch 240 / 300
Got 4415 / 5000 correct (88.30)
Starting epoch 241 / 300
Got 4417 / 5000 correct (88.34)
Starting epoch 242 / 300
Got 4414 / 5000 correct (88.28)
Starting epoch 243 / 300
Got 4415 / 5000 correct (88.30)
Starting epoch 244 / 300
Got 4411 / 5000 correct (88.22)
Starting epoch 245 / 300
Got 4412 / 5000 correct (88.24)
Starting epoch 246 / 300
Got 4415 / 5000 correct (88.30)
Starting epoch 247 / 300
Got 4413 / 5000 correct (88.26)
Starting epoch 248 / 300
Got 4416 / 5000 correct (88.32)
Starting epoch 249 / 300
Got 4416 / 5000 correct (88.32)
Starting epoch 250 / 300
Got 4411 / 5000 correct (88.22)
Starting epoch 251 / 300
Got 4410 / 5000 correct (88.20)
Starting epoch 252 / 300
Got 4411 / 5000 correct (88.22)
Starting epoch 253 / 300
Got 4412 / 5000 correct (88.24)
Starting epoch 254 / 300
Got 4415 / 5000 correct (88.30)
Starting epoch 255 / 300
Got 4411 / 5000 correct (88.22)
Starting epoch 256 / 300
Got 4409 / 5000 correct (88.18)
Starting epoch 257 / 300
Got 4412 / 5000 correct (88.24)
Starting epoch 258 / 300
Got 4412 / 5000 correct (88.24)
Starting epoch 259 / 300
Got 4414 / 5000 correct (88.28)
Starting epoch 260 / 300
Got 4411 / 5000 correct (88.22)
Starting epoch 261 / 300
Got 4416 / 5000 correct (88.32)
Starting epoch 262 / 300
Got 4416 / 5000 correct (88.32)
Starting epoch 263 / 300
Got 4412 / 5000 correct (88.24)
Starting epoch 264 / 300
Got 4414 / 5000 correct (88.28)
Starting epoch 265 / 300
Got 4411 / 5000 correct (88.22)
Starting epoch 266 / 300
Got 4407 / 5000 correct (88.14)
Starting epoch 267 / 300
Got 4409 / 5000 correct (88.18)
Starting epoch 268 / 300
Got 4411 / 5000 correct (88.22)
Starting epoch 269 / 300
Got 4412 / 5000 correct (88.24)
Starting epoch 270 / 300
Got 4409 / 5000 correct (88.18)
Starting epoch 271 / 300
Got 4412 / 5000 correct (88.24)
Starting epoch 272 / 300
Got 4409 / 5000 correct (88.18)
Starting epoch 273 / 300
Got 4415 / 5000 correct (88.30)
Starting epoch 274 / 300
Got 4413 / 5000 correct (88.26)
Starting epoch 275 / 300
Got 4413 / 5000 correct (88.26)
Starting epoch 276 / 300
Got 4416 / 5000 correct (88.32)
Starting epoch 277 / 300
Got 4412 / 5000 correct (88.24)
Starting epoch 278 / 300
Got 4411 / 5000 correct (88.22)
Starting epoch 279 / 300
Got 4413 / 5000 correct (88.26)
Starting epoch 280 / 300
Got 4410 / 5000 correct (88.20)
Starting epoch 281 / 300
Got 4410 / 5000 correct (88.20)
Starting epoch 282 / 300
Got 4411 / 5000 correct (88.22)
Starting epoch 283 / 300
Got 4412 / 5000 correct (88.24)
Starting epoch 284 / 300
Got 4408 / 5000 correct (88.16)
Starting epoch 285 / 300
Got 4413 / 5000 correct (88.26)
Starting epoch 286 / 300
Got 4413 / 5000 correct (88.26)
Starting epoch 287 / 300
Got 4417 / 5000 correct (88.34)
Starting epoch 288 / 300
Got 4412 / 5000 correct (88.24)
Starting epoch 289 / 300
Got 4414 / 5000 correct (88.28)
Starting epoch 290 / 300
Got 4417 / 5000 correct (88.34)
Starting epoch 291 / 300
Got 4415 / 5000 correct (88.30)
Starting epoch 292 / 300
Got 4416 / 5000 correct (88.32)
Starting epoch 293 / 300
Got 4411 / 5000 correct (88.22)
Starting epoch 294 / 300
Got 4412 / 5000 correct (88.24)
Starting epoch 295 / 300
Got 4408 / 5000 correct (88.16)
Starting epoch 296 / 300
Got 4415 / 5000 correct (88.30)
Starting epoch 297 / 300
Got 4414 / 5000 correct (88.28)
Starting epoch 298 / 300
Got 4417 / 5000 correct (88.34)
Starting epoch 299 / 300
Got 4413 / 5000 correct (88.26)
Starting epoch 300 / 300
Got 4414 / 5000 correct (88.28)
MS20_32*16d Final test accuracy:
Got 8779 / 10000 correct (87.79)


PS:

Read file <MS.err> for stderr output of this job.

